# JRE version: Java(TM) SE Runtime Environment (8.0_161-b12) (build 1.8.0_161-b12)
# Java VM: Java HotSpot(TM) 64-Bit Server VM (25.161-b12 mixed mode linux-amd64 compressed oops)
Heap:
 PSYoungGen      total 26112K, used 22172K [0x00000000ec100000, 0x00000000ee700000, 0x0000000100000000)
  eden space 14336K, 96% used [0x00000000ec100000,0x00000000ece722a8,0x00000000ecf00000)
  from space 11776K, 71% used [0x00000000ecf00000,0x00000000ed734ec8,0x00000000eda80000)
  to   space 12288K, 0% used [0x00000000edb00000,0x00000000edb00000,0x00000000ee700000)
 ParOldGen       total 40960K, used 21571K [0x00000000c4200000, 0x00000000c6a00000, 0x00000000ec100000)
  object space 40960K, 52% used [0x00000000c4200000,0x00000000c5710f18,0x00000000c6a00000)
 Metaspace       used 17683K, capacity 18446K, committed 18688K, reserved 1064960K
  class space    used 2262K, capacity 2451K, committed 2560K, reserved 1048576K
GC Heap History (10 events):
Event: 12.199 GC heap before
{Heap before GC invocations=3 (full 0):
 PSYoungGen      total 17920K, used 13547K [0x00000000ec100000, 0x00000000ee400000, 0x0000000100000000)
  eden space 15360K, 71% used [0x00000000ec100000,0x00000000ecbc2df0,0x00000000ed000000)
  from space 2560K, 98% used [0x00000000ed280000,0x00000000ed4f8060,0x00000000ed500000)
  to   space 2560K, 0% used [0x00000000ed000000,0x00000000ed000000,0x00000000ed280000)
 ParOldGen       total 40960K, used 6454K [0x00000000c4200000, 0x00000000c6a00000, 0x00000000ec100000)
  object space 40960K, 15% used [0x00000000c4200000,0x00000000c484d990,0x00000000c6a00000)
 Metaspace       used 14985K, capacity 15538K, committed 15616K, reserved 1062912K
  class space    used 2060K, capacity 2242K, committed 2304K, reserved 1048576K
Event: 12.209 GC heap after
Heap after GC invocations=3 (full 0):
 PSYoungGen      total 17920K, used 2528K [0x00000000ec100000, 0x00000000ed500000, 0x0000000100000000)
  eden space 15360K, 0% used [0x00000000ec100000,0x00000000ec100000,0x00000000ed000000)
  from space 2560K, 98% used [0x00000000ed000000,0x00000000ed278068,0x00000000ed280000)
  to   space 2560K, 0% used [0x00000000ed280000,0x00000000ed280000,0x00000000ed500000)
 ParOldGen       total 40960K, used 8579K [0x00000000c4200000, 0x00000000c6a00000, 0x00000000ec100000)
  object space 40960K, 20% used [0x00000000c4200000,0x00000000c4a60ca8,0x00000000c6a00000)
 Metaspace       used 14985K, capacity 15538K, committed 15616K, reserved 1062912K
  class space    used 2060K, capacity 2242K, committed 2304K, reserved 1048576K
}
Event: 15.991 GC heap before
{Heap before GC invocations=4 (full 0):
 PSYoungGen      total 17920K, used 13816K [0x00000000ec100000, 0x00000000ed500000, 0x0000000100000000)
  eden space 15360K, 73% used [0x00000000ec100000,0x00000000ecc06390,0x00000000ed000000)
  from space 2560K, 98% used [0x00000000ed000000,0x00000000ed278068,0x00000000ed280000)
  to   space 2560K, 0% used [0x00000000ed280000,0x00000000ed280000,0x00000000ed500000)
 ParOldGen       total 40960K, used 8579K [0x00000000c4200000, 0x00000000c6a00000, 0x00000000ec100000)
  object space 40960K, 20% used [0x00000000c4200000,0x00000000c4a60ca8,0x00000000c6a00000)
 Metaspace       used 15229K, capacity 15796K, committed 15872K, reserved 1062912K
  class space    used 2067K, capacity 2253K, committed 2304K, reserved 1048576K
Event: 16.000 GC heap after
Heap after GC invocations=4 (full 0):
 PSYoungGen      total 17920K, used 2144K [0x00000000ec100000, 0x00000000ed500000, 0x0000000100000000)
  eden space 15360K, 0% used [0x00000000ec100000,0x00000000ec100000,0x00000000ed000000)
  from space 2560K, 83% used [0x00000000ed280000,0x00000000ed498078,0x00000000ed500000)
  to   space 2560K, 0% used [0x00000000ed000000,0x00000000ed000000,0x00000000ed280000)
 ParOldGen       total 40960K, used 14911K [0x00000000c4200000, 0x00000000c6a00000, 0x00000000ec100000)
  object space 40960K, 36% used [0x00000000c4200000,0x00000000c508ffc0,0x00000000c6a00000)
 Metaspace       used 15229K, capacity 15796K, committed 15872K, reserved 1062912K
  class space    used 2067K, capacity 2253K, committed 2304K, reserved 1048576K
}
Event: 79.582 GC heap before
{Heap before GC invocations=5 (full 0):
 PSYoungGen      total 17920K, used 16850K [0x00000000ec100000, 0x00000000ed500000, 0x0000000100000000)
  eden space 15360K, 95% used [0x00000000ec100000,0x00000000ecf5cb58,0x00000000ed000000)
  from space 2560K, 83% used [0x00000000ed280000,0x00000000ed498078,0x00000000ed500000)
  to   space 2560K, 0% used [0x00000000ed000000,0x00000000ed000000,0x00000000ed280000)
 ParOldGen       total 40960K, used 14911K [0x00000000c4200000, 0x00000000c6a00000, 0x00000000ec100000)
  object space 40960K, 36% used [0x00000000c4200000,0x00000000c508ffc0,0x00000000c6a00000)
 Metaspace       used 15998K, capacity 16650K, committed 16896K, reserved 1064960K
  class space    used 2082K, capacity 2256K, committed 2304K, reserved 1048576K
Event: 79.591 GC heap after
Heap after GC invocations=5 (full 0):
 PSYoungGen      total 17920K, used 2544K [0x00000000ec100000, 0x00000000ee500000, 0x0000000100000000)
  eden space 15360K, 0% used [0x00000000ec100000,0x00000000ec100000,0x00000000ed000000)
  from space 2560K, 99% used [0x00000000ed000000,0x00000000ed27c0a8,0x00000000ed280000)
  to   space 10752K, 0% used [0x00000000eda80000,0x00000000eda80000,0x00000000ee500000)
 ParOldGen       total 40960K, used 20419K [0x00000000c4200000, 0x00000000c6a00000, 0x00000000ec100000)
  object space 40960K, 49% used [0x00000000c4200000,0x00000000c55f0ec8,0x00000000c6a00000)
 Metaspace       used 15998K, capacity 16650K, committed 16896K, reserved 1064960K
  class space    used 2082K, capacity 2256K, committed 2304K, reserved 1048576K
}
Event: 97.912 GC heap before
{Heap before GC invocations=6 (full 0):
 PSYoungGen      total 17920K, used 17904K [0x00000000ec100000, 0x00000000ee500000, 0x0000000100000000)
  eden space 15360K, 100% used [0x00000000ec100000,0x00000000ed000000,0x00000000ed000000)
  from space 2560K, 99% used [0x00000000ed000000,0x00000000ed27c0a8,0x00000000ed280000)
  to   space 10752K, 0% used [0x00000000eda80000,0x00000000eda80000,0x00000000ee500000)
 ParOldGen       total 40960K, used 20419K [0x00000000c4200000, 0x00000000c6a00000, 0x00000000ec100000)
  object space 40960K, 49% used [0x00000000c4200000,0x00000000c55f0ec8,0x00000000c6a00000)
 Metaspace       used 16731K, capacity 17428K, committed 17536K, reserved 1064960K
  class space    used 2187K, capacity 2374K, committed 2432K, reserved 1048576K
Event: 97.928 GC heap after
Heap after GC invocations=6 (full 0):
 PSYoungGen      total 25088K, used 8645K [0x00000000ec100000, 0x00000000ee700000, 0x0000000100000000)
  eden space 14336K, 0% used [0x00000000ec100000,0x00000000ec100000,0x00000000ecf00000)
  from space 10752K, 80% used [0x00000000eda80000,0x00000000ee2f1498,0x00000000ee500000)
  to   space 11776K, 0% used [0x00000000ecf00000,0x00000000ecf00000,0x00000000eda80000)
 ParOldGen       total 40960K, used 20427K [0x00000000c4200000, 0x00000000c6a00000, 0x00000000ec100000)
  object space 40960K, 49% used [0x00000000c4200000,0x00000000c55f2ec8,0x00000000c6a00000)
 Metaspace       used 16731K, capacity 17428K, committed 17536K, reserved 1064960K
  class space    used 2187K, capacity 2374K, committed 2432K, reserved 1048576K
}
Event: 139.074 GC heap before
{Heap before GC invocations=7 (full 0):
 PSYoungGen      total 25088K, used 22981K [0x00000000ec100000, 0x00000000ee700000, 0x0000000100000000)
  eden space 14336K, 100% used [0x00000000ec100000,0x00000000ecf00000,0x00000000ecf00000)
  from space 10752K, 80% used [0x00000000eda80000,0x00000000ee2f1498,0x00000000ee500000)
  to   space 11776K, 0% used [0x00000000ecf00000,0x00000000ecf00000,0x00000000eda80000)
 ParOldGen       total 40960K, used 20427K [0x00000000c4200000, 0x00000000c6a00000, 0x00000000ec100000)
  object space 40960K, 49% used [0x00000000c4200000,0x00000000c55f2ec8,0x00000000c6a00000)
 Metaspace       used 17558K, capacity 18314K, committed 18432K, reserved 1064960K
  class space    used 2261K, capacity 2451K, committed 2560K, reserved 1048576K
Event: 139.095 GC heap after
Heap after GC invocations=7 (full 0):
 PSYoungGen      total 26112K, used 8403K [0x00000000ec100000, 0x00000000ee700000, 0x0000000100000000)
  eden space 14336K, 0% used [0x00000000ec100000,0x00000000ec100000,0x00000000ecf00000)
  from space 11776K, 71% used [0x00000000ecf00000,0x00000000ed734ec8,0x00000000eda80000)
  to   space 12288K, 0% used [0x00000000edb00000,0x00000000edb00000,0x00000000ee700000)
 ParOldGen       total 40960K, used 21571K [0x00000000c4200000, 0x00000000c6a00000, 0x00000000ec100000)
  object space 40960K, 52% used [0x00000000c4200000,0x00000000c5710f18,0x00000000c6a00000)
 Metaspace       used 17558K, capacity 18314K, committed 18432K, reserved 1064960K
  class space    used 2261K, capacity 2451K, committed 2560K, reserved 1048576K
}

