# JRE version: Java(TM) SE Runtime Environment (8.0_161-b12) (build 1.8.0_161-b12)
# Java VM: Java HotSpot(TM) 64-Bit Server VM (25.161-b12 mixed mode linux-amd64 compressed oops)
Heap:
 PSYoungGen      total 26112K, used 15958K [0x00000000ec100000, 0x00000000ee700000, 0x0000000100000000)
  eden space 14336K, 70% used [0x00000000ec100000,0x00000000ecad07a0,0x00000000ecf00000)
  from space 11776K, 50% used [0x00000000edb80000,0x00000000ee145328,0x00000000ee700000)
  to   space 12288K, 0% used [0x00000000ecf00000,0x00000000ecf00000,0x00000000edb00000)
 ParOldGen       total 40960K, used 29470K [0x00000000c4200000, 0x00000000c6a00000, 0x00000000ec100000)
  object space 40960K, 71% used [0x00000000c4200000,0x00000000c5ec7960,0x00000000c6a00000)
 Metaspace       used 17880K, capacity 18656K, committed 18944K, reserved 1064960K
  class space    used 2264K, capacity 2454K, committed 2560K, reserved 1048576K
GC Heap History (10 events):
Event: 117.010 GC heap before
{Heap before GC invocations=8 (full 0):
 PSYoungGen      total 27136K, used 23124K [0x00000000ec100000, 0x00000000ee780000, 0x0000000100000000)
  eden space 14848K, 100% used [0x00000000ec100000,0x00000000ecf80000,0x00000000ecf80000)
  from space 12288K, 67% used [0x00000000ecf80000,0x00000000ed795380,0x00000000edb80000)
  to   space 12288K, 0% used [0x00000000edb80000,0x00000000edb80000,0x00000000ee780000)
 ParOldGen       total 40960K, used 21352K [0x00000000c4200000, 0x00000000c6a00000, 0x00000000ec100000)
  object space 40960K, 52% used [0x00000000c4200000,0x00000000c56da378,0x00000000c6a00000)
 Metaspace       used 17505K, capacity 18224K, committed 18432K, reserved 1064960K
  class space    used 2253K, capacity 2442K, committed 2560K, reserved 1048576K
Event: 117.019 GC heap after
Heap after GC invocations=8 (full 0):
 PSYoungGen      total 26112K, used 7828K [0x00000000ec100000, 0x00000000ee680000, 0x0000000100000000)
  eden space 14848K, 0% used [0x00000000ec100000,0x00000000ec100000,0x00000000ecf80000)
  from space 11264K, 69% used [0x00000000edb80000,0x00000000ee325348,0x00000000ee680000)
  to   space 11776K, 0% used [0x00000000ecf80000,0x00000000ecf80000,0x00000000edb00000)
 ParOldGen       total 40960K, used 22197K [0x00000000c4200000, 0x00000000c6a00000, 0x00000000ec100000)
  object space 40960K, 54% used [0x00000000c4200000,0x00000000c57ad798,0x00000000c6a00000)
 Metaspace       used 17505K, capacity 18224K, committed 18432K, reserved 1064960K
  class space    used 2253K, capacity 2442K, committed 2560K, reserved 1048576K
}
Event: 205.989 GC heap before
{Heap before GC invocations=9 (full 0):
 PSYoungGen      total 26112K, used 22676K [0x00000000ec100000, 0x00000000ee680000, 0x0000000100000000)
  eden space 14848K, 100% used [0x00000000ec100000,0x00000000ecf80000,0x00000000ecf80000)
  from space 11264K, 69% used [0x00000000edb80000,0x00000000ee325348,0x00000000ee680000)
  to   space 11776K, 0% used [0x00000000ecf80000,0x00000000ecf80000,0x00000000edb00000)
 ParOldGen       total 40960K, used 22197K [0x00000000c4200000, 0x00000000c6a00000, 0x00000000ec100000)
  object space 40960K, 54% used [0x00000000c4200000,0x00000000c57ad798,0x00000000c6a00000)
 Metaspace       used 17720K, capacity 18518K, committed 18688K, reserved 1064960K
  class space    used 2262K, capacity 2453K, committed 2560K, reserved 1048576K
Event: 206.002 GC heap after
Heap after GC invocations=9 (full 0):
 PSYoungGen      total 26624K, used 1563K [0x00000000ec100000, 0x00000000ee780000, 0x0000000100000000)
  eden space 14848K, 0% used [0x00000000ec100000,0x00000000ec100000,0x00000000ecf80000)
  from space 11776K, 13% used [0x00000000ecf80000,0x00000000ed106e68,0x00000000edb00000)
  to   space 12288K, 0% used [0x00000000edb80000,0x00000000edb80000,0x00000000ee780000)
 ParOldGen       total 40960K, used 28538K [0x00000000c4200000, 0x00000000c6a00000, 0x00000000ec100000)
  object space 40960K, 69% used [0x00000000c4200000,0x00000000c5ddeb20,0x00000000c6a00000)
 Metaspace       used 17720K, capacity 18518K, committed 18688K, reserved 1064960K
  class space    used 2262K, capacity 2453K, committed 2560K, reserved 1048576K
}
Event: 240.024 GC heap before
{Heap before GC invocations=10 (full 0):
 PSYoungGen      total 26624K, used 16411K [0x00000000ec100000, 0x00000000ee780000, 0x0000000100000000)
  eden space 14848K, 100% used [0x00000000ec100000,0x00000000ecf80000,0x00000000ecf80000)
  from space 11776K, 13% used [0x00000000ecf80000,0x00000000ed106e68,0x00000000edb00000)
  to   space 12288K, 0% used [0x00000000edb80000,0x00000000edb80000,0x00000000ee780000)
 ParOldGen       total 40960K, used 28538K [0x00000000c4200000, 0x00000000c6a00000, 0x00000000ec100000)
  object space 40960K, 69% used [0x00000000c4200000,0x00000000c5ddeb20,0x00000000c6a00000)
 Metaspace       used 17756K, capacity 18518K, committed 18688K, reserved 1064960K
  class space    used 2262K, capacity 2453K, committed 2560K, reserved 1048576K
Event: 240.030 GC heap after
Heap after GC invocations=10 (full 0):
 PSYoungGen      total 26624K, used 1474K [0x00000000ec100000, 0x00000000ee880000, 0x0000000100000000)
  eden space 14336K, 0% used [0x00000000ec100000,0x00000000ec100000,0x00000000ecf00000)
  from space 12288K, 12% used [0x00000000edb80000,0x00000000edcf0b38,0x00000000ee780000)
  to   space 12800K, 0% used [0x00000000ecf00000,0x00000000ecf00000,0x00000000edb80000)
 ParOldGen       total 40960K, used 29037K [0x00000000c4200000, 0x00000000c6a00000, 0x00000000ec100000)
  object space 40960K, 70% used [0x00000000c4200000,0x00000000c5e5b408,0x00000000c6a00000)
 Metaspace       used 17756K, capacity 18518K, committed 18688K, reserved 1064960K
  class space    used 2262K, capacity 2453K, committed 2560K, reserved 1048576K
}
Event: 1340.852 GC heap before
{Heap before GC invocations=11 (full 0):
 PSYoungGen      total 26624K, used 14582K [0x00000000ec100000, 0x00000000ee880000, 0x0000000100000000)
  eden space 14336K, 91% used [0x00000000ec100000,0x00000000ecdcce58,0x00000000ecf00000)
  from space 12288K, 12% used [0x00000000edb80000,0x00000000edcf0b38,0x00000000ee780000)
  to   space 12800K, 0% used [0x00000000ecf00000,0x00000000ecf00000,0x00000000edb80000)
 ParOldGen       total 40960K, used 29037K [0x00000000c4200000, 0x00000000c6a00000, 0x00000000ec100000)
  object space 40960K, 70% used [0x00000000c4200000,0x00000000c5e5b408,0x00000000c6a00000)
 Metaspace       used 17798K, capacity 18518K, committed 18688K, reserved 1064960K
  class space    used 2262K, capacity 2453K, committed 2560K, reserved 1048576K
Event: 1340.855 GC heap after
Heap after GC invocations=11 (full 0):
 PSYoungGen      total 27136K, used 627K [0x00000000ec100000, 0x00000000ee800000, 0x0000000100000000)
  eden space 14336K, 0% used [0x00000000ec100000,0x00000000ec100000,0x00000000ecf00000)
  from space 12800K, 4% used [0x00000000ecf00000,0x00000000ecf9cc88,0x00000000edb80000)
  to   space 12800K, 0% used [0x00000000edb80000,0x00000000edb80000,0x00000000ee800000)
 ParOldGen       total 40960K, used 29334K [0x00000000c4200000, 0x00000000c6a00000, 0x00000000ec100000)
  object space 40960K, 71% used [0x00000000c4200000,0x00000000c5ea5970,0x00000000c6a00000)
 Metaspace       used 17798K, capacity 18518K, committed 18688K, reserved 1064960K
  class space    used 2262K, capacity 2453K, committed 2560K, reserved 1048576K
}
Event: 1491.111 GC heap before
{Heap before GC invocations=12 (full 0):
 PSYoungGen      total 27136K, used 12924K [0x00000000ec100000, 0x00000000ee800000, 0x0000000100000000)
  eden space 14336K, 85% used [0x00000000ec100000,0x00000000ecd02658,0x00000000ecf00000)
  from space 12800K, 4% used [0x00000000ecf00000,0x00000000ecf9cc88,0x00000000edb80000)
  to   space 12800K, 0% used [0x00000000edb80000,0x00000000edb80000,0x00000000ee800000)
 ParOldGen       total 40960K, used 29334K [0x00000000c4200000, 0x00000000c6a00000, 0x00000000ec100000)
  object space 40960K, 71% used [0x00000000c4200000,0x00000000c5ea5970,0x00000000c6a00000)
 Metaspace       used 17844K, capacity 18588K, committed 18944K, reserved 1064960K
  class space    used 2264K, capacity 2454K, committed 2560K, reserved 1048576K
Event: 1491.114 GC heap after
Heap after GC invocations=12 (full 0):
 PSYoungGen      total 26112K, used 5908K [0x00000000ec100000, 0x00000000ee700000, 0x0000000100000000)
  eden space 14336K, 0% used [0x00000000ec100000,0x00000000ec100000,0x00000000ecf00000)
  from space 11776K, 50% used [0x00000000edb80000,0x00000000ee145328,0x00000000ee700000)
  to   space 12288K, 0% used [0x00000000ecf00000,0x00000000ecf00000,0x00000000edb00000)
 ParOldGen       total 40960K, used 29470K [0x00000000c4200000, 0x00000000c6a00000, 0x00000000ec100000)
  object space 40960K, 71% used [0x00000000c4200000,0x00000000c5ec7960,0x00000000c6a00000)
 Metaspace       used 17844K, capacity 18588K, committed 18944K, reserved 1064960K
  class space    used 2264K, capacity 2454K, committed 2560K, reserved 1048576K
}

