# JRE version: Java(TM) SE Runtime Environment (8.0_161-b12) (build 1.8.0_161-b12)
# Java VM: Java HotSpot(TM) 64-Bit Server VM (25.161-b12 mixed mode linux-amd64 compressed oops)
Heap:
 PSYoungGen      total 46592K, used 23982K [0x00000000ec100000, 0x00000000f1b00000, 0x0000000100000000)
  eden space 28160K, 23% used [0x00000000ec100000,0x00000000ec77e900,0x00000000edc80000)
  from space 18432K, 94% used [0x00000000edc80000,0x00000000eed6d128,0x00000000eee80000)
  to   space 20992K, 0% used [0x00000000f0680000,0x00000000f0680000,0x00000000f1b00000)
 ParOldGen       total 74752K, used 44807K [0x00000000c4200000, 0x00000000c8b00000, 0x00000000ec100000)
  object space 74752K, 59% used [0x00000000c4200000,0x00000000c6dc1cd0,0x00000000c8b00000)
 Metaspace       used 19306K, capacity 20196K, committed 20352K, reserved 1067008K
  class space    used 2647K, capacity 2853K, committed 2944K, reserved 1048576K
GC Heap History (10 events):
Event: 15.318 GC heap before
{Heap before GC invocations=4 (full 0):
 PSYoungGen      total 17920K, used 17888K [0x00000000ec100000, 0x00000000ed500000, 0x0000000100000000)
  eden space 15360K, 100% used [0x00000000ec100000,0x00000000ed000000,0x00000000ed000000)
  from space 2560K, 98% used [0x00000000ed000000,0x00000000ed278050,0x00000000ed280000)
  to   space 2560K, 0% used [0x00000000ed280000,0x00000000ed280000,0x00000000ed500000)
 ParOldGen       total 40960K, used 13735K [0x00000000c4200000, 0x00000000c6a00000, 0x00000000ec100000)
  object space 40960K, 33% used [0x00000000c4200000,0x00000000c4f69d38,0x00000000c6a00000)
 Metaspace       used 15819K, capacity 16456K, committed 16768K, reserved 1062912K
  class space    used 2165K, capacity 2349K, committed 2432K, reserved 1048576K
Event: 15.330 GC heap after
Heap after GC invocations=4 (full 0):
 PSYoungGen      total 17920K, used 2528K [0x00000000ec100000, 0x00000000ee400000, 0x0000000100000000)
  eden space 15360K, 0% used [0x00000000ec100000,0x00000000ec100000,0x00000000ed000000)
  from space 2560K, 98% used [0x00000000ed280000,0x00000000ed4f8030,0x00000000ed500000)
  to   space 2560K, 0% used [0x00000000ed000000,0x00000000ed000000,0x00000000ed280000)
 ParOldGen       total 40960K, used 25549K [0x00000000c4200000, 0x00000000c6a00000, 0x00000000ec100000)
  object space 40960K, 62% used [0x00000000c4200000,0x00000000c5af3548,0x00000000c6a00000)
 Metaspace       used 15819K, capacity 16456K, committed 16768K, reserved 1062912K
  class space    used 2165K, capacity 2349K, committed 2432K, reserved 1048576K
}
Event: 15.535 GC heap before
{Heap before GC invocations=5 (full 0):
 PSYoungGen      total 17920K, used 17449K [0x00000000ec100000, 0x00000000ee400000, 0x0000000100000000)
  eden space 15360K, 97% used [0x00000000ec100000,0x00000000ecf92488,0x00000000ed000000)
  from space 2560K, 98% used [0x00000000ed280000,0x00000000ed4f8030,0x00000000ed500000)
  to   space 2560K, 0% used [0x00000000ed000000,0x00000000ed000000,0x00000000ed280000)
 ParOldGen       total 40960K, used 25549K [0x00000000c4200000, 0x00000000c6a00000, 0x00000000ec100000)
  object space 40960K, 62% used [0x00000000c4200000,0x00000000c5af3548,0x00000000c6a00000)
 Metaspace       used 15951K, capacity 16662K, committed 16768K, reserved 1062912K
  class space    used 2172K, capacity 2362K, committed 2432K, reserved 1048576K
Event: 15.543 GC heap after
Heap after GC invocations=5 (full 0):
 PSYoungGen      total 17920K, used 2544K [0x00000000ec100000, 0x00000000f0600000, 0x0000000100000000)
  eden space 15360K, 0% used [0x00000000ec100000,0x00000000ec100000,0x00000000ed000000)
  from space 2560K, 99% used [0x00000000ed000000,0x00000000ed27c050,0x00000000ed280000)
  to   space 19968K, 0% used [0x00000000ef280000,0x00000000ef280000,0x00000000f0600000)
 ParOldGen       total 40960K, used 37600K [0x00000000c4200000, 0x00000000c6a00000, 0x00000000ec100000)
  object space 40960K, 91% used [0x00000000c4200000,0x00000000c66b8188,0x00000000c6a00000)
 Metaspace       used 15951K, capacity 16662K, committed 16768K, reserved 1062912K
  class space    used 2172K, capacity 2362K, committed 2432K, reserved 1048576K
}
Event: 15.543 GC heap before
{Heap before GC invocations=6 (full 1):
 PSYoungGen      total 17920K, used 2544K [0x00000000ec100000, 0x00000000f0600000, 0x0000000100000000)
  eden space 15360K, 0% used [0x00000000ec100000,0x00000000ec100000,0x00000000ed000000)
  from space 2560K, 99% used [0x00000000ed000000,0x00000000ed27c050,0x00000000ed280000)
  to   space 19968K, 0% used [0x00000000ef280000,0x00000000ef280000,0x00000000f0600000)
 ParOldGen       total 40960K, used 37600K [0x00000000c4200000, 0x00000000c6a00000, 0x00000000ec100000)
  object space 40960K, 91% used [0x00000000c4200000,0x00000000c66b8188,0x00000000c6a00000)
 Metaspace       used 15951K, capacity 16662K, committed 16768K, reserved 1062912K
  class space    used 2172K, capacity 2362K, committed 2432K, reserved 1048576K
Event: 15.608 GC heap after
Heap after GC invocations=6 (full 1):
 PSYoungGen      total 17920K, used 0K [0x00000000ec100000, 0x00000000f0600000, 0x0000000100000000)
  eden space 15360K, 0% used [0x00000000ec100000,0x00000000ec100000,0x00000000ed000000)
  from space 2560K, 0% used [0x00000000ed000000,0x00000000ed000000,0x00000000ed280000)
  to   space 19968K, 0% used [0x00000000ef280000,0x00000000ef280000,0x00000000f0600000)
 ParOldGen       total 74752K, used 39492K [0x00000000c4200000, 0x00000000c8b00000, 0x00000000ec100000)
  object space 74752K, 52% used [0x00000000c4200000,0x00000000c68913d8,0x00000000c8b00000)
 Metaspace       used 15951K, capacity 16662K, committed 16768K, reserved 1062912K
  class space    used 2172K, capacity 2362K, committed 2432K, reserved 1048576K
}
Event: 16.073 GC heap before
{Heap before GC invocations=7 (full 1):
 PSYoungGen      total 17920K, used 14663K [0x00000000ec100000, 0x00000000f0600000, 0x0000000100000000)
  eden space 15360K, 95% used [0x00000000ec100000,0x00000000ecf51d30,0x00000000ed000000)
  from space 2560K, 0% used [0x00000000ed000000,0x00000000ed000000,0x00000000ed280000)
  to   space 19968K, 0% used [0x00000000ef280000,0x00000000ef280000,0x00000000f0600000)
 ParOldGen       total 74752K, used 39492K [0x00000000c4200000, 0x00000000c8b00000, 0x00000000ec100000)
  object space 74752K, 52% used [0x00000000c4200000,0x00000000c68913d8,0x00000000c8b00000)
 Metaspace       used 17143K, capacity 17890K, committed 18048K, reserved 1064960K
  class space    used 2436K, capacity 2642K, committed 2688K, reserved 1048576K
Event: 16.080 GC heap after
Heap after GC invocations=7 (full 1):
 PSYoungGen      total 42496K, used 10485K [0x00000000ec100000, 0x00000000f0080000, 0x0000000100000000)
  eden space 28160K, 0% used [0x00000000ec100000,0x00000000ec100000,0x00000000edc80000)
  from space 14336K, 73% used [0x00000000ef280000,0x00000000efcbd530,0x00000000f0080000)
  to   space 18432K, 0% used [0x00000000edc80000,0x00000000edc80000,0x00000000eee80000)
 ParOldGen       total 74752K, used 39492K [0x00000000c4200000, 0x00000000c8b00000, 0x00000000ec100000)
  object space 74752K, 52% used [0x00000000c4200000,0x00000000c68913d8,0x00000000c8b00000)
 Metaspace       used 17143K, capacity 17890K, committed 18048K, reserved 1064960K
  class space    used 2436K, capacity 2642K, committed 2688K, reserved 1048576K
}
Event: 30.321 GC heap before
{Heap before GC invocations=8 (full 1):
 PSYoungGen      total 42496K, used 38645K [0x00000000ec100000, 0x00000000f0080000, 0x0000000100000000)
  eden space 28160K, 100% used [0x00000000ec100000,0x00000000edc80000,0x00000000edc80000)
  from space 14336K, 73% used [0x00000000ef280000,0x00000000efcbd530,0x00000000f0080000)
  to   space 18432K, 0% used [0x00000000edc80000,0x00000000edc80000,0x00000000eee80000)
 ParOldGen       total 74752K, used 39492K [0x00000000c4200000, 0x00000000c8b00000, 0x00000000ec100000)
  object space 74752K, 52% used [0x00000000c4200000,0x00000000c68913d8,0x00000000c8b00000)
 Metaspace       used 18791K, capacity 19640K, committed 19840K, reserved 1067008K
  class space    used 2637K, capacity 2841K, committed 2944K, reserved 1048576K
Event: 30.345 GC heap after
Heap after GC invocations=8 (full 1):
 PSYoungGen      total 46592K, used 17332K [0x00000000ec100000, 0x00000000f1b00000, 0x0000000100000000)
  eden space 28160K, 0% used [0x00000000ec100000,0x00000000ec100000,0x00000000edc80000)
  from space 18432K, 94% used [0x00000000edc80000,0x00000000eed6d128,0x00000000eee80000)
  to   space 20992K, 0% used [0x00000000f0680000,0x00000000f0680000,0x00000000f1b00000)
 ParOldGen       total 74752K, used 44807K [0x00000000c4200000, 0x00000000c8b00000, 0x00000000ec100000)
  object space 74752K, 59% used [0x00000000c4200000,0x00000000c6dc1cd0,0x00000000c8b00000)
 Metaspace       used 18791K, capacity 19640K, committed 19840K, reserved 1067008K
  class space    used 2637K, capacity 2841K, committed 2944K, reserved 1048576K
}

