# JRE version: Java(TM) SE Runtime Environment (8.0_161-b12) (build 1.8.0_161-b12)
# Java VM: Java HotSpot(TM) 64-Bit Server VM (25.161-b12 mixed mode linux-amd64 compressed oops)
Heap:
 PSYoungGen      total 69632K, used 59598K [0x00000000ec100000, 0x00000000f2380000, 0x0000000100000000)
  eden space 46592K, 80% used [0x00000000ec100000,0x00000000ee595a48,0x00000000eee80000)
  from space 23040K, 96% used [0x00000000f0800000,0x00000000f1d9dff0,0x00000000f1e80000)
  to   space 26112K, 0% used [0x00000000eee80000,0x00000000eee80000,0x00000000f0800000)
 ParOldGen       total 74752K, used 42032K [0x00000000c4200000, 0x00000000c8b00000, 0x00000000ec100000)
  object space 74752K, 56% used [0x00000000c4200000,0x00000000c6b0c2c0,0x00000000c8b00000)
 Metaspace       used 19941K, capacity 20834K, committed 20992K, reserved 1067008K
  class space    used 2705K, capacity 2948K, committed 3072K, reserved 1048576K
GC Heap History (10 events):
Event: 15.833 GC heap before
{Heap before GC invocations=5 (full 0):
 PSYoungGen      total 17920K, used 17435K [0x00000000ec100000, 0x00000000ee400000, 0x0000000100000000)
  eden space 15360K, 97% used [0x00000000ec100000,0x00000000ecf8ef50,0x00000000ed000000)
  from space 2560K, 98% used [0x00000000ed280000,0x00000000ed4f8050,0x00000000ed500000)
  to   space 2560K, 0% used [0x00000000ed000000,0x00000000ed000000,0x00000000ed280000)
 ParOldGen       total 40960K, used 25532K [0x00000000c4200000, 0x00000000c6a00000, 0x00000000ec100000)
  object space 40960K, 62% used [0x00000000c4200000,0x00000000c5aef2b8,0x00000000c6a00000)
 Metaspace       used 15867K, capacity 16538K, committed 16768K, reserved 1062912K
  class space    used 2171K, capacity 2362K, committed 2432K, reserved 1048576K
Event: 15.840 GC heap after
Heap after GC invocations=5 (full 0):
 PSYoungGen      total 17920K, used 2528K [0x00000000ec100000, 0x00000000f0600000, 0x0000000100000000)
  eden space 15360K, 0% used [0x00000000ec100000,0x00000000ec100000,0x00000000ed000000)
  from space 2560K, 98% used [0x00000000ed000000,0x00000000ed278030,0x00000000ed280000)
  to   space 19968K, 0% used [0x00000000ef280000,0x00000000ef280000,0x00000000f0600000)
 ParOldGen       total 40960K, used 37643K [0x00000000c4200000, 0x00000000c6a00000, 0x00000000ec100000)
  object space 40960K, 91% used [0x00000000c4200000,0x00000000c66c2f68,0x00000000c6a00000)
 Metaspace       used 15867K, capacity 16538K, committed 16768K, reserved 1062912K
  class space    used 2171K, capacity 2362K, committed 2432K, reserved 1048576K
}
Event: 15.840 GC heap before
{Heap before GC invocations=6 (full 1):
 PSYoungGen      total 17920K, used 2528K [0x00000000ec100000, 0x00000000f0600000, 0x0000000100000000)
  eden space 15360K, 0% used [0x00000000ec100000,0x00000000ec100000,0x00000000ed000000)
  from space 2560K, 98% used [0x00000000ed000000,0x00000000ed278030,0x00000000ed280000)
  to   space 19968K, 0% used [0x00000000ef280000,0x00000000ef280000,0x00000000f0600000)
 ParOldGen       total 40960K, used 37643K [0x00000000c4200000, 0x00000000c6a00000, 0x00000000ec100000)
  object space 40960K, 91% used [0x00000000c4200000,0x00000000c66c2f68,0x00000000c6a00000)
 Metaspace       used 15867K, capacity 16538K, committed 16768K, reserved 1062912K
  class space    used 2171K, capacity 2362K, committed 2432K, reserved 1048576K
Event: 15.906 GC heap after
Heap after GC invocations=6 (full 1):
 PSYoungGen      total 17920K, used 0K [0x00000000ec100000, 0x00000000f0600000, 0x0000000100000000)
  eden space 15360K, 0% used [0x00000000ec100000,0x00000000ec100000,0x00000000ed000000)
  from space 2560K, 0% used [0x00000000ed000000,0x00000000ed000000,0x00000000ed280000)
  to   space 19968K, 0% used [0x00000000ef280000,0x00000000ef280000,0x00000000f0600000)
 ParOldGen       total 74752K, used 39475K [0x00000000c4200000, 0x00000000c8b00000, 0x00000000ec100000)
  object space 74752K, 52% used [0x00000000c4200000,0x00000000c688cda0,0x00000000c8b00000)
 Metaspace       used 15867K, capacity 16538K, committed 16768K, reserved 1062912K
  class space    used 2171K, capacity 2362K, committed 2432K, reserved 1048576K
}
Event: 16.389 GC heap before
{Heap before GC invocations=7 (full 1):
 PSYoungGen      total 17920K, used 14645K [0x00000000ec100000, 0x00000000f0600000, 0x0000000100000000)
  eden space 15360K, 95% used [0x00000000ec100000,0x00000000ecf4d630,0x00000000ed000000)
  from space 2560K, 0% used [0x00000000ed000000,0x00000000ed000000,0x00000000ed280000)
  to   space 19968K, 0% used [0x00000000ef280000,0x00000000ef280000,0x00000000f0600000)
 ParOldGen       total 74752K, used 39475K [0x00000000c4200000, 0x00000000c8b00000, 0x00000000ec100000)
  object space 74752K, 52% used [0x00000000c4200000,0x00000000c688cda0,0x00000000c8b00000)
 Metaspace       used 17032K, capacity 17826K, committed 18048K, reserved 1064960K
  class space    used 2435K, capacity 2642K, committed 2688K, reserved 1048576K
Event: 16.395 GC heap after
Heap after GC invocations=7 (full 1):
 PSYoungGen      total 42496K, used 10460K [0x00000000ec100000, 0x00000000f0080000, 0x0000000100000000)
  eden space 28160K, 0% used [0x00000000ec100000,0x00000000ec100000,0x00000000edc80000)
  from space 14336K, 72% used [0x00000000ef280000,0x00000000efcb7368,0x00000000f0080000)
  to   space 18432K, 0% used [0x00000000edc80000,0x00000000edc80000,0x00000000eee80000)
 ParOldGen       total 74752K, used 39483K [0x00000000c4200000, 0x00000000c8b00000, 0x00000000ec100000)
  object space 74752K, 52% used [0x00000000c4200000,0x00000000c688eda0,0x00000000c8b00000)
 Metaspace       used 17032K, capacity 17826K, committed 18048K, reserved 1064960K
  class space    used 2435K, capacity 2642K, committed 2688K, reserved 1048576K
}
Event: 21.035 GC heap before
{Heap before GC invocations=8 (full 1):
 PSYoungGen      total 42496K, used 38620K [0x00000000ec100000, 0x00000000f0080000, 0x0000000100000000)
  eden space 28160K, 100% used [0x00000000ec100000,0x00000000edc80000,0x00000000edc80000)
  from space 14336K, 72% used [0x00000000ef280000,0x00000000efcb7368,0x00000000f0080000)
  to   space 18432K, 0% used [0x00000000edc80000,0x00000000edc80000,0x00000000eee80000)
 ParOldGen       total 74752K, used 39483K [0x00000000c4200000, 0x00000000c8b00000, 0x00000000ec100000)
  object space 74752K, 52% used [0x00000000c4200000,0x00000000c688eda0,0x00000000c8b00000)
 Metaspace       used 18171K, capacity 18972K, committed 19200K, reserved 1064960K
  class space    used 2568K, capacity 2773K, committed 2816K, reserved 1048576K
Event: 21.045 GC heap after
Heap after GC invocations=8 (full 1):
 PSYoungGen      total 46592K, used 18430K [0x00000000ec100000, 0x00000000f1e80000, 0x0000000100000000)
  eden space 28160K, 0% used [0x00000000ec100000,0x00000000ec100000,0x00000000edc80000)
  from space 18432K, 99% used [0x00000000edc80000,0x00000000eee7f870,0x00000000eee80000)
  to   space 23040K, 0% used [0x00000000f0800000,0x00000000f0800000,0x00000000f1e80000)
 ParOldGen       total 74752K, used 42024K [0x00000000c4200000, 0x00000000c8b00000, 0x00000000ec100000)
  object space 74752K, 56% used [0x00000000c4200000,0x00000000c6b0a2c0,0x00000000c8b00000)
 Metaspace       used 18171K, capacity 18972K, committed 19200K, reserved 1064960K
  class space    used 2568K, capacity 2773K, committed 2816K, reserved 1048576K
}
Event: 27.626 GC heap before
{Heap before GC invocations=9 (full 1):
 PSYoungGen      total 46592K, used 46590K [0x00000000ec100000, 0x00000000f1e80000, 0x0000000100000000)
  eden space 28160K, 100% used [0x00000000ec100000,0x00000000edc80000,0x00000000edc80000)
  from space 18432K, 99% used [0x00000000edc80000,0x00000000eee7f870,0x00000000eee80000)
  to   space 23040K, 0% used [0x00000000f0800000,0x00000000f0800000,0x00000000f1e80000)
 ParOldGen       total 74752K, used 42024K [0x00000000c4200000, 0x00000000c8b00000, 0x00000000ec100000)
  object space 74752K, 56% used [0x00000000c4200000,0x00000000c6b0a2c0,0x00000000c8b00000)
 Metaspace       used 19500K, capacity 20432K, committed 20736K, reserved 1067008K
  class space    used 2700K, capacity 2945K, committed 3072K, reserved 1048576K
Event: 27.642 GC heap after
Heap after GC invocations=9 (full 1):
 PSYoungGen      total 69632K, used 22135K [0x00000000ec100000, 0x00000000f2380000, 0x0000000100000000)
  eden space 46592K, 0% used [0x00000000ec100000,0x00000000ec100000,0x00000000eee80000)
  from space 23040K, 96% used [0x00000000f0800000,0x00000000f1d9dff0,0x00000000f1e80000)
  to   space 26112K, 0% used [0x00000000eee80000,0x00000000eee80000,0x00000000f0800000)
 ParOldGen       total 74752K, used 42032K [0x00000000c4200000, 0x00000000c8b00000, 0x00000000ec100000)
  object space 74752K, 56% used [0x00000000c4200000,0x00000000c6b0c2c0,0x00000000c8b00000)
 Metaspace       used 19500K, capacity 20432K, committed 20736K, reserved 1067008K
  class space    used 2700K, capacity 2945K, committed 3072K, reserved 1048576K
}

