# JRE version: Java(TM) SE Runtime Environment (8.0_171-b11) (build 1.8.0_171-b11)
# Java VM: Java HotSpot(TM) 64-Bit Server VM (25.171-b11 mixed mode linux-amd64 compressed oops)
Heap:
 PSYoungGen      total 38400K, used 20460K [0x00000000ec100000, 0x00000000ef800000, 0x0000000100000000)
  eden space 22528K, 35% used [0x00000000ec100000,0x00000000ec8cacb0,0x00000000ed700000)
  from space 15872K, 78% used [0x00000000ee780000,0x00000000ef3b05f8,0x00000000ef700000)
  to   space 16896K, 0% used [0x00000000ed700000,0x00000000ed700000,0x00000000ee780000)
 ParOldGen       total 69632K, used 33903K [0x00000000c4200000, 0x00000000c8600000, 0x00000000ec100000)
  object space 69632K, 48% used [0x00000000c4200000,0x00000000c631bfa0,0x00000000c8600000)
 Metaspace       used 19856K, capacity 20846K, committed 20992K, reserved 1067008K
  class space    used 2701K, capacity 2948K, committed 3072K, reserved 1048576K
GC Heap History (10 events):
Event: 11.765 GC heap before
{Heap before GC invocations=5 (full 0):
 PSYoungGen      total 17920K, used 16927K [0x00000000ec100000, 0x00000000ed500000, 0x0000000100000000)
  eden space 15360K, 93% used [0x00000000ec100000,0x00000000ecf0fd80,0x00000000ed000000)
  from space 2560K, 98% used [0x00000000ed280000,0x00000000ed4f8030,0x00000000ed500000)
  to   space 2560K, 0% used [0x00000000ed000000,0x00000000ed000000,0x00000000ed280000)
 ParOldGen       total 40960K, used 25654K [0x00000000c4200000, 0x00000000c6a00000, 0x00000000ec100000)
  object space 40960K, 62% used [0x00000000c4200000,0x00000000c5b0dad8,0x00000000c6a00000)
 Metaspace       used 17228K, capacity 17980K, committed 18048K, reserved 1064960K
  class space    used 2451K, capacity 2645K, committed 2688K, reserved 1048576K
Event: 11.778 GC heap after
Heap after GC invocations=5 (full 0):
 PSYoungGen      total 17920K, used 2544K [0x00000000ec100000, 0x00000000eef00000, 0x0000000100000000)
  eden space 15360K, 0% used [0x00000000ec100000,0x00000000ec100000,0x00000000ed000000)
  from space 2560K, 99% used [0x00000000ed000000,0x00000000ed27c058,0x00000000ed280000)
  to   space 15872K, 0% used [0x00000000edf80000,0x00000000edf80000,0x00000000eef00000)
 ParOldGen       total 40960K, used 32098K [0x00000000c4200000, 0x00000000c6a00000, 0x00000000ec100000)
  object space 40960K, 78% used [0x00000000c4200000,0x00000000c6158850,0x00000000c6a00000)
 Metaspace       used 17228K, capacity 17980K, committed 18048K, reserved 1064960K
  class space    used 2451K, capacity 2645K, committed 2688K, reserved 1048576K
}
Event: 11.778 GC heap before
{Heap before GC invocations=6 (full 1):
 PSYoungGen      total 17920K, used 2544K [0x00000000ec100000, 0x00000000eef00000, 0x0000000100000000)
  eden space 15360K, 0% used [0x00000000ec100000,0x00000000ec100000,0x00000000ed000000)
  from space 2560K, 99% used [0x00000000ed000000,0x00000000ed27c058,0x00000000ed280000)
  to   space 15872K, 0% used [0x00000000edf80000,0x00000000edf80000,0x00000000eef00000)
 ParOldGen       total 40960K, used 32098K [0x00000000c4200000, 0x00000000c6a00000, 0x00000000ec100000)
  object space 40960K, 78% used [0x00000000c4200000,0x00000000c6158850,0x00000000c6a00000)
 Metaspace       used 17228K, capacity 17980K, committed 18048K, reserved 1064960K
  class space    used 2451K, capacity 2645K, committed 2688K, reserved 1048576K
Event: 11.865 GC heap after
Heap after GC invocations=6 (full 1):
 PSYoungGen      total 17920K, used 0K [0x00000000ec100000, 0x00000000eef00000, 0x0000000100000000)
  eden space 15360K, 0% used [0x00000000ec100000,0x00000000ec100000,0x00000000ed000000)
  from space 2560K, 0% used [0x00000000ed000000,0x00000000ed000000,0x00000000ed280000)
  to   space 15872K, 0% used [0x00000000edf80000,0x00000000edf80000,0x00000000eef00000)
 ParOldGen       total 69632K, used 33887K [0x00000000c4200000, 0x00000000c8600000, 0x00000000ec100000)
  object space 69632K, 48% used [0x00000000c4200000,0x00000000c6317fa0,0x00000000c8600000)
 Metaspace       used 17228K, capacity 17980K, committed 18048K, reserved 1064960K
  class space    used 2451K, capacity 2645K, committed 2688K, reserved 1048576K
}
Event: 19.151 GC heap before
{Heap before GC invocations=7 (full 1):
 PSYoungGen      total 17920K, used 15277K [0x00000000ec100000, 0x00000000eef00000, 0x0000000100000000)
  eden space 15360K, 99% used [0x00000000ec100000,0x00000000ecfeb738,0x00000000ed000000)
  from space 2560K, 0% used [0x00000000ed000000,0x00000000ed000000,0x00000000ed280000)
  to   space 15872K, 0% used [0x00000000edf80000,0x00000000edf80000,0x00000000eef00000)
 ParOldGen       total 69632K, used 33887K [0x00000000c4200000, 0x00000000c8600000, 0x00000000ec100000)
  object space 69632K, 48% used [0x00000000c4200000,0x00000000c6317fa0,0x00000000c8600000)
 Metaspace       used 18105K, capacity 18920K, committed 19200K, reserved 1064960K
  class space    used 2571K, capacity 2773K, committed 2816K, reserved 1048576K
Event: 19.156 GC heap after
Heap after GC invocations=7 (full 1):
 PSYoungGen      total 31744K, used 7645K [0x00000000ec100000, 0x00000000ef580000, 0x0000000100000000)
  eden space 15872K, 0% used [0x00000000ec100000,0x00000000ec100000,0x00000000ed080000)
  from space 15872K, 48% used [0x00000000edf80000,0x00000000ee6f75e8,0x00000000eef00000)
  to   space 15360K, 0% used [0x00000000ed080000,0x00000000ed080000,0x00000000edf80000)
 ParOldGen       total 69632K, used 33887K [0x00000000c4200000, 0x00000000c8600000, 0x00000000ec100000)
  object space 69632K, 48% used [0x00000000c4200000,0x00000000c6317fa0,0x00000000c8600000)
 Metaspace       used 18105K, capacity 18920K, committed 19200K, reserved 1064960K
  class space    used 2571K, capacity 2773K, committed 2816K, reserved 1048576K
}
Event: 26.541 GC heap before
{Heap before GC invocations=8 (full 1):
 PSYoungGen      total 31744K, used 23517K [0x00000000ec100000, 0x00000000ef580000, 0x0000000100000000)
  eden space 15872K, 100% used [0x00000000ec100000,0x00000000ed080000,0x00000000ed080000)
  from space 15872K, 48% used [0x00000000edf80000,0x00000000ee6f75e8,0x00000000eef00000)
  to   space 15360K, 0% used [0x00000000ed080000,0x00000000ed080000,0x00000000edf80000)
 ParOldGen       total 69632K, used 33887K [0x00000000c4200000, 0x00000000c8600000, 0x00000000ec100000)
  object space 69632K, 48% used [0x00000000c4200000,0x00000000c6317fa0,0x00000000c8600000)
 Metaspace       used 19291K, capacity 20218K, committed 20352K, reserved 1067008K
  class space    used 2695K, capacity 2942K, committed 2944K, reserved 1048576K
Event: 26.562 GC heap after
Heap after GC invocations=8 (full 1):
 PSYoungGen      total 31232K, used 12191K [0x00000000ec100000, 0x00000000ef700000, 0x0000000100000000)
  eden space 15872K, 0% used [0x00000000ec100000,0x00000000ec100000,0x00000000ed080000)
  from space 15360K, 79% used [0x00000000ed080000,0x00000000edc67e80,0x00000000edf80000)
  to   space 15872K, 0% used [0x00000000ee780000,0x00000000ee780000,0x00000000ef700000)
 ParOldGen       total 69632K, used 33895K [0x00000000c4200000, 0x00000000c8600000, 0x00000000ec100000)
  object space 69632K, 48% used [0x00000000c4200000,0x00000000c6319fa0,0x00000000c8600000)
 Metaspace       used 19291K, capacity 20218K, committed 20352K, reserved 1067008K
  class space    used 2695K, capacity 2942K, committed 2944K, reserved 1048576K
}
Event: 38.657 GC heap before
{Heap before GC invocations=9 (full 1):
 PSYoungGen      total 31232K, used 28063K [0x00000000ec100000, 0x00000000ef700000, 0x0000000100000000)
  eden space 15872K, 100% used [0x00000000ec100000,0x00000000ed080000,0x00000000ed080000)
  from space 15360K, 79% used [0x00000000ed080000,0x00000000edc67e80,0x00000000edf80000)
  to   space 15872K, 0% used [0x00000000ee780000,0x00000000ee780000,0x00000000ef700000)
 ParOldGen       total 69632K, used 33895K [0x00000000c4200000, 0x00000000c8600000, 0x00000000ec100000)
  object space 69632K, 48% used [0x00000000c4200000,0x00000000c6319fa0,0x00000000c8600000)
 Metaspace       used 19768K, capacity 20712K, committed 20992K, reserved 1067008K
  class space    used 2700K, capacity 2947K, committed 3072K, reserved 1048576K
Event: 38.669 GC heap after
Heap after GC invocations=9 (full 1):
 PSYoungGen      total 38400K, used 12481K [0x00000000ec100000, 0x00000000ef800000, 0x0000000100000000)
  eden space 22528K, 0% used [0x00000000ec100000,0x00000000ec100000,0x00000000ed700000)
  from space 15872K, 78% used [0x00000000ee780000,0x00000000ef3b05f8,0x00000000ef700000)
  to   space 16896K, 0% used [0x00000000ed700000,0x00000000ed700000,0x00000000ee780000)
 ParOldGen       total 69632K, used 33903K [0x00000000c4200000, 0x00000000c8600000, 0x00000000ec100000)
  object space 69632K, 48% used [0x00000000c4200000,0x00000000c631bfa0,0x00000000c8600000)
 Metaspace       used 19768K, capacity 20712K, committed 20992K, reserved 1067008K
  class space    used 2700K, capacity 2947K, committed 3072K, reserved 1048576K
}

