# JRE version: Java(TM) SE Runtime Environment (8.0_161-b12) (build 1.8.0_161-b12)
# Java VM: Java HotSpot(TM) 64-Bit Server VM (25.161-b12 mixed mode linux-amd64 compressed oops)
Heap:
 PSYoungGen      total 39936K, used 18789K [0x00000000ec100000, 0x00000000f0280000, 0x0000000100000000)
  eden space 23552K, 29% used [0x00000000ec100000,0x00000000ec7e57a8,0x00000000ed800000)
  from space 16384K, 71% used [0x00000000ed800000,0x00000000ee373fe0,0x00000000ee800000)
  to   space 16384K, 0% used [0x00000000ef280000,0x00000000ef280000,0x00000000f0280000)
 ParOldGen       total 65024K, used 36340K [0x00000000c4200000, 0x00000000c8180000, 0x00000000ec100000)
  object space 65024K, 55% used [0x00000000c4200000,0x00000000c657d2e8,0x00000000c8180000)
 Metaspace       used 19061K, capacity 19984K, committed 20096K, reserved 1067008K
  class space    used 2629K, capacity 2869K, committed 2944K, reserved 1048576K
GC Heap History (10 events):
Event: 4.534 GC heap before
{Heap before GC invocations=4 (full 0):
 PSYoungGen      total 17920K, used 17888K [0x00000000ec100000, 0x00000000ed500000, 0x0000000100000000)
  eden space 15360K, 100% used [0x00000000ec100000,0x00000000ed000000,0x00000000ed000000)
  from space 2560K, 98% used [0x00000000ed000000,0x00000000ed278040,0x00000000ed280000)
  to   space 2560K, 0% used [0x00000000ed280000,0x00000000ed280000,0x00000000ed500000)
 ParOldGen       total 40960K, used 14530K [0x00000000c4200000, 0x00000000c6a00000, 0x00000000ec100000)
  object space 40960K, 35% used [0x00000000c4200000,0x00000000c50308d8,0x00000000c6a00000)
 Metaspace       used 15042K, capacity 15652K, committed 15872K, reserved 1062912K
  class space    used 2091K, capacity 2281K, committed 2304K, reserved 1048576K
Event: 4.545 GC heap after
Heap after GC invocations=4 (full 0):
 PSYoungGen      total 17920K, used 2544K [0x00000000ec100000, 0x00000000ee400000, 0x0000000100000000)
  eden space 15360K, 0% used [0x00000000ec100000,0x00000000ec100000,0x00000000ed000000)
  from space 2560K, 99% used [0x00000000ed280000,0x00000000ed4fc030,0x00000000ed500000)
  to   space 2560K, 0% used [0x00000000ed000000,0x00000000ed000000,0x00000000ed280000)
 ParOldGen       total 40960K, used 26322K [0x00000000c4200000, 0x00000000c6a00000, 0x00000000ec100000)
  object space 40960K, 64% used [0x00000000c4200000,0x00000000c5bb48e8,0x00000000c6a00000)
 Metaspace       used 15042K, capacity 15652K, committed 15872K, reserved 1062912K
  class space    used 2091K, capacity 2281K, committed 2304K, reserved 1048576K
}
Event: 4.545 GC heap before
{Heap before GC invocations=5 (full 1):
 PSYoungGen      total 17920K, used 2544K [0x00000000ec100000, 0x00000000ee400000, 0x0000000100000000)
  eden space 15360K, 0% used [0x00000000ec100000,0x00000000ec100000,0x00000000ed000000)
  from space 2560K, 99% used [0x00000000ed280000,0x00000000ed4fc030,0x00000000ed500000)
  to   space 2560K, 0% used [0x00000000ed000000,0x00000000ed000000,0x00000000ed280000)
 ParOldGen       total 40960K, used 26322K [0x00000000c4200000, 0x00000000c6a00000, 0x00000000ec100000)
  object space 40960K, 64% used [0x00000000c4200000,0x00000000c5bb48e8,0x00000000c6a00000)
 Metaspace       used 15042K, capacity 15652K, committed 15872K, reserved 1062912K
  class space    used 2091K, capacity 2281K, committed 2304K, reserved 1048576K
Event: 4.597 GC heap after
Heap after GC invocations=5 (full 1):
 PSYoungGen      total 17920K, used 0K [0x00000000ec100000, 0x00000000ee400000, 0x0000000100000000)
  eden space 15360K, 0% used [0x00000000ec100000,0x00000000ec100000,0x00000000ed000000)
  from space 2560K, 0% used [0x00000000ed280000,0x00000000ed280000,0x00000000ed500000)
  to   space 2560K, 0% used [0x00000000ed000000,0x00000000ed000000,0x00000000ed280000)
 ParOldGen       total 65024K, used 28580K [0x00000000c4200000, 0x00000000c8180000, 0x00000000ec100000)
  object space 65024K, 43% used [0x00000000c4200000,0x00000000c5de91f8,0x00000000c8180000)
 Metaspace       used 15042K, capacity 15652K, committed 15872K, reserved 1062912K
  class space    used 2091K, capacity 2281K, committed 2304K, reserved 1048576K
}
Event: 7.776 GC heap before
{Heap before GC invocations=6 (full 1):
 PSYoungGen      total 17920K, used 15360K [0x00000000ec100000, 0x00000000ee400000, 0x0000000100000000)
  eden space 15360K, 100% used [0x00000000ec100000,0x00000000ed000000,0x00000000ed000000)
  from space 2560K, 0% used [0x00000000ed280000,0x00000000ed280000,0x00000000ed500000)
  to   space 2560K, 0% used [0x00000000ed000000,0x00000000ed000000,0x00000000ed280000)
 ParOldGen       total 65024K, used 28580K [0x00000000c4200000, 0x00000000c8180000, 0x00000000ec100000)
  object space 65024K, 43% used [0x00000000c4200000,0x00000000c5de91f8,0x00000000c8180000)
 Metaspace       used 16393K, capacity 17142K, committed 17280K, reserved 1064960K
  class space    used 2369K, capacity 2570K, committed 2688K, reserved 1048576K
Event: 7.782 GC heap after
Heap after GC invocations=6 (full 1):
 PSYoungGen      total 17920K, used 2528K [0x00000000ec100000, 0x00000000efb00000, 0x0000000100000000)
  eden space 15360K, 0% used [0x00000000ec100000,0x00000000ec100000,0x00000000ed000000)
  from space 2560K, 98% used [0x00000000ed000000,0x00000000ed278038,0x00000000ed280000)
  to   space 17408K, 0% used [0x00000000eea00000,0x00000000eea00000,0x00000000efb00000)
 ParOldGen       total 65024K, used 36324K [0x00000000c4200000, 0x00000000c8180000, 0x00000000ec100000)
  object space 65024K, 55% used [0x00000000c4200000,0x00000000c65792e8,0x00000000c8180000)
 Metaspace       used 16393K, capacity 17142K, committed 17280K, reserved 1064960K
  class space    used 2369K, capacity 2570K, committed 2688K, reserved 1048576K
}
Event: 13.644 GC heap before
{Heap before GC invocations=7 (full 1):
 PSYoungGen      total 17920K, used 17273K [0x00000000ec100000, 0x00000000efb00000, 0x0000000100000000)
  eden space 15360K, 95% used [0x00000000ec100000,0x00000000ecf664d0,0x00000000ed000000)
  from space 2560K, 98% used [0x00000000ed000000,0x00000000ed278038,0x00000000ed280000)
  to   space 17408K, 0% used [0x00000000eea00000,0x00000000eea00000,0x00000000efb00000)
 ParOldGen       total 65024K, used 36324K [0x00000000c4200000, 0x00000000c8180000, 0x00000000ec100000)
  object space 65024K, 55% used [0x00000000c4200000,0x00000000c65792e8,0x00000000c8180000)
 Metaspace       used 17539K, capacity 18354K, committed 18688K, reserved 1064960K
  class space    used 2507K, capacity 2700K, committed 2816K, reserved 1048576K
Event: 13.651 GC heap after
Heap after GC invocations=7 (full 1):
 PSYoungGen      total 37888K, used 9451K [0x00000000ec100000, 0x00000000ef800000, 0x0000000100000000)
  eden space 23552K, 0% used [0x00000000ec100000,0x00000000ec100000,0x00000000ed800000)
  from space 14336K, 65% used [0x00000000eea00000,0x00000000ef33af88,0x00000000ef800000)
  to   space 16384K, 0% used [0x00000000ed800000,0x00000000ed800000,0x00000000ee800000)
 ParOldGen       total 65024K, used 36332K [0x00000000c4200000, 0x00000000c8180000, 0x00000000ec100000)
  object space 65024K, 55% used [0x00000000c4200000,0x00000000c657b2e8,0x00000000c8180000)
 Metaspace       used 17539K, capacity 18354K, committed 18688K, reserved 1064960K
  class space    used 2507K, capacity 2700K, committed 2816K, reserved 1048576K
}
Event: 22.766 GC heap before
{Heap before GC invocations=8 (full 1):
 PSYoungGen      total 37888K, used 33003K [0x00000000ec100000, 0x00000000ef800000, 0x0000000100000000)
  eden space 23552K, 100% used [0x00000000ec100000,0x00000000ed800000,0x00000000ed800000)
  from space 14336K, 65% used [0x00000000eea00000,0x00000000ef33af88,0x00000000ef800000)
  to   space 16384K, 0% used [0x00000000ed800000,0x00000000ed800000,0x00000000ee800000)
 ParOldGen       total 65024K, used 36332K [0x00000000c4200000, 0x00000000c8180000, 0x00000000ec100000)
  object space 65024K, 55% used [0x00000000c4200000,0x00000000c657b2e8,0x00000000c8180000)
 Metaspace       used 18862K, capacity 19720K, committed 19840K, reserved 1067008K
  class space    used 2629K, capacity 2869K, committed 2944K, reserved 1048576K
Event: 22.780 GC heap after
Heap after GC invocations=8 (full 1):
 PSYoungGen      total 39936K, used 11727K [0x00000000ec100000, 0x00000000f0280000, 0x0000000100000000)
  eden space 23552K, 0% used [0x00000000ec100000,0x00000000ec100000,0x00000000ed800000)
  from space 16384K, 71% used [0x00000000ed800000,0x00000000ee373fe0,0x00000000ee800000)
  to   space 16384K, 0% used [0x00000000ef280000,0x00000000ef280000,0x00000000f0280000)
 ParOldGen       total 65024K, used 36340K [0x00000000c4200000, 0x00000000c8180000, 0x00000000ec100000)
  object space 65024K, 55% used [0x00000000c4200000,0x00000000c657d2e8,0x00000000c8180000)
 Metaspace       used 18862K, capacity 19720K, committed 19840K, reserved 1067008K
  class space    used 2629K, capacity 2869K, committed 2944K, reserved 1048576K
}

