# JRE version: Java(TM) SE Runtime Environment (8.0_161-b12) (build 1.8.0_161-b12)
# Java VM: Java HotSpot(TM) 64-Bit Server VM (25.161-b12 mixed mode linux-amd64 compressed oops)
Heap:
 PSYoungGen      total 88064K, used 42585K [0x00000000ec100000, 0x00000000f3d00000, 0x0000000100000000)
  eden space 52224K, 81% used [0x00000000ec100000,0x00000000eea96558,0x00000000ef400000)
  from space 35840K, 0% used [0x00000000ef580000,0x00000000ef580000,0x00000000f1880000)
  to   space 37376K, 0% used [0x00000000f1880000,0x00000000f1880000,0x00000000f3d00000)
 ParOldGen       total 135168K, used 92835K [0x00000000c4200000, 0x00000000cc600000, 0x00000000ec100000)
  object space 135168K, 68% used [0x00000000c4200000,0x00000000c9ca8e78,0x00000000cc600000)
 Metaspace       used 20693K, capacity 21626K, committed 21888K, reserved 1069056K
  class space    used 2668K, capacity 2940K, committed 2944K, reserved 1048576K
GC Heap History (10 events):
Event: 338.048 GC heap before
{Heap before GC invocations=17 (full 3):
 PSYoungGen      total 92160K, used 15584K [0x00000000ec100000, 0x00000000f4280000, 0x0000000100000000)
  eden space 57856K, 0% used [0x00000000ec100000,0x00000000ec100000,0x00000000ef980000)
  from space 34304K, 45% used [0x00000000f2100000,0x00000000f3038310,0x00000000f4280000)
  to   space 37376K, 0% used [0x00000000ef980000,0x00000000ef980000,0x00000000f1e00000)
 ParOldGen       total 102400K, used 101196K [0x00000000c4200000, 0x00000000ca600000, 0x00000000ec100000)
  object space 102400K, 98% used [0x00000000c4200000,0x00000000ca4d30b0,0x00000000ca600000)
 Metaspace       used 20278K, capacity 21204K, committed 21376K, reserved 1067008K
  class space    used 2664K, capacity 2935K, committed 2944K, reserved 1048576K
Event: 338.136 GC heap after
Heap after GC invocations=17 (full 3):
 PSYoungGen      total 92160K, used 0K [0x00000000ec100000, 0x00000000f4280000, 0x0000000100000000)
  eden space 57856K, 0% used [0x00000000ec100000,0x00000000ec100000,0x00000000ef980000)
  from space 34304K, 0% used [0x00000000f2100000,0x00000000f2100000,0x00000000f4280000)
  to   space 37376K, 0% used [0x00000000ef980000,0x00000000ef980000,0x00000000f1e00000)
 ParOldGen       total 127488K, used 86794K [0x00000000c4200000, 0x00000000cbe80000, 0x00000000ec100000)
  object space 127488K, 68% used [0x00000000c4200000,0x00000000c96c2808,0x00000000cbe80000)
 Metaspace       used 20278K, capacity 21204K, committed 21376K, reserved 1067008K
  class space    used 2664K, capacity 2935K, committed 2944K, reserved 1048576K
}
Event: 391.699 GC heap before
{Heap before GC invocations=18 (full 3):
 PSYoungGen      total 92160K, used 57320K [0x00000000ec100000, 0x00000000f4280000, 0x0000000100000000)
  eden space 57856K, 99% used [0x00000000ec100000,0x00000000ef8fa110,0x00000000ef980000)
  from space 34304K, 0% used [0x00000000f2100000,0x00000000f2100000,0x00000000f4280000)
  to   space 37376K, 0% used [0x00000000ef980000,0x00000000ef980000,0x00000000f1e00000)
 ParOldGen       total 127488K, used 86794K [0x00000000c4200000, 0x00000000cbe80000, 0x00000000ec100000)
  object space 127488K, 68% used [0x00000000c4200000,0x00000000c96c2808,0x00000000cbe80000)
 Metaspace       used 20418K, capacity 21338K, committed 21376K, reserved 1067008K
  class space    used 2665K, capacity 2936K, committed 2944K, reserved 1048576K
Event: 391.704 GC heap after
Heap after GC invocations=18 (full 3):
 PSYoungGen      total 67072K, used 10911K [0x00000000ec100000, 0x00000000f3d80000, 0x0000000100000000)
  eden space 55808K, 0% used [0x00000000ec100000,0x00000000ec100000,0x00000000ef780000)
  from space 11264K, 96% used [0x00000000ef980000,0x00000000f0427df0,0x00000000f0480000)
  to   space 35840K, 0% used [0x00000000f1a80000,0x00000000f1a80000,0x00000000f3d80000)
 ParOldGen       total 127488K, used 86802K [0x00000000c4200000, 0x00000000cbe80000, 0x00000000ec100000)
  object space 127488K, 68% used [0x00000000c4200000,0x00000000c96c4808,0x00000000cbe80000)
 Metaspace       used 20418K, capacity 21338K, committed 21376K, reserved 1067008K
  class space    used 2665K, capacity 2936K, committed 2944K, reserved 1048576K
}
Event: 434.149 GC heap before
{Heap before GC invocations=19 (full 3):
 PSYoungGen      total 67072K, used 66719K [0x00000000ec100000, 0x00000000f3d80000, 0x0000000100000000)
  eden space 55808K, 100% used [0x00000000ec100000,0x00000000ef780000,0x00000000ef780000)
  from space 11264K, 96% used [0x00000000ef980000,0x00000000f0427df0,0x00000000f0480000)
  to   space 35840K, 0% used [0x00000000f1a80000,0x00000000f1a80000,0x00000000f3d80000)
 ParOldGen       total 127488K, used 86802K [0x00000000c4200000, 0x00000000cbe80000, 0x00000000ec100000)
  object space 127488K, 68% used [0x00000000c4200000,0x00000000c96c4808,0x00000000cbe80000)
 Metaspace       used 20556K, capacity 21486K, committed 21632K, reserved 1069056K
  class space    used 2666K, capacity 2938K, committed 2944K, reserved 1048576K
Event: 434.164 GC heap after
Heap after GC invocations=19 (full 3):
 PSYoungGen      total 87552K, used 19808K [0x00000000ec100000, 0x00000000f3b80000, 0x0000000100000000)
  eden space 53760K, 0% used [0x00000000ec100000,0x00000000ec100000,0x00000000ef580000)
  from space 33792K, 58% used [0x00000000f1a80000,0x00000000f2dd83b8,0x00000000f3b80000)
  to   space 35840K, 0% used [0x00000000ef580000,0x00000000ef580000,0x00000000f1880000)
 ParOldGen       total 127488K, used 94336K [0x00000000c4200000, 0x00000000cbe80000, 0x00000000ec100000)
  object space 127488K, 73% used [0x00000000c4200000,0x00000000c9e20338,0x00000000cbe80000)
 Metaspace       used 20556K, capacity 21486K, committed 21632K, reserved 1069056K
  class space    used 2666K, capacity 2938K, committed 2944K, reserved 1048576K
}
Event: 468.501 GC heap before
{Heap before GC invocations=20 (full 3):
 PSYoungGen      total 87552K, used 72888K [0x00000000ec100000, 0x00000000f3b80000, 0x0000000100000000)
  eden space 53760K, 98% used [0x00000000ec100000,0x00000000ef4d5f80,0x00000000ef580000)
  from space 33792K, 58% used [0x00000000f1a80000,0x00000000f2dd83b8,0x00000000f3b80000)
  to   space 35840K, 0% used [0x00000000ef580000,0x00000000ef580000,0x00000000f1880000)
 ParOldGen       total 127488K, used 94336K [0x00000000c4200000, 0x00000000cbe80000, 0x00000000ec100000)
  object space 127488K, 73% used [0x00000000c4200000,0x00000000c9e20338,0x00000000cbe80000)
 Metaspace       used 20621K, capacity 21556K, committed 21632K, reserved 1069056K
  class space    used 2667K, capacity 2939K, committed 2944K, reserved 1048576K
Event: 468.516 GC heap after
Heap after GC invocations=20 (full 3):
 PSYoungGen      total 88064K, used 25883K [0x00000000ec100000, 0x00000000f3d00000, 0x0000000100000000)
  eden space 52224K, 0% used [0x00000000ec100000,0x00000000ec100000,0x00000000ef400000)
  from space 35840K, 72% used [0x00000000ef580000,0x00000000f0ec6d20,0x00000000f1880000)
  to   space 37376K, 0% used [0x00000000f1880000,0x00000000f1880000,0x00000000f3d00000)
 ParOldGen       total 127488K, used 112068K [0x00000000c4200000, 0x00000000cbe80000, 0x00000000ec100000)
  object space 127488K, 87% used [0x00000000c4200000,0x00000000caf710d0,0x00000000cbe80000)
 Metaspace       used 20621K, capacity 21556K, committed 21632K, reserved 1069056K
  class space    used 2667K, capacity 2939K, committed 2944K, reserved 1048576K
}
Event: 468.516 GC heap before
{Heap before GC invocations=21 (full 4):
 PSYoungGen      total 88064K, used 25883K [0x00000000ec100000, 0x00000000f3d00000, 0x0000000100000000)
  eden space 52224K, 0% used [0x00000000ec100000,0x00000000ec100000,0x00000000ef400000)
  from space 35840K, 72% used [0x00000000ef580000,0x00000000f0ec6d20,0x00000000f1880000)
  to   space 37376K, 0% used [0x00000000f1880000,0x00000000f1880000,0x00000000f3d00000)
 ParOldGen       total 127488K, used 112068K [0x00000000c4200000, 0x00000000cbe80000, 0x00000000ec100000)
  object space 127488K, 87% used [0x00000000c4200000,0x00000000caf710d0,0x00000000cbe80000)
 Metaspace       used 20621K, capacity 21556K, committed 21632K, reserved 1069056K
  class space    used 2667K, capacity 2939K, committed 2944K, reserved 1048576K
Event: 468.583 GC heap after
Heap after GC invocations=21 (full 4):
 PSYoungGen      total 88064K, used 0K [0x00000000ec100000, 0x00000000f3d00000, 0x0000000100000000)
  eden space 52224K, 0% used [0x00000000ec100000,0x00000000ec100000,0x00000000ef400000)
  from space 35840K, 0% used [0x00000000ef580000,0x00000000ef580000,0x00000000f1880000)
  to   space 37376K, 0% used [0x00000000f1880000,0x00000000f1880000,0x00000000f3d00000)
 ParOldGen       total 135168K, used 92835K [0x00000000c4200000, 0x00000000cc600000, 0x00000000ec100000)
  object space 135168K, 68% used [0x00000000c4200000,0x00000000c9ca8e78,0x00000000cc600000)
 Metaspace       used 20621K, capacity 21556K, committed 21632K, reserved 1069056K
  class space    used 2667K, capacity 2939K, committed 2944K, reserved 1048576K
}

