# JRE version: Java(TM) SE Runtime Environment (8.0_161-b12) (build 1.8.0_161-b12)
# Java VM: Java HotSpot(TM) 64-Bit Server VM (25.161-b12 mixed mode linux-amd64 compressed oops)
Heap:
 PSYoungGen      total 50688K, used 26964K [0x00000000ec100000, 0x00000000f0c00000, 0x0000000100000000)
  eden space 27648K, 97% used [0x00000000ec100000,0x00000000edb551f8,0x00000000edc00000)
  from space 23040K, 0% used [0x00000000ef580000,0x00000000ef580000,0x00000000f0c00000)
  to   space 24576K, 0% used [0x00000000edc00000,0x00000000edc00000,0x00000000ef400000)
 ParOldGen       total 78848K, used 42455K [0x00000000c4200000, 0x00000000c8f00000, 0x00000000ec100000)
  object space 78848K, 53% used [0x00000000c4200000,0x00000000c6b75e30,0x00000000c8f00000)
 Metaspace       used 20032K, capacity 20874K, committed 21120K, reserved 1067008K
  class space    used 2637K, capacity 2848K, committed 2944K, reserved 1048576K
GC Heap History (10 events):
Event: 138.395 GC heap before
{Heap before GC invocations=11 (full 2):
 PSYoungGen      total 49664K, used 20393K [0x00000000ec100000, 0x00000000f0c80000, 0x0000000100000000)
  eden space 29184K, 0% used [0x00000000ec100000,0x00000000ec100000,0x00000000edd80000)
  from space 20480K, 99% used [0x00000000ef480000,0x00000000f086a590,0x00000000f0880000)
  to   space 4096K, 0% used [0x00000000f0880000,0x00000000f0880000,0x00000000f0c80000)
 ParOldGen       total 70144K, used 54699K [0x00000000c4200000, 0x00000000c8680000, 0x00000000ec100000)
  object space 70144K, 77% used [0x00000000c4200000,0x00000000c776afc0,0x00000000c8680000)
 Metaspace       used 18647K, capacity 19510K, committed 19712K, reserved 1067008K
  class space    used 2549K, capacity 2774K, committed 2816K, reserved 1048576K
Event: 138.462 GC heap after
Heap after GC invocations=11 (full 2):
 PSYoungGen      total 49664K, used 0K [0x00000000ec100000, 0x00000000f0c80000, 0x0000000100000000)
  eden space 29184K, 0% used [0x00000000ec100000,0x00000000ec100000,0x00000000edd80000)
  from space 20480K, 0% used [0x00000000ef480000,0x00000000ef480000,0x00000000f0880000)
  to   space 4096K, 0% used [0x00000000f0880000,0x00000000f0880000,0x00000000f0c80000)
 ParOldGen       total 98304K, used 64833K [0x00000000c4200000, 0x00000000ca200000, 0x00000000ec100000)
  object space 98304K, 65% used [0x00000000c4200000,0x00000000c8150500,0x00000000ca200000)
 Metaspace       used 18647K, capacity 19510K, committed 19712K, reserved 1067008K
  class space    used 2549K, capacity 2774K, committed 2816K, reserved 1048576K
}
Event: 227.472 GC heap before
{Heap before GC invocations=12 (full 2):
 PSYoungGen      total 49664K, used 29184K [0x00000000ec100000, 0x00000000f0c80000, 0x0000000100000000)
  eden space 29184K, 100% used [0x00000000ec100000,0x00000000edd80000,0x00000000edd80000)
  from space 20480K, 0% used [0x00000000ef480000,0x00000000ef480000,0x00000000f0880000)
  to   space 4096K, 0% used [0x00000000f0880000,0x00000000f0880000,0x00000000f0c80000)
 ParOldGen       total 98304K, used 64833K [0x00000000c4200000, 0x00000000ca200000, 0x00000000ec100000)
  object space 98304K, 65% used [0x00000000c4200000,0x00000000c8150500,0x00000000ca200000)
 Metaspace       used 19603K, capacity 20436K, committed 20608K, reserved 1067008K
  class space    used 2625K, capacity 2843K, committed 2944K, reserved 1048576K
Event: 227.477 GC heap after
Heap after GC invocations=12 (full 2):
 PSYoungGen      total 32256K, used 1568K [0x00000000ec100000, 0x00000000f0c00000, 0x0000000100000000)
  eden space 28672K, 0% used [0x00000000ec100000,0x00000000ec100000,0x00000000edd00000)
  from space 3584K, 43% used [0x00000000f0880000,0x00000000f0a08000,0x00000000f0c00000)
  to   space 24064K, 0% used [0x00000000edd00000,0x00000000edd00000,0x00000000ef480000)
 ParOldGen       total 98304K, used 64841K [0x00000000c4200000, 0x00000000ca200000, 0x00000000ec100000)
  object space 98304K, 65% used [0x00000000c4200000,0x00000000c8152500,0x00000000ca200000)
 Metaspace       used 19603K, capacity 20436K, committed 20608K, reserved 1067008K
  class space    used 2625K, capacity 2843K, committed 2944K, reserved 1048576K
}
Event: 309.096 GC heap before
{Heap before GC invocations=13 (full 2):
 PSYoungGen      total 32256K, used 30240K [0x00000000ec100000, 0x00000000f0c00000, 0x0000000100000000)
  eden space 28672K, 100% used [0x00000000ec100000,0x00000000edd00000,0x00000000edd00000)
  from space 3584K, 43% used [0x00000000f0880000,0x00000000f0a08000,0x00000000f0c00000)
  to   space 24064K, 0% used [0x00000000edd00000,0x00000000edd00000,0x00000000ef480000)
 ParOldGen       total 98304K, used 64841K [0x00000000c4200000, 0x00000000ca200000, 0x00000000ec100000)
  object space 98304K, 65% used [0x00000000c4200000,0x00000000c8152500,0x00000000ca200000)
 Metaspace       used 19739K, capacity 20594K, committed 20864K, reserved 1067008K
  class space    used 2629K, capacity 2848K, committed 2944K, reserved 1048576K
Event: 309.105 GC heap after
Heap after GC invocations=13 (full 2):
 PSYoungGen      total 52224K, used 17431K [0x00000000ec100000, 0x00000000f0e80000, 0x0000000100000000)
  eden space 28160K, 0% used [0x00000000ec100000,0x00000000ec100000,0x00000000edc80000)
  from space 24064K, 72% used [0x00000000edd00000,0x00000000eee05cf8,0x00000000ef480000)
  to   space 25600K, 0% used [0x00000000ef580000,0x00000000ef580000,0x00000000f0e80000)
 ParOldGen       total 98304K, used 65711K [0x00000000c4200000, 0x00000000ca200000, 0x00000000ec100000)
  object space 98304K, 66% used [0x00000000c4200000,0x00000000c822bc68,0x00000000ca200000)
 Metaspace       used 19739K, capacity 20594K, committed 20864K, reserved 1067008K
  class space    used 2629K, capacity 2848K, committed 2944K, reserved 1048576K
}
Event: 954.712 GC heap before
{Heap before GC invocations=14 (full 2):
 PSYoungGen      total 52224K, used 45591K [0x00000000ec100000, 0x00000000f0e80000, 0x0000000100000000)
  eden space 28160K, 100% used [0x00000000ec100000,0x00000000edc80000,0x00000000edc80000)
  from space 24064K, 72% used [0x00000000edd00000,0x00000000eee05cf8,0x00000000ef480000)
  to   space 25600K, 0% used [0x00000000ef580000,0x00000000ef580000,0x00000000f0e80000)
 ParOldGen       total 98304K, used 65711K [0x00000000c4200000, 0x00000000ca200000, 0x00000000ec100000)
  object space 98304K, 66% used [0x00000000c4200000,0x00000000c822bc68,0x00000000ca200000)
 Metaspace       used 19853K, capacity 20682K, committed 20864K, reserved 1067008K
  class space    used 2633K, capacity 2852K, committed 2944K, reserved 1048576K
Event: 954.727 GC heap after
Heap after GC invocations=14 (full 2):
 PSYoungGen      total 50688K, used 11786K [0x00000000ec100000, 0x00000000f0c00000, 0x0000000100000000)
  eden space 27648K, 0% used [0x00000000ec100000,0x00000000ec100000,0x00000000edc00000)
  from space 23040K, 51% used [0x00000000ef580000,0x00000000f0102b38,0x00000000f0c00000)
  to   space 24576K, 0% used [0x00000000edc00000,0x00000000edc00000,0x00000000ef400000)
 ParOldGen       total 98304K, used 82545K [0x00000000c4200000, 0x00000000ca200000, 0x00000000ec100000)
  object space 98304K, 83% used [0x00000000c4200000,0x00000000c929c480,0x00000000ca200000)
 Metaspace       used 19853K, capacity 20682K, committed 20864K, reserved 1067008K
  class space    used 2633K, capacity 2852K, committed 2944K, reserved 1048576K
}
Event: 954.727 GC heap before
{Heap before GC invocations=15 (full 3):
 PSYoungGen      total 50688K, used 11786K [0x00000000ec100000, 0x00000000f0c00000, 0x0000000100000000)
  eden space 27648K, 0% used [0x00000000ec100000,0x00000000ec100000,0x00000000edc00000)
  from space 23040K, 51% used [0x00000000ef580000,0x00000000f0102b38,0x00000000f0c00000)
  to   space 24576K, 0% used [0x00000000edc00000,0x00000000edc00000,0x00000000ef400000)
 ParOldGen       total 98304K, used 82545K [0x00000000c4200000, 0x00000000ca200000, 0x00000000ec100000)
  object space 98304K, 83% used [0x00000000c4200000,0x00000000c929c480,0x00000000ca200000)
 Metaspace       used 19853K, capacity 20682K, committed 20864K, reserved 1067008K
  class space    used 2633K, capacity 2852K, committed 2944K, reserved 1048576K
Event: 954.801 GC heap after
Heap after GC invocations=15 (full 3):
 PSYoungGen      total 50688K, used 0K [0x00000000ec100000, 0x00000000f0c00000, 0x0000000100000000)
  eden space 27648K, 0% used [0x00000000ec100000,0x00000000ec100000,0x00000000edc00000)
  from space 23040K, 0% used [0x00000000ef580000,0x00000000ef580000,0x00000000f0c00000)
  to   space 24576K, 0% used [0x00000000edc00000,0x00000000edc00000,0x00000000ef400000)
 ParOldGen       total 78848K, used 42455K [0x00000000c4200000, 0x00000000c8f00000, 0x00000000ec100000)
  object space 78848K, 53% used [0x00000000c4200000,0x00000000c6b75e30,0x00000000c8f00000)
 Metaspace       used 19846K, capacity 20670K, committed 20864K, reserved 1067008K
  class space    used 2629K, capacity 2846K, committed 2944K, reserved 1048576K
}

