# JRE version: Java(TM) SE Runtime Environment (8.0_161-b12) (build 1.8.0_161-b12)
# Java VM: Java HotSpot(TM) 64-Bit Server VM (25.161-b12 mixed mode linux-amd64 compressed oops)
Heap:
 PSYoungGen      total 47104K, used 27819K [0x00000000ec100000, 0x00000000f2180000, 0x0000000100000000)
  eden space 28672K, 32% used [0x00000000ec100000,0x00000000eca32078,0x00000000edd00000)
  from space 18432K, 99% used [0x00000000edd00000,0x00000000eeef8e90,0x00000000eef00000)
  to   space 23040K, 0% used [0x00000000f0b00000,0x00000000f0b00000,0x00000000f2180000)
 ParOldGen       total 73728K, used 42824K [0x00000000c4200000, 0x00000000c8a00000, 0x00000000ec100000)
  object space 73728K, 58% used [0x00000000c4200000,0x00000000c6bd2310,0x00000000c8a00000)
 Metaspace       used 18997K, capacity 19816K, committed 19968K, reserved 1067008K
  class space    used 2616K, capacity 2809K, committed 2816K, reserved 1048576K
GC Heap History (10 events):
Event: 28.874 GC heap before
{Heap before GC invocations=4 (full 0):
 PSYoungGen      total 17920K, used 17888K [0x00000000ec100000, 0x00000000ed500000, 0x0000000100000000)
  eden space 15360K, 100% used [0x00000000ec100000,0x00000000ed000000,0x00000000ed000000)
  from space 2560K, 98% used [0x00000000ed000000,0x00000000ed278030,0x00000000ed280000)
  to   space 2560K, 0% used [0x00000000ed280000,0x00000000ed280000,0x00000000ed500000)
 ParOldGen       total 40960K, used 13713K [0x00000000c4200000, 0x00000000c6a00000, 0x00000000ec100000)
  object space 40960K, 33% used [0x00000000c4200000,0x00000000c4f64558,0x00000000c6a00000)
 Metaspace       used 15765K, capacity 16366K, committed 16512K, reserved 1062912K
  class space    used 2150K, capacity 2334K, committed 2432K, reserved 1048576K
Event: 28.885 GC heap after
Heap after GC invocations=4 (full 0):
 PSYoungGen      total 17920K, used 2528K [0x00000000ec100000, 0x00000000ed500000, 0x0000000100000000)
  eden space 15360K, 0% used [0x00000000ec100000,0x00000000ec100000,0x00000000ed000000)
  from space 2560K, 98% used [0x00000000ed280000,0x00000000ed4f8030,0x00000000ed500000)
  to   space 2560K, 0% used [0x00000000ed000000,0x00000000ed000000,0x00000000ed280000)
 ParOldGen       total 40960K, used 25533K [0x00000000c4200000, 0x00000000c6a00000, 0x00000000ec100000)
  object space 40960K, 62% used [0x00000000c4200000,0x00000000c5aef528,0x00000000c6a00000)
 Metaspace       used 15765K, capacity 16366K, committed 16512K, reserved 1062912K
  class space    used 2150K, capacity 2334K, committed 2432K, reserved 1048576K
}
Event: 29.064 GC heap before
{Heap before GC invocations=5 (full 0):
 PSYoungGen      total 17920K, used 17209K [0x00000000ec100000, 0x00000000ed500000, 0x0000000100000000)
  eden space 15360K, 95% used [0x00000000ec100000,0x00000000ecf567c8,0x00000000ed000000)
  from space 2560K, 98% used [0x00000000ed280000,0x00000000ed4f8030,0x00000000ed500000)
  to   space 2560K, 0% used [0x00000000ed000000,0x00000000ed000000,0x00000000ed280000)
 ParOldGen       total 40960K, used 25533K [0x00000000c4200000, 0x00000000c6a00000, 0x00000000ec100000)
  object space 40960K, 62% used [0x00000000c4200000,0x00000000c5aef528,0x00000000c6a00000)
 Metaspace       used 15890K, capacity 16572K, committed 16768K, reserved 1062912K
  class space    used 2158K, capacity 2347K, committed 2432K, reserved 1048576K
Event: 29.072 GC heap after
Heap after GC invocations=5 (full 0):
 PSYoungGen      total 17920K, used 2528K [0x00000000ec100000, 0x00000000f0600000, 0x0000000100000000)
  eden space 15360K, 0% used [0x00000000ec100000,0x00000000ec100000,0x00000000ed000000)
  from space 2560K, 98% used [0x00000000ed000000,0x00000000ed278030,0x00000000ed280000)
  to   space 19968K, 0% used [0x00000000ef280000,0x00000000ef280000,0x00000000f0600000)
 ParOldGen       total 40960K, used 37612K [0x00000000c4200000, 0x00000000c6a00000, 0x00000000ec100000)
  object space 40960K, 91% used [0x00000000c4200000,0x00000000c66bb1c8,0x00000000c6a00000)
 Metaspace       used 15890K, capacity 16572K, committed 16768K, reserved 1062912K
  class space    used 2158K, capacity 2347K, committed 2432K, reserved 1048576K
}
Event: 29.072 GC heap before
{Heap before GC invocations=6 (full 1):
 PSYoungGen      total 17920K, used 2528K [0x00000000ec100000, 0x00000000f0600000, 0x0000000100000000)
  eden space 15360K, 0% used [0x00000000ec100000,0x00000000ec100000,0x00000000ed000000)
  from space 2560K, 98% used [0x00000000ed000000,0x00000000ed278030,0x00000000ed280000)
  to   space 19968K, 0% used [0x00000000ef280000,0x00000000ef280000,0x00000000f0600000)
 ParOldGen       total 40960K, used 37612K [0x00000000c4200000, 0x00000000c6a00000, 0x00000000ec100000)
  object space 40960K, 91% used [0x00000000c4200000,0x00000000c66bb1c8,0x00000000c6a00000)
 Metaspace       used 15890K, capacity 16572K, committed 16768K, reserved 1062912K
  class space    used 2158K, capacity 2347K, committed 2432K, reserved 1048576K
Event: 29.127 GC heap after
Heap after GC invocations=6 (full 1):
 PSYoungGen      total 17920K, used 0K [0x00000000ec100000, 0x00000000f0600000, 0x0000000100000000)
  eden space 15360K, 0% used [0x00000000ec100000,0x00000000ec100000,0x00000000ed000000)
  from space 2560K, 0% used [0x00000000ed000000,0x00000000ed000000,0x00000000ed280000)
  to   space 19968K, 0% used [0x00000000ef280000,0x00000000ef280000,0x00000000f0600000)
 ParOldGen       total 73728K, used 39459K [0x00000000c4200000, 0x00000000c8a00000, 0x00000000ec100000)
  object space 73728K, 53% used [0x00000000c4200000,0x00000000c6888d78,0x00000000c8a00000)
 Metaspace       used 15890K, capacity 16572K, committed 16768K, reserved 1062912K
  class space    used 2158K, capacity 2347K, committed 2432K, reserved 1048576K
}
Event: 30.604 GC heap before
{Heap before GC invocations=7 (full 1):
 PSYoungGen      total 17920K, used 15053K [0x00000000ec100000, 0x00000000f0600000, 0x0000000100000000)
  eden space 15360K, 98% used [0x00000000ec100000,0x00000000ecfb34b0,0x00000000ed000000)
  from space 2560K, 0% used [0x00000000ed000000,0x00000000ed000000,0x00000000ed280000)
  to   space 19968K, 0% used [0x00000000ef280000,0x00000000ef280000,0x00000000f0600000)
 ParOldGen       total 73728K, used 39459K [0x00000000c4200000, 0x00000000c8a00000, 0x00000000ec100000)
  object space 73728K, 53% used [0x00000000c4200000,0x00000000c6888d78,0x00000000c8a00000)
 Metaspace       used 17116K, capacity 17898K, committed 18048K, reserved 1064960K
  class space    used 2435K, capacity 2642K, committed 2688K, reserved 1048576K
Event: 30.615 GC heap after
Heap after GC invocations=7 (full 1):
 PSYoungGen      total 43520K, used 10485K [0x00000000ec100000, 0x00000000f0100000, 0x0000000100000000)
  eden space 28672K, 0% used [0x00000000ec100000,0x00000000ec100000,0x00000000edd00000)
  from space 14848K, 70% used [0x00000000ef280000,0x00000000efcbd530,0x00000000f0100000)
  to   space 18432K, 0% used [0x00000000edd00000,0x00000000edd00000,0x00000000eef00000)
 ParOldGen       total 73728K, used 39459K [0x00000000c4200000, 0x00000000c8a00000, 0x00000000ec100000)
  object space 73728K, 53% used [0x00000000c4200000,0x00000000c6888d78,0x00000000c8a00000)
 Metaspace       used 17116K, capacity 17898K, committed 18048K, reserved 1064960K
  class space    used 2435K, capacity 2642K, committed 2688K, reserved 1048576K
}
Event: 42.605 GC heap before
{Heap before GC invocations=8 (full 1):
 PSYoungGen      total 43520K, used 38572K [0x00000000ec100000, 0x00000000f0100000, 0x0000000100000000)
  eden space 28672K, 97% used [0x00000000ec100000,0x00000000edc6dbc0,0x00000000edd00000)
  from space 14848K, 70% used [0x00000000ef280000,0x00000000efcbd530,0x00000000f0100000)
  to   space 18432K, 0% used [0x00000000edd00000,0x00000000edd00000,0x00000000eef00000)
 ParOldGen       total 73728K, used 39459K [0x00000000c4200000, 0x00000000c8a00000, 0x00000000ec100000)
  object space 73728K, 53% used [0x00000000c4200000,0x00000000c6888d78,0x00000000c8a00000)
 Metaspace       used 18312K, capacity 19112K, committed 19200K, reserved 1064960K
  class space    used 2587K, capacity 2773K, committed 2816K, reserved 1048576K
Event: 42.620 GC heap after
Heap after GC invocations=8 (full 1):
 PSYoungGen      total 47104K, used 18403K [0x00000000ec100000, 0x00000000f2180000, 0x0000000100000000)
  eden space 28672K, 0% used [0x00000000ec100000,0x00000000ec100000,0x00000000edd00000)
  from space 18432K, 99% used [0x00000000edd00000,0x00000000eeef8e90,0x00000000eef00000)
  to   space 23040K, 0% used [0x00000000f0b00000,0x00000000f0b00000,0x00000000f2180000)
 ParOldGen       total 73728K, used 42824K [0x00000000c4200000, 0x00000000c8a00000, 0x00000000ec100000)
  object space 73728K, 58% used [0x00000000c4200000,0x00000000c6bd2310,0x00000000c8a00000)
 Metaspace       used 18312K, capacity 19112K, committed 19200K, reserved 1064960K
  class space    used 2587K, capacity 2773K, committed 2816K, reserved 1048576K
}

