# JRE version: Java(TM) SE Runtime Environment (8.0_171-b11) (build 1.8.0_171-b11)
# Java VM: Java HotSpot(TM) 64-Bit Server VM (25.171-b11 mixed mode linux-amd64 compressed oops)
Heap:
 PSYoungGen      total 25600K, used 6245K [0x00000000ec100000, 0x00000000ee600000, 0x0000000100000000)
  eden space 15360K, 7% used [0x00000000ec100000,0x00000000ec2156d0,0x00000000ed000000)
  from space 10240K, 50% used [0x00000000edc00000,0x00000000ee104090,0x00000000ee600000)
  to   space 11264K, 0% used [0x00000000ed000000,0x00000000ed000000,0x00000000edb00000)
 ParOldGen       total 58368K, used 32002K [0x00000000c4200000, 0x00000000c7b00000, 0x00000000ec100000)
  object space 58368K, 54% used [0x00000000c4200000,0x00000000c61409b0,0x00000000c7b00000)
 Metaspace       used 18640K, capacity 19466K, committed 19712K, reserved 1067008K
  class space    used 2569K, capacity 2769K, committed 2816K, reserved 1048576K
GC Heap History (10 events):
Event: 346.370 GC heap before
{Heap before GC invocations=3 (full 0):
 PSYoungGen      total 17920K, used 17585K [0x00000000ec100000, 0x00000000ed500000, 0x0000000100000000)
  eden space 15360K, 97% used [0x00000000ec100000,0x00000000ecfb05c8,0x00000000ed000000)
  from space 2560K, 99% used [0x00000000ed280000,0x00000000ed4fc040,0x00000000ed500000)
  to   space 2560K, 0% used [0x00000000ed000000,0x00000000ed000000,0x00000000ed280000)
 ParOldGen       total 40960K, used 7371K [0x00000000c4200000, 0x00000000c6a00000, 0x00000000ec100000)
  object space 40960K, 17% used [0x00000000c4200000,0x00000000c4932d90,0x00000000c6a00000)
 Metaspace       used 15433K, capacity 16060K, committed 16128K, reserved 1062912K
  class space    used 2117K, capacity 2301K, committed 2304K, reserved 1048576K
Event: 346.379 GC heap after
Heap after GC invocations=3 (full 0):
 PSYoungGen      total 17920K, used 2528K [0x00000000ec100000, 0x00000000ed500000, 0x0000000100000000)
  eden space 15360K, 0% used [0x00000000ec100000,0x00000000ec100000,0x00000000ed000000)
  from space 2560K, 98% used [0x00000000ed000000,0x00000000ed278030,0x00000000ed280000)
  to   space 2560K, 0% used [0x00000000ed280000,0x00000000ed280000,0x00000000ed500000)
 ParOldGen       total 40960K, used 13762K [0x00000000c4200000, 0x00000000c6a00000, 0x00000000ec100000)
  object space 40960K, 33% used [0x00000000c4200000,0x00000000c4f708d0,0x00000000c6a00000)
 Metaspace       used 15433K, capacity 16060K, committed 16128K, reserved 1062912K
  class space    used 2117K, capacity 2301K, committed 2304K, reserved 1048576K
}
Event: 347.550 GC heap before
{Heap before GC invocations=4 (full 0):
 PSYoungGen      total 17920K, used 17399K [0x00000000ec100000, 0x00000000ed500000, 0x0000000100000000)
  eden space 15360K, 96% used [0x00000000ec100000,0x00000000ecf85e20,0x00000000ed000000)
  from space 2560K, 98% used [0x00000000ed000000,0x00000000ed278030,0x00000000ed280000)
  to   space 2560K, 0% used [0x00000000ed280000,0x00000000ed280000,0x00000000ed500000)
 ParOldGen       total 40960K, used 13762K [0x00000000c4200000, 0x00000000c6a00000, 0x00000000ec100000)
  object space 40960K, 33% used [0x00000000c4200000,0x00000000c4f708d0,0x00000000c6a00000)
 Metaspace       used 15688K, capacity 16352K, committed 16512K, reserved 1062912K
  class space    used 2152K, capacity 2345K, committed 2432K, reserved 1048576K
Event: 347.558 GC heap after
Heap after GC invocations=4 (full 0):
 PSYoungGen      total 17920K, used 2187K [0x00000000ec100000, 0x00000000ed500000, 0x0000000100000000)
  eden space 15360K, 0% used [0x00000000ec100000,0x00000000ec100000,0x00000000ed000000)
  from space 2560K, 85% used [0x00000000ed280000,0x00000000ed4a2f40,0x00000000ed500000)
  to   space 2560K, 0% used [0x00000000ed000000,0x00000000ed000000,0x00000000ed280000)
 ParOldGen       total 40960K, used 26058K [0x00000000c4200000, 0x00000000c6a00000, 0x00000000ec100000)
  object space 40960K, 63% used [0x00000000c4200000,0x00000000c5b72990,0x00000000c6a00000)
 Metaspace       used 15688K, capacity 16352K, committed 16512K, reserved 1062912K
  class space    used 2152K, capacity 2345K, committed 2432K, reserved 1048576K
}
Event: 347.558 GC heap before
{Heap before GC invocations=5 (full 1):
 PSYoungGen      total 17920K, used 2187K [0x00000000ec100000, 0x00000000ed500000, 0x0000000100000000)
  eden space 15360K, 0% used [0x00000000ec100000,0x00000000ec100000,0x00000000ed000000)
  from space 2560K, 85% used [0x00000000ed280000,0x00000000ed4a2f40,0x00000000ed500000)
  to   space 2560K, 0% used [0x00000000ed000000,0x00000000ed000000,0x00000000ed280000)
 ParOldGen       total 40960K, used 26058K [0x00000000c4200000, 0x00000000c6a00000, 0x00000000ec100000)
  object space 40960K, 63% used [0x00000000c4200000,0x00000000c5b72990,0x00000000c6a00000)
 Metaspace       used 15688K, capacity 16352K, committed 16512K, reserved 1062912K
  class space    used 2152K, capacity 2345K, committed 2432K, reserved 1048576K
Event: 347.615 GC heap after
Heap after GC invocations=5 (full 1):
 PSYoungGen      total 17920K, used 0K [0x00000000ec100000, 0x00000000ed500000, 0x0000000100000000)
  eden space 15360K, 0% used [0x00000000ec100000,0x00000000ec100000,0x00000000ed000000)
  from space 2560K, 0% used [0x00000000ed280000,0x00000000ed280000,0x00000000ed500000)
  to   space 2560K, 0% used [0x00000000ed000000,0x00000000ed000000,0x00000000ed280000)
 ParOldGen       total 58368K, used 28011K [0x00000000c4200000, 0x00000000c7b00000, 0x00000000ec100000)
  object space 58368K, 47% used [0x00000000c4200000,0x00000000c5d5ac70,0x00000000c7b00000)
 Metaspace       used 15688K, capacity 16352K, committed 16512K, reserved 1062912K
  class space    used 2152K, capacity 2345K, committed 2432K, reserved 1048576K
}
Event: 348.318 GC heap before
{Heap before GC invocations=6 (full 1):
 PSYoungGen      total 17920K, used 14737K [0x00000000ec100000, 0x00000000ed500000, 0x0000000100000000)
  eden space 15360K, 95% used [0x00000000ec100000,0x00000000ecf64780,0x00000000ed000000)
  from space 2560K, 0% used [0x00000000ed280000,0x00000000ed280000,0x00000000ed500000)
  to   space 2560K, 0% used [0x00000000ed000000,0x00000000ed000000,0x00000000ed280000)
 ParOldGen       total 58368K, used 28011K [0x00000000c4200000, 0x00000000c7b00000, 0x00000000ec100000)
  object space 58368K, 47% used [0x00000000c4200000,0x00000000c5d5ac70,0x00000000c7b00000)
 Metaspace       used 17244K, capacity 18056K, committed 18304K, reserved 1064960K
  class space    used 2454K, capacity 2651K, committed 2688K, reserved 1048576K
Event: 348.327 GC heap after
Heap after GC invocations=6 (full 1):
 PSYoungGen      total 17920K, used 2544K [0x00000000ec100000, 0x00000000ee800000, 0x0000000100000000)
  eden space 15360K, 0% used [0x00000000ec100000,0x00000000ec100000,0x00000000ed000000)
  from space 2560K, 99% used [0x00000000ed000000,0x00000000ed27c070,0x00000000ed280000)
  to   space 12288K, 0% used [0x00000000edc00000,0x00000000edc00000,0x00000000ee800000)
 ParOldGen       total 58368K, used 31994K [0x00000000c4200000, 0x00000000c7b00000, 0x00000000ec100000)
  object space 58368K, 54% used [0x00000000c4200000,0x00000000c613e9b0,0x00000000c7b00000)
 Metaspace       used 17244K, capacity 18056K, committed 18304K, reserved 1064960K
  class space    used 2454K, capacity 2651K, committed 2688K, reserved 1048576K
}
Event: 385.408 GC heap before
{Heap before GC invocations=7 (full 1):
 PSYoungGen      total 17920K, used 17904K [0x00000000ec100000, 0x00000000ee800000, 0x0000000100000000)
  eden space 15360K, 100% used [0x00000000ec100000,0x00000000ed000000,0x00000000ed000000)
  from space 2560K, 99% used [0x00000000ed000000,0x00000000ed27c070,0x00000000ed280000)
  to   space 12288K, 0% used [0x00000000edc00000,0x00000000edc00000,0x00000000ee800000)
 ParOldGen       total 58368K, used 31994K [0x00000000c4200000, 0x00000000c7b00000, 0x00000000ec100000)
  object space 58368K, 54% used [0x00000000c4200000,0x00000000c613e9b0,0x00000000c7b00000)
 Metaspace       used 18549K, capacity 19300K, committed 19456K, reserved 1067008K
  class space    used 2561K, capacity 2736K, committed 2816K, reserved 1048576K
Event: 385.417 GC heap after
Heap after GC invocations=7 (full 1):
 PSYoungGen      total 25600K, used 5136K [0x00000000ec100000, 0x00000000ee600000, 0x0000000100000000)
  eden space 15360K, 0% used [0x00000000ec100000,0x00000000ec100000,0x00000000ed000000)
  from space 10240K, 50% used [0x00000000edc00000,0x00000000ee104090,0x00000000ee600000)
  to   space 11264K, 0% used [0x00000000ed000000,0x00000000ed000000,0x00000000edb00000)
 ParOldGen       total 58368K, used 32002K [0x00000000c4200000, 0x00000000c7b00000, 0x00000000ec100000)
  object space 58368K, 54% used [0x00000000c4200000,0x00000000c61409b0,0x00000000c7b00000)
 Metaspace       used 18549K, capacity 19300K, committed 19456K, reserved 1067008K
  class space    used 2561K, capacity 2736K, committed 2816K, reserved 1048576K
}

