# JRE version: Java(TM) SE Runtime Environment (8.0_171-b11) (build 1.8.0_171-b11)
# Java VM: Java HotSpot(TM) 64-Bit Server VM (25.171-b11 mixed mode linux-amd64 compressed oops)
Heap:
 PSYoungGen      total 35840K, used 33958K [0x00000000ec100000, 0x00000000f0080000, 0x0000000100000000)
  eden space 22528K, 92% used [0x00000000ec100000,0x00000000ed5595b8,0x00000000ed700000)
  from space 13312K, 98% used [0x00000000ef380000,0x00000000f0050630,0x00000000f0080000)
  to   space 19968K, 0% used [0x00000000ed980000,0x00000000ed980000,0x00000000eed00000)
 ParOldGen       total 74240K, used 36604K [0x00000000c4200000, 0x00000000c8a80000, 0x00000000ec100000)
  object space 74240K, 49% used [0x00000000c4200000,0x00000000c65bf1c0,0x00000000c8a80000)
 Metaspace       used 20807K, capacity 21834K, committed 22016K, reserved 1069056K
  class space    used 2799K, capacity 3066K, committed 3072K, reserved 1048576K
GC Heap History (10 events):
Event: 5.088 GC heap before
{Heap before GC invocations=5 (full 0):
 PSYoungGen      total 17920K, used 17904K [0x00000000ec100000, 0x00000000ee400000, 0x0000000100000000)
  eden space 15360K, 100% used [0x00000000ec100000,0x00000000ed000000,0x00000000ed000000)
  from space 2560K, 99% used [0x00000000ed280000,0x00000000ed4fc040,0x00000000ed500000)
  to   space 2560K, 0% used [0x00000000ed000000,0x00000000ed000000,0x00000000ed280000)
 ParOldGen       total 40960K, used 25651K [0x00000000c4200000, 0x00000000c6a00000, 0x00000000ec100000)
  object space 40960K, 62% used [0x00000000c4200000,0x00000000c5b0ccd0,0x00000000c6a00000)
 Metaspace       used 16709K, capacity 17454K, committed 17664K, reserved 1064960K
  class space    used 2349K, capacity 2542K, committed 2560K, reserved 1048576K
Event: 5.095 GC heap after
Heap after GC invocations=5 (full 0):
 PSYoungGen      total 17920K, used 2544K [0x00000000ec100000, 0x00000000f0200000, 0x0000000100000000)
  eden space 15360K, 0% used [0x00000000ec100000,0x00000000ec100000,0x00000000ed000000)
  from space 2560K, 99% used [0x00000000ed000000,0x00000000ed27c060,0x00000000ed280000)
  to   space 17920K, 0% used [0x00000000ef080000,0x00000000ef080000,0x00000000f0200000)
 ParOldGen       total 40960K, used 34793K [0x00000000c4200000, 0x00000000c6a00000, 0x00000000ec100000)
  object space 40960K, 84% used [0x00000000c4200000,0x00000000c63fa680,0x00000000c6a00000)
 Metaspace       used 16709K, capacity 17454K, committed 17664K, reserved 1064960K
  class space    used 2349K, capacity 2542K, committed 2560K, reserved 1048576K
}
Event: 5.095 GC heap before
{Heap before GC invocations=6 (full 1):
 PSYoungGen      total 17920K, used 2544K [0x00000000ec100000, 0x00000000f0200000, 0x0000000100000000)
  eden space 15360K, 0% used [0x00000000ec100000,0x00000000ec100000,0x00000000ed000000)
  from space 2560K, 99% used [0x00000000ed000000,0x00000000ed27c060,0x00000000ed280000)
  to   space 17920K, 0% used [0x00000000ef080000,0x00000000ef080000,0x00000000f0200000)
 ParOldGen       total 40960K, used 34793K [0x00000000c4200000, 0x00000000c6a00000, 0x00000000ec100000)
  object space 40960K, 84% used [0x00000000c4200000,0x00000000c63fa680,0x00000000c6a00000)
 Metaspace       used 16709K, capacity 17454K, committed 17664K, reserved 1064960K
  class space    used 2349K, capacity 2542K, committed 2560K, reserved 1048576K
Event: 5.161 GC heap after
Heap after GC invocations=6 (full 1):
 PSYoungGen      total 17920K, used 0K [0x00000000ec100000, 0x00000000f0200000, 0x0000000100000000)
  eden space 15360K, 0% used [0x00000000ec100000,0x00000000ec100000,0x00000000ed000000)
  from space 2560K, 0% used [0x00000000ed000000,0x00000000ed000000,0x00000000ed280000)
  to   space 17920K, 0% used [0x00000000ef080000,0x00000000ef080000,0x00000000f0200000)
 ParOldGen       total 74240K, used 36580K [0x00000000c4200000, 0x00000000c8a80000, 0x00000000ec100000)
  object space 74240K, 49% used [0x00000000c4200000,0x00000000c65b91c0,0x00000000c8a80000)
 Metaspace       used 16709K, capacity 17454K, committed 17664K, reserved 1064960K
  class space    used 2349K, capacity 2542K, committed 2560K, reserved 1048576K
}
Event: 232.778 GC heap before
{Heap before GC invocations=7 (full 1):
 PSYoungGen      total 17920K, used 13289K [0x00000000ec100000, 0x00000000f0200000, 0x0000000100000000)
  eden space 15360K, 86% used [0x00000000ec100000,0x00000000ecdfa548,0x00000000ed000000)
  from space 2560K, 0% used [0x00000000ed000000,0x00000000ed000000,0x00000000ed280000)
  to   space 17920K, 0% used [0x00000000ef080000,0x00000000ef080000,0x00000000f0200000)
 ParOldGen       total 74240K, used 36580K [0x00000000c4200000, 0x00000000c8a80000, 0x00000000ec100000)
  object space 74240K, 49% used [0x00000000c4200000,0x00000000c65b91c0,0x00000000c8a80000)
 Metaspace       used 18600K, capacity 19384K, committed 19456K, reserved 1067008K
  class space    used 2568K, capacity 2765K, committed 2816K, reserved 1048576K
Event: 232.782 GC heap after
Heap after GC invocations=7 (full 1):
 PSYoungGen      total 34304K, used 2089K [0x00000000ec100000, 0x00000000efb80000, 0x0000000100000000)
  eden space 23040K, 0% used [0x00000000ec100000,0x00000000ec100000,0x00000000ed780000)
  from space 11264K, 18% used [0x00000000ef080000,0x00000000ef28a520,0x00000000efb80000)
  to   space 18432K, 0% used [0x00000000ed780000,0x00000000ed780000,0x00000000ee980000)
 ParOldGen       total 74240K, used 36588K [0x00000000c4200000, 0x00000000c8a80000, 0x00000000ec100000)
  object space 74240K, 49% used [0x00000000c4200000,0x00000000c65bb1c0,0x00000000c8a80000)
 Metaspace       used 18600K, capacity 19384K, committed 19456K, reserved 1067008K
  class space    used 2568K, capacity 2765K, committed 2816K, reserved 1048576K
}
Event: 293.684 GC heap before
{Heap before GC invocations=8 (full 1):
 PSYoungGen      total 34304K, used 25129K [0x00000000ec100000, 0x00000000efb80000, 0x0000000100000000)
  eden space 23040K, 100% used [0x00000000ec100000,0x00000000ed780000,0x00000000ed780000)
  from space 11264K, 18% used [0x00000000ef080000,0x00000000ef28a520,0x00000000efb80000)
  to   space 18432K, 0% used [0x00000000ed780000,0x00000000ed780000,0x00000000ee980000)
 ParOldGen       total 74240K, used 36588K [0x00000000c4200000, 0x00000000c8a80000, 0x00000000ec100000)
  object space 74240K, 49% used [0x00000000c4200000,0x00000000c65bb1c0,0x00000000c8a80000)
 Metaspace       used 19433K, capacity 20320K, committed 20608K, reserved 1067008K
  class space    used 2631K, capacity 2845K, committed 2944K, reserved 1048576K
Event: 293.706 GC heap after
Heap after GC invocations=8 (full 1):
 PSYoungGen      total 41472K, used 12354K [0x00000000ec100000, 0x00000000f0600000, 0x0000000100000000)
  eden space 23040K, 0% used [0x00000000ec100000,0x00000000ec100000,0x00000000ed780000)
  from space 18432K, 67% used [0x00000000ed780000,0x00000000ee390a28,0x00000000ee980000)
  to   space 18944K, 0% used [0x00000000ef380000,0x00000000ef380000,0x00000000f0600000)
 ParOldGen       total 74240K, used 36596K [0x00000000c4200000, 0x00000000c8a80000, 0x00000000ec100000)
  object space 74240K, 49% used [0x00000000c4200000,0x00000000c65bd1c0,0x00000000c8a80000)
 Metaspace       used 19433K, capacity 20320K, committed 20608K, reserved 1067008K
  class space    used 2631K, capacity 2845K, committed 2944K, reserved 1048576K
}
Event: 310.190 GC heap before
{Heap before GC invocations=9 (full 1):
 PSYoungGen      total 41472K, used 35394K [0x00000000ec100000, 0x00000000f0600000, 0x0000000100000000)
  eden space 23040K, 100% used [0x00000000ec100000,0x00000000ed780000,0x00000000ed780000)
  from space 18432K, 67% used [0x00000000ed780000,0x00000000ee390a28,0x00000000ee980000)
  to   space 18944K, 0% used [0x00000000ef380000,0x00000000ef380000,0x00000000f0600000)
 ParOldGen       total 74240K, used 36596K [0x00000000c4200000, 0x00000000c8a80000, 0x00000000ec100000)
  object space 74240K, 49% used [0x00000000c4200000,0x00000000c65bd1c0,0x00000000c8a80000)
 Metaspace       used 20160K, capacity 21092K, committed 21248K, reserved 1067008K
  class space    used 2706K, capacity 2947K, committed 3072K, reserved 1048576K
Event: 310.200 GC heap after
Heap after GC invocations=9 (full 1):
 PSYoungGen      total 35840K, used 13121K [0x00000000ec100000, 0x00000000f0080000, 0x0000000100000000)
  eden space 22528K, 0% used [0x00000000ec100000,0x00000000ec100000,0x00000000ed700000)
  from space 13312K, 98% used [0x00000000ef380000,0x00000000f0050630,0x00000000f0080000)
  to   space 19968K, 0% used [0x00000000ed980000,0x00000000ed980000,0x00000000eed00000)
 ParOldGen       total 74240K, used 36604K [0x00000000c4200000, 0x00000000c8a80000, 0x00000000ec100000)
  object space 74240K, 49% used [0x00000000c4200000,0x00000000c65bf1c0,0x00000000c8a80000)
 Metaspace       used 20160K, capacity 21092K, committed 21248K, reserved 1067008K
  class space    used 2706K, capacity 2947K, committed 3072K, reserved 1048576K
}

