# JRE version: Java(TM) SE Runtime Environment (8.0_161-b12) (build 1.8.0_161-b12)
# Java VM: Java HotSpot(TM) 64-Bit Server VM (25.161-b12 mixed mode linux-amd64 compressed oops)
Heap:
 PSYoungGen      total 32768K, used 21481K [0x00000000ec100000, 0x00000000efc80000, 0x0000000100000000)
  eden space 10752K, 21% used [0x00000000ec100000,0x00000000ec349240,0x00000000ecb80000)
  from space 22016K, 86% used [0x00000000ee300000,0x00000000ef5b12f0,0x00000000ef880000)
  to   space 24064K, 0% used [0x00000000ecb80000,0x00000000ecb80000,0x00000000ee300000)
 ParOldGen       total 59392K, used 41610K [0x00000000c4200000, 0x00000000c7c00000, 0x00000000ec100000)
  object space 59392K, 70% used [0x00000000c4200000,0x00000000c6aa2aa8,0x00000000c7c00000)
 Metaspace       used 18994K, capacity 19810K, committed 19968K, reserved 1067008K
  class space    used 2573K, capacity 2770K, committed 2816K, reserved 1048576K
GC Heap History (10 events):
Event: 106.871 GC heap before
{Heap before GC invocations=7 (full 1):
 PSYoungGen      total 17920K, used 13713K [0x00000000ec100000, 0x00000000ef200000, 0x0000000100000000)
  eden space 15360K, 72% used [0x00000000ec100000,0x00000000ecbec6b8,0x00000000ed000000)
  from space 2560K, 98% used [0x00000000ed000000,0x00000000ed278020,0x00000000ed280000)
  to   space 17408K, 0% used [0x00000000ee100000,0x00000000ee100000,0x00000000ef200000)
 ParOldGen       total 59392K, used 36264K [0x00000000c4200000, 0x00000000c7c00000, 0x00000000ec100000)
  object space 59392K, 61% used [0x00000000c4200000,0x00000000c656a1b0,0x00000000c7c00000)
 Metaspace       used 16738K, capacity 17490K, committed 17664K, reserved 1064960K
  class space    used 2330K, capacity 2536K, committed 2560K, reserved 1048576K
Event: 106.876 GC heap after
Heap after GC invocations=7 (full 1):
 PSYoungGen      total 32768K, used 4022K [0x00000000ec100000, 0x00000000ef200000, 0x0000000100000000)
  eden space 15360K, 0% used [0x00000000ec100000,0x00000000ec100000,0x00000000ed000000)
  from space 17408K, 23% used [0x00000000ee100000,0x00000000ee4eda78,0x00000000ef200000)
  to   space 17408K, 0% used [0x00000000ed000000,0x00000000ed000000,0x00000000ee100000)
 ParOldGen       total 59392K, used 36272K [0x00000000c4200000, 0x00000000c7c00000, 0x00000000ec100000)
  object space 59392K, 61% used [0x00000000c4200000,0x00000000c656c1b0,0x00000000c7c00000)
 Metaspace       used 16738K, capacity 17490K, committed 17664K, reserved 1064960K
  class space    used 2330K, capacity 2536K, committed 2560K, reserved 1048576K
}
Event: 139.936 GC heap before
{Heap before GC invocations=8 (full 1):
 PSYoungGen      total 32768K, used 19382K [0x00000000ec100000, 0x00000000ef200000, 0x0000000100000000)
  eden space 15360K, 100% used [0x00000000ec100000,0x00000000ed000000,0x00000000ed000000)
  from space 17408K, 23% used [0x00000000ee100000,0x00000000ee4eda78,0x00000000ef200000)
  to   space 17408K, 0% used [0x00000000ed000000,0x00000000ed000000,0x00000000ee100000)
 ParOldGen       total 59392K, used 36272K [0x00000000c4200000, 0x00000000c7c00000, 0x00000000ec100000)
  object space 59392K, 61% used [0x00000000c4200000,0x00000000c656c1b0,0x00000000c7c00000)
 Metaspace       used 17235K, capacity 18004K, committed 18304K, reserved 1064960K
  class space    used 2394K, capacity 2614K, committed 2688K, reserved 1048576K
Event: 139.948 GC heap after
Heap after GC invocations=8 (full 1):
 PSYoungGen      total 32768K, used 10890K [0x00000000ec100000, 0x00000000ef200000, 0x0000000100000000)
  eden space 15360K, 0% used [0x00000000ec100000,0x00000000ec100000,0x00000000ed000000)
  from space 17408K, 62% used [0x00000000ed000000,0x00000000edaa2b98,0x00000000ee100000)
  to   space 17408K, 0% used [0x00000000ee100000,0x00000000ee100000,0x00000000ef200000)
 ParOldGen       total 59392K, used 36280K [0x00000000c4200000, 0x00000000c7c00000, 0x00000000ec100000)
  object space 59392K, 61% used [0x00000000c4200000,0x00000000c656e1b0,0x00000000c7c00000)
 Metaspace       used 17235K, capacity 18004K, committed 18304K, reserved 1064960K
  class space    used 2394K, capacity 2614K, committed 2688K, reserved 1048576K
}
Event: 142.743 GC heap before
{Heap before GC invocations=9 (full 1):
 PSYoungGen      total 32768K, used 23237K [0x00000000ec100000, 0x00000000ef200000, 0x0000000100000000)
  eden space 15360K, 80% used [0x00000000ec100000,0x00000000ecd0eae0,0x00000000ed000000)
  from space 17408K, 62% used [0x00000000ed000000,0x00000000edaa2b98,0x00000000ee100000)
  to   space 17408K, 0% used [0x00000000ee100000,0x00000000ee100000,0x00000000ef200000)
 ParOldGen       total 59392K, used 36280K [0x00000000c4200000, 0x00000000c7c00000, 0x00000000ec100000)
  object space 59392K, 61% used [0x00000000c4200000,0x00000000c656e1b0,0x00000000c7c00000)
 Metaspace       used 17373K, capacity 18164K, committed 18304K, reserved 1064960K
  class space    used 2398K, capacity 2620K, committed 2688K, reserved 1048576K
Event: 142.753 GC heap after
Heap after GC invocations=9 (full 1):
 PSYoungGen      total 30208K, used 16660K [0x00000000ec100000, 0x00000000ef700000, 0x0000000100000000)
  eden space 12800K, 0% used [0x00000000ec100000,0x00000000ec100000,0x00000000ecd80000)
  from space 17408K, 95% used [0x00000000ee100000,0x00000000ef145270,0x00000000ef200000)
  to   space 19968K, 0% used [0x00000000ecd80000,0x00000000ecd80000,0x00000000ee100000)
 ParOldGen       total 59392K, used 36288K [0x00000000c4200000, 0x00000000c7c00000, 0x00000000ec100000)
  object space 59392K, 61% used [0x00000000c4200000,0x00000000c65701b0,0x00000000c7c00000)
 Metaspace       used 17373K, capacity 18164K, committed 18304K, reserved 1064960K
  class space    used 2398K, capacity 2620K, committed 2688K, reserved 1048576K
}
Event: 161.551 GC heap before
{Heap before GC invocations=10 (full 1):
 PSYoungGen      total 30208K, used 29460K [0x00000000ec100000, 0x00000000ef700000, 0x0000000100000000)
  eden space 12800K, 100% used [0x00000000ec100000,0x00000000ecd80000,0x00000000ecd80000)
  from space 17408K, 95% used [0x00000000ee100000,0x00000000ef145270,0x00000000ef200000)
  to   space 19968K, 0% used [0x00000000ecd80000,0x00000000ecd80000,0x00000000ee100000)
 ParOldGen       total 59392K, used 36288K [0x00000000c4200000, 0x00000000c7c00000, 0x00000000ec100000)
  object space 59392K, 61% used [0x00000000c4200000,0x00000000c65701b0,0x00000000c7c00000)
 Metaspace       used 17491K, capacity 18298K, committed 18560K, reserved 1064960K
  class space    used 2400K, capacity 2621K, committed 2688K, reserved 1048576K
Event: 161.571 GC heap after
Heap after GC invocations=10 (full 1):
 PSYoungGen      total 32768K, used 18169K [0x00000000ec100000, 0x00000000ef880000, 0x0000000100000000)
  eden space 12800K, 0% used [0x00000000ec100000,0x00000000ec100000,0x00000000ecd80000)
  from space 19968K, 90% used [0x00000000ecd80000,0x00000000edf3e6f0,0x00000000ee100000)
  to   space 22016K, 0% used [0x00000000ee300000,0x00000000ee300000,0x00000000ef880000)
 ParOldGen       total 59392K, used 41602K [0x00000000c4200000, 0x00000000c7c00000, 0x00000000ec100000)
  object space 59392K, 70% used [0x00000000c4200000,0x00000000c6aa0aa8,0x00000000c7c00000)
 Metaspace       used 17491K, capacity 18298K, committed 18560K, reserved 1064960K
  class space    used 2400K, capacity 2621K, committed 2688K, reserved 1048576K
}
Event: 196.784 GC heap before
{Heap before GC invocations=11 (full 1):
 PSYoungGen      total 32768K, used 30969K [0x00000000ec100000, 0x00000000ef880000, 0x0000000100000000)
  eden space 12800K, 100% used [0x00000000ec100000,0x00000000ecd80000,0x00000000ecd80000)
  from space 19968K, 90% used [0x00000000ecd80000,0x00000000edf3e6f0,0x00000000ee100000)
  to   space 22016K, 0% used [0x00000000ee300000,0x00000000ee300000,0x00000000ef880000)
 ParOldGen       total 59392K, used 41602K [0x00000000c4200000, 0x00000000c7c00000, 0x00000000ec100000)
  object space 59392K, 70% used [0x00000000c4200000,0x00000000c6aa0aa8,0x00000000c7c00000)
 Metaspace       used 18970K, capacity 19810K, committed 19968K, reserved 1067008K
  class space    used 2573K, capacity 2770K, committed 2816K, reserved 1048576K
Event: 196.798 GC heap after
Heap after GC invocations=11 (full 1):
 PSYoungGen      total 32768K, used 19140K [0x00000000ec100000, 0x00000000efc80000, 0x0000000100000000)
  eden space 10752K, 0% used [0x00000000ec100000,0x00000000ec100000,0x00000000ecb80000)
  from space 22016K, 86% used [0x00000000ee300000,0x00000000ef5b12f0,0x00000000ef880000)
  to   space 24064K, 0% used [0x00000000ecb80000,0x00000000ecb80000,0x00000000ee300000)
 ParOldGen       total 59392K, used 41610K [0x00000000c4200000, 0x00000000c7c00000, 0x00000000ec100000)
  object space 59392K, 70% used [0x00000000c4200000,0x00000000c6aa2aa8,0x00000000c7c00000)
 Metaspace       used 18970K, capacity 19810K, committed 19968K, reserved 1067008K
  class space    used 2573K, capacity 2770K, committed 2816K, reserved 1048576K
}

