# JRE version: Java(TM) SE Runtime Environment (8.0_171-b11) (build 1.8.0_171-b11)
# Java VM: Java HotSpot(TM) 64-Bit Server VM (25.171-b11 mixed mode linux-amd64 compressed oops)
Heap:
 PSYoungGen      total 43520K, used 26710K [0x00000000ec100000, 0x00000000efe80000, 0x0000000100000000)
  eden space 26624K, 49% used [0x00000000ec100000,0x00000000ecdd94f8,0x00000000edb00000)
  from space 16896K, 80% used [0x00000000eec80000,0x00000000ef9bc618,0x00000000efd00000)
  to   space 17920K, 0% used [0x00000000edb00000,0x00000000edb00000,0x00000000eec80000)
 ParOldGen       total 65024K, used 33950K [0x00000000c4200000, 0x00000000c8180000, 0x00000000ec100000)
  object space 65024K, 52% used [0x00000000c4200000,0x00000000c6327a18,0x00000000c8180000)
 Metaspace       used 20053K, capacity 21028K, committed 21248K, reserved 1067008K
  class space    used 2712K, capacity 2983K, committed 3072K, reserved 1048576K
GC Heap History (10 events):
Event: 31.708 GC heap before
{Heap before GC invocations=5 (full 0):
 PSYoungGen      total 17920K, used 17888K [0x00000000ec100000, 0x00000000ee400000, 0x0000000100000000)
  eden space 15360K, 100% used [0x00000000ec100000,0x00000000ed000000,0x00000000ed000000)
  from space 2560K, 98% used [0x00000000ed280000,0x00000000ed4f8040,0x00000000ed500000)
  to   space 2560K, 0% used [0x00000000ed000000,0x00000000ed000000,0x00000000ed280000)
 ParOldGen       total 40960K, used 25631K [0x00000000c4200000, 0x00000000c6a00000, 0x00000000ec100000)
  object space 40960K, 62% used [0x00000000c4200000,0x00000000c5b07cd0,0x00000000c6a00000)
 Metaspace       used 17608K, capacity 18364K, committed 18560K, reserved 1064960K
  class space    used 2510K, capacity 2683K, committed 2688K, reserved 1048576K
Event: 31.718 GC heap after
Heap after GC invocations=5 (full 0):
 PSYoungGen      total 17920K, used 2528K [0x00000000ec100000, 0x00000000eff00000, 0x0000000100000000)
  eden space 15360K, 0% used [0x00000000ec100000,0x00000000ec100000,0x00000000ed000000)
  from space 2560K, 98% used [0x00000000ed000000,0x00000000ed278048,0x00000000ed280000)
  to   space 16384K, 0% used [0x00000000eef00000,0x00000000eef00000,0x00000000eff00000)
 ParOldGen       total 40960K, used 32245K [0x00000000c4200000, 0x00000000c6a00000, 0x00000000ec100000)
  object space 40960K, 78% used [0x00000000c4200000,0x00000000c617d6d0,0x00000000c6a00000)
 Metaspace       used 17608K, capacity 18364K, committed 18560K, reserved 1064960K
  class space    used 2510K, capacity 2683K, committed 2688K, reserved 1048576K
}
Event: 31.719 GC heap before
{Heap before GC invocations=6 (full 1):
 PSYoungGen      total 17920K, used 2528K [0x00000000ec100000, 0x00000000eff00000, 0x0000000100000000)
  eden space 15360K, 0% used [0x00000000ec100000,0x00000000ec100000,0x00000000ed000000)
  from space 2560K, 98% used [0x00000000ed000000,0x00000000ed278048,0x00000000ed280000)
  to   space 16384K, 0% used [0x00000000eef00000,0x00000000eef00000,0x00000000eff00000)
 ParOldGen       total 40960K, used 32245K [0x00000000c4200000, 0x00000000c6a00000, 0x00000000ec100000)
  object space 40960K, 78% used [0x00000000c4200000,0x00000000c617d6d0,0x00000000c6a00000)
 Metaspace       used 17608K, capacity 18364K, committed 18560K, reserved 1064960K
  class space    used 2510K, capacity 2683K, committed 2688K, reserved 1048576K
Event: 31.787 GC heap after
Heap after GC invocations=6 (full 1):
 PSYoungGen      total 17920K, used 0K [0x00000000ec100000, 0x00000000eff00000, 0x0000000100000000)
  eden space 15360K, 0% used [0x00000000ec100000,0x00000000ec100000,0x00000000ed000000)
  from space 2560K, 0% used [0x00000000ed000000,0x00000000ed000000,0x00000000ed280000)
  to   space 16384K, 0% used [0x00000000eef00000,0x00000000eef00000,0x00000000eff00000)
 ParOldGen       total 65024K, used 33926K [0x00000000c4200000, 0x00000000c8180000, 0x00000000ec100000)
  object space 65024K, 52% used [0x00000000c4200000,0x00000000c6321a18,0x00000000c8180000)
 Metaspace       used 17608K, capacity 18364K, committed 18560K, reserved 1064960K
  class space    used 2510K, capacity 2683K, committed 2688K, reserved 1048576K
}
Event: 37.047 GC heap before
{Heap before GC invocations=7 (full 1):
 PSYoungGen      total 17920K, used 15360K [0x00000000ec100000, 0x00000000eff00000, 0x0000000100000000)
  eden space 15360K, 100% used [0x00000000ec100000,0x00000000ed000000,0x00000000ed000000)
  from space 2560K, 0% used [0x00000000ed000000,0x00000000ed000000,0x00000000ed280000)
  to   space 16384K, 0% used [0x00000000eef00000,0x00000000eef00000,0x00000000eff00000)
 ParOldGen       total 65024K, used 33926K [0x00000000c4200000, 0x00000000c8180000, 0x00000000ec100000)
  object space 65024K, 52% used [0x00000000c4200000,0x00000000c6321a18,0x00000000c8180000)
 Metaspace       used 18253K, capacity 19046K, committed 19200K, reserved 1064960K
  class space    used 2578K, capacity 2772K, committed 2816K, reserved 1048576K
Event: 37.053 GC heap after
Heap after GC invocations=7 (full 1):
 PSYoungGen      total 39936K, used 6911K [0x00000000ec100000, 0x00000000efa80000, 0x0000000100000000)
  eden space 28160K, 0% used [0x00000000ec100000,0x00000000ec100000,0x00000000edc80000)
  from space 11776K, 58% used [0x00000000eef00000,0x00000000ef5bffe0,0x00000000efa80000)
  to   space 15360K, 0% used [0x00000000edc80000,0x00000000edc80000,0x00000000eeb80000)
 ParOldGen       total 65024K, used 33934K [0x00000000c4200000, 0x00000000c8180000, 0x00000000ec100000)
  object space 65024K, 52% used [0x00000000c4200000,0x00000000c6323a18,0x00000000c8180000)
 Metaspace       used 18253K, capacity 19046K, committed 19200K, reserved 1064960K
  class space    used 2578K, capacity 2772K, committed 2816K, reserved 1048576K
}
Event: 44.102 GC heap before
{Heap before GC invocations=8 (full 1):
 PSYoungGen      total 39936K, used 35071K [0x00000000ec100000, 0x00000000efa80000, 0x0000000100000000)
  eden space 28160K, 100% used [0x00000000ec100000,0x00000000edc80000,0x00000000edc80000)
  from space 11776K, 58% used [0x00000000eef00000,0x00000000ef5bffe0,0x00000000efa80000)
  to   space 15360K, 0% used [0x00000000edc80000,0x00000000edc80000,0x00000000eeb80000)
 ParOldGen       total 65024K, used 33934K [0x00000000c4200000, 0x00000000c8180000, 0x00000000ec100000)
  object space 65024K, 52% used [0x00000000c4200000,0x00000000c6323a18,0x00000000c8180000)
 Metaspace       used 19626K, capacity 20568K, committed 20736K, reserved 1067008K
  class space    used 2704K, capacity 2945K, committed 3072K, reserved 1048576K
Event: 44.115 GC heap after
Heap after GC invocations=8 (full 1):
 PSYoungGen      total 43008K, used 13183K [0x00000000ec100000, 0x00000000efd00000, 0x0000000100000000)
  eden space 27648K, 0% used [0x00000000ec100000,0x00000000ec100000,0x00000000edc00000)
  from space 15360K, 85% used [0x00000000edc80000,0x00000000ee95fe70,0x00000000eeb80000)
  to   space 16896K, 0% used [0x00000000eec80000,0x00000000eec80000,0x00000000efd00000)
 ParOldGen       total 65024K, used 33942K [0x00000000c4200000, 0x00000000c8180000, 0x00000000ec100000)
  object space 65024K, 52% used [0x00000000c4200000,0x00000000c6325a18,0x00000000c8180000)
 Metaspace       used 19626K, capacity 20568K, committed 20736K, reserved 1067008K
  class space    used 2704K, capacity 2945K, committed 3072K, reserved 1048576K
}
Event: 56.001 GC heap before
{Heap before GC invocations=9 (full 1):
 PSYoungGen      total 43008K, used 40831K [0x00000000ec100000, 0x00000000efd00000, 0x0000000100000000)
  eden space 27648K, 100% used [0x00000000ec100000,0x00000000edc00000,0x00000000edc00000)
  from space 15360K, 85% used [0x00000000edc80000,0x00000000ee95fe70,0x00000000eeb80000)
  to   space 16896K, 0% used [0x00000000eec80000,0x00000000eec80000,0x00000000efd00000)
 ParOldGen       total 65024K, used 33942K [0x00000000c4200000, 0x00000000c8180000, 0x00000000ec100000)
  object space 65024K, 52% used [0x00000000c4200000,0x00000000c6325a18,0x00000000c8180000)
 Metaspace       used 19895K, capacity 20862K, committed 20992K, reserved 1067008K
  class space    used 2708K, capacity 2950K, committed 3072K, reserved 1048576K
Event: 56.012 GC heap after
Heap after GC invocations=9 (full 1):
 PSYoungGen      total 43520K, used 13553K [0x00000000ec100000, 0x00000000efe80000, 0x0000000100000000)
  eden space 26624K, 0% used [0x00000000ec100000,0x00000000ec100000,0x00000000edb00000)
  from space 16896K, 80% used [0x00000000eec80000,0x00000000ef9bc618,0x00000000efd00000)
  to   space 17920K, 0% used [0x00000000edb00000,0x00000000edb00000,0x00000000eec80000)
 ParOldGen       total 65024K, used 33950K [0x00000000c4200000, 0x00000000c8180000, 0x00000000ec100000)
  object space 65024K, 52% used [0x00000000c4200000,0x00000000c6327a18,0x00000000c8180000)
 Metaspace       used 19895K, capacity 20862K, committed 20992K, reserved 1067008K
  class space    used 2708K, capacity 2950K, committed 3072K, reserved 1048576K
}

