# JRE version: Java(TM) SE Runtime Environment (8.0_171-b11) (build 1.8.0_171-b11)
# Java VM: Java HotSpot(TM) 64-Bit Server VM (25.171-b11 mixed mode linux-amd64 compressed oops)
Heap:
 PSYoungGen      total 50176K, used 11444K [0x00000000ec100000, 0x00000000f0280000, 0x0000000100000000)
  eden space 37376K, 2% used [0x00000000ec100000,0x00000000ec216818,0x00000000ee580000)
  from space 12800K, 80% used [0x00000000ef600000,0x00000000f0016ba8,0x00000000f0280000)
  to   space 14848K, 0% used [0x00000000ee580000,0x00000000ee580000,0x00000000ef400000)
 ParOldGen       total 69120K, used 34866K [0x00000000c4200000, 0x00000000c8580000, 0x00000000ec100000)
  object space 69120K, 50% used [0x00000000c4200000,0x00000000c640cb70,0x00000000c8580000)
 Metaspace       used 19865K, capacity 20780K, committed 20992K, reserved 1067008K
  class space    used 2706K, capacity 2947K, committed 3072K, reserved 1048576K
GC Heap History (10 events):
Event: 6.778 GC heap before
{Heap before GC invocations=5 (full 0):
 PSYoungGen      total 17920K, used 17888K [0x00000000ec100000, 0x00000000ee400000, 0x0000000100000000)
  eden space 15360K, 100% used [0x00000000ec100000,0x00000000ed000000,0x00000000ed000000)
  from space 2560K, 98% used [0x00000000ed280000,0x00000000ed4f8030,0x00000000ed500000)
  to   space 2560K, 0% used [0x00000000ed000000,0x00000000ed000000,0x00000000ed280000)
 ParOldGen       total 40960K, used 25671K [0x00000000c4200000, 0x00000000c6a00000, 0x00000000ec100000)
  object space 40960K, 62% used [0x00000000c4200000,0x00000000c5b11d48,0x00000000c6a00000)
 Metaspace       used 17162K, capacity 17914K, committed 18048K, reserved 1064960K
  class space    used 2455K, capacity 2644K, committed 2688K, reserved 1048576K
Event: 6.795 GC heap after
Heap after GC invocations=5 (full 0):
 PSYoungGen      total 17920K, used 2528K [0x00000000ec100000, 0x00000000f0000000, 0x0000000100000000)
  eden space 15360K, 0% used [0x00000000ec100000,0x00000000ec100000,0x00000000ed000000)
  from space 2560K, 98% used [0x00000000ed000000,0x00000000ed278048,0x00000000ed280000)
  to   space 16896K, 0% used [0x00000000eef80000,0x00000000eef80000,0x00000000f0000000)
 ParOldGen       total 40960K, used 33210K [0x00000000c4200000, 0x00000000c6a00000, 0x00000000ec100000)
  object space 40960K, 81% used [0x00000000c4200000,0x00000000c626eaf0,0x00000000c6a00000)
 Metaspace       used 17162K, capacity 17914K, committed 18048K, reserved 1064960K
  class space    used 2455K, capacity 2644K, committed 2688K, reserved 1048576K
}
Event: 6.795 GC heap before
{Heap before GC invocations=6 (full 1):
 PSYoungGen      total 17920K, used 2528K [0x00000000ec100000, 0x00000000f0000000, 0x0000000100000000)
  eden space 15360K, 0% used [0x00000000ec100000,0x00000000ec100000,0x00000000ed000000)
  from space 2560K, 98% used [0x00000000ed000000,0x00000000ed278048,0x00000000ed280000)
  to   space 16896K, 0% used [0x00000000eef80000,0x00000000eef80000,0x00000000f0000000)
 ParOldGen       total 40960K, used 33210K [0x00000000c4200000, 0x00000000c6a00000, 0x00000000ec100000)
  object space 40960K, 81% used [0x00000000c4200000,0x00000000c626eaf0,0x00000000c6a00000)
 Metaspace       used 17162K, capacity 17914K, committed 18048K, reserved 1064960K
  class space    used 2455K, capacity 2644K, committed 2688K, reserved 1048576K
Event: 6.869 GC heap after
Heap after GC invocations=6 (full 1):
 PSYoungGen      total 17920K, used 0K [0x00000000ec100000, 0x00000000f0000000, 0x0000000100000000)
  eden space 15360K, 0% used [0x00000000ec100000,0x00000000ec100000,0x00000000ed000000)
  from space 2560K, 0% used [0x00000000ed000000,0x00000000ed000000,0x00000000ed280000)
  to   space 16896K, 0% used [0x00000000eef80000,0x00000000eef80000,0x00000000f0000000)
 ParOldGen       total 69120K, used 34850K [0x00000000c4200000, 0x00000000c8580000, 0x00000000ec100000)
  object space 69120K, 50% used [0x00000000c4200000,0x00000000c6408b70,0x00000000c8580000)
 Metaspace       used 17162K, capacity 17914K, committed 18048K, reserved 1064960K
  class space    used 2455K, capacity 2644K, committed 2688K, reserved 1048576K
}
Event: 9.677 GC heap before
{Heap before GC invocations=7 (full 1):
 PSYoungGen      total 17920K, used 14734K [0x00000000ec100000, 0x00000000f0000000, 0x0000000100000000)
  eden space 15360K, 95% used [0x00000000ec100000,0x00000000ecf63848,0x00000000ed000000)
  from space 2560K, 0% used [0x00000000ed000000,0x00000000ed000000,0x00000000ed280000)
  to   space 16896K, 0% used [0x00000000eef80000,0x00000000eef80000,0x00000000f0000000)
 ParOldGen       total 69120K, used 34850K [0x00000000c4200000, 0x00000000c8580000, 0x00000000ec100000)
  object space 69120K, 50% used [0x00000000c4200000,0x00000000c6408b70,0x00000000c8580000)
 Metaspace       used 17512K, capacity 18314K, committed 18560K, reserved 1064960K
  class space    used 2473K, capacity 2659K, committed 2688K, reserved 1048576K
Event: 9.683 GC heap after
Heap after GC invocations=7 (full 1):
 PSYoungGen      total 34304K, used 8267K [0x00000000ec100000, 0x00000000ef880000, 0x0000000100000000)
  eden space 25088K, 0% used [0x00000000ec100000,0x00000000ec100000,0x00000000ed980000)
  from space 9216K, 89% used [0x00000000eef80000,0x00000000ef792d00,0x00000000ef880000)
  to   space 15872K, 0% used [0x00000000ed980000,0x00000000ed980000,0x00000000ee900000)
 ParOldGen       total 69120K, used 34850K [0x00000000c4200000, 0x00000000c8580000, 0x00000000ec100000)
  object space 69120K, 50% used [0x00000000c4200000,0x00000000c6408b70,0x00000000c8580000)
 Metaspace       used 17512K, capacity 18314K, committed 18560K, reserved 1064960K
  class space    used 2473K, capacity 2659K, committed 2688K, reserved 1048576K
}
Event: 20.812 GC heap before
{Heap before GC invocations=8 (full 1):
 PSYoungGen      total 34304K, used 33355K [0x00000000ec100000, 0x00000000ef880000, 0x0000000100000000)
  eden space 25088K, 100% used [0x00000000ec100000,0x00000000ed980000,0x00000000ed980000)
  from space 9216K, 89% used [0x00000000eef80000,0x00000000ef792d00,0x00000000ef880000)
  to   space 15872K, 0% used [0x00000000ed980000,0x00000000ed980000,0x00000000ee900000)
 ParOldGen       total 69120K, used 34850K [0x00000000c4200000, 0x00000000c8580000, 0x00000000ec100000)
  object space 69120K, 50% used [0x00000000c4200000,0x00000000c6408b70,0x00000000c8580000)
 Metaspace       used 19612K, capacity 20524K, committed 20608K, reserved 1067008K
  class space    used 2702K, capacity 2911K, committed 2944K, reserved 1048576K
Event: 20.820 GC heap after
Heap after GC invocations=8 (full 1):
 PSYoungGen      total 40960K, used 9913K [0x00000000ec100000, 0x00000000f0500000, 0x0000000100000000)
  eden space 25088K, 0% used [0x00000000ec100000,0x00000000ec100000,0x00000000ed980000)
  from space 15872K, 62% used [0x00000000ed980000,0x00000000ee32e480,0x00000000ee900000)
  to   space 15360K, 0% used [0x00000000ef600000,0x00000000ef600000,0x00000000f0500000)
 ParOldGen       total 69120K, used 34858K [0x00000000c4200000, 0x00000000c8580000, 0x00000000ec100000)
  object space 69120K, 50% used [0x00000000c4200000,0x00000000c640ab70,0x00000000c8580000)
 Metaspace       used 19612K, capacity 20524K, committed 20608K, reserved 1067008K
  class space    used 2702K, capacity 2911K, committed 2944K, reserved 1048576K
}
Event: 31.257 GC heap before
{Heap before GC invocations=9 (full 1):
 PSYoungGen      total 40960K, used 35001K [0x00000000ec100000, 0x00000000f0500000, 0x0000000100000000)
  eden space 25088K, 100% used [0x00000000ec100000,0x00000000ed980000,0x00000000ed980000)
  from space 15872K, 62% used [0x00000000ed980000,0x00000000ee32e480,0x00000000ee900000)
  to   space 15360K, 0% used [0x00000000ef600000,0x00000000ef600000,0x00000000f0500000)
 ParOldGen       total 69120K, used 34858K [0x00000000c4200000, 0x00000000c8580000, 0x00000000ec100000)
  object space 69120K, 50% used [0x00000000c4200000,0x00000000c640ab70,0x00000000c8580000)
 Metaspace       used 19859K, capacity 20780K, committed 20992K, reserved 1067008K
  class space    used 2706K, capacity 2947K, committed 3072K, reserved 1048576K
Event: 31.267 GC heap after
Heap after GC invocations=9 (full 1):
 PSYoungGen      total 50176K, used 10330K [0x00000000ec100000, 0x00000000f0280000, 0x0000000100000000)
  eden space 37376K, 0% used [0x00000000ec100000,0x00000000ec100000,0x00000000ee580000)
  from space 12800K, 80% used [0x00000000ef600000,0x00000000f0016ba8,0x00000000f0280000)
  to   space 14848K, 0% used [0x00000000ee580000,0x00000000ee580000,0x00000000ef400000)
 ParOldGen       total 69120K, used 34866K [0x00000000c4200000, 0x00000000c8580000, 0x00000000ec100000)
  object space 69120K, 50% used [0x00000000c4200000,0x00000000c640cb70,0x00000000c8580000)
 Metaspace       used 19859K, capacity 20780K, committed 20992K, reserved 1067008K
  class space    used 2706K, capacity 2947K, committed 3072K, reserved 1048576K
}

