# JRE version: Java(TM) SE Runtime Environment (8.0_171-b11) (build 1.8.0_171-b11)
# Java VM: Java HotSpot(TM) 64-Bit Server VM (25.171-b11 mixed mode linux-amd64 compressed oops)
Heap:
 PSYoungGen      total 70144K, used 17627K [0x00000000ec100000, 0x00000000f1a80000, 0x0000000100000000)
  eden space 52736K, 25% used [0x00000000ec100000,0x00000000ece11440,0x00000000ef480000)
  from space 17408K, 24% used [0x00000000f0980000,0x00000000f0da5b20,0x00000000f1a80000)
  to   space 19456K, 0% used [0x00000000ef480000,0x00000000ef480000,0x00000000f0780000)
 ParOldGen       total 60928K, used 45085K [0x00000000c4200000, 0x00000000c7d80000, 0x00000000ec100000)
  object space 60928K, 73% used [0x00000000c4200000,0x00000000c6e07718,0x00000000c7d80000)
 Metaspace       used 20516K, capacity 21434K, committed 21760K, reserved 1069056K
  class space    used 2724K, capacity 2994K, committed 3072K, reserved 1048576K
GC Heap History (10 events):
Event: 86.353 GC heap before
{Heap before GC invocations=7 (full 1):
 PSYoungGen      total 17920K, used 17904K [0x00000000ec100000, 0x00000000eff80000, 0x0000000100000000)
  eden space 15360K, 100% used [0x00000000ec100000,0x00000000ed000000,0x00000000ed000000)
  from space 2560K, 99% used [0x00000000ed000000,0x00000000ed27c070,0x00000000ed280000)
  to   space 16896K, 0% used [0x00000000eef00000,0x00000000eef00000,0x00000000eff80000)
 ParOldGen       total 60928K, used 33114K [0x00000000c4200000, 0x00000000c7d80000, 0x00000000ec100000)
  object space 60928K, 54% used [0x00000000c4200000,0x00000000c62568b8,0x00000000c7d80000)
 Metaspace       used 17491K, capacity 18262K, committed 18304K, reserved 1064960K
  class space    used 2474K, capacity 2667K, committed 2688K, reserved 1048576K
Event: 86.363 GC heap after
Heap after GC invocations=7 (full 1):
 PSYoungGen      total 46592K, used 11670K [0x00000000ec100000, 0x00000000f0080000, 0x0000000100000000)
  eden space 29696K, 0% used [0x00000000ec100000,0x00000000ec100000,0x00000000ede00000)
  from space 16896K, 69% used [0x00000000eef00000,0x00000000efa659a8,0x00000000eff80000)
  to   space 17408K, 0% used [0x00000000ede00000,0x00000000ede00000,0x00000000eef00000)
 ParOldGen       total 60928K, used 33122K [0x00000000c4200000, 0x00000000c7d80000, 0x00000000ec100000)
  object space 60928K, 54% used [0x00000000c4200000,0x00000000c62588b8,0x00000000c7d80000)
 Metaspace       used 17491K, capacity 18262K, committed 18304K, reserved 1064960K
  class space    used 2474K, capacity 2667K, committed 2688K, reserved 1048576K
}
Event: 94.305 GC heap before
{Heap before GC invocations=8 (full 1):
 PSYoungGen      total 46592K, used 41366K [0x00000000ec100000, 0x00000000f0080000, 0x0000000100000000)
  eden space 29696K, 100% used [0x00000000ec100000,0x00000000ede00000,0x00000000ede00000)
  from space 16896K, 69% used [0x00000000eef00000,0x00000000efa659a8,0x00000000eff80000)
  to   space 17408K, 0% used [0x00000000ede00000,0x00000000ede00000,0x00000000eef00000)
 ParOldGen       total 60928K, used 33122K [0x00000000c4200000, 0x00000000c7d80000, 0x00000000ec100000)
  object space 60928K, 54% used [0x00000000c4200000,0x00000000c62588b8,0x00000000c7d80000)
 Metaspace       used 19474K, capacity 20394K, committed 20736K, reserved 1067008K
  class space    used 2702K, capacity 2954K, committed 3072K, reserved 1048576K
Event: 94.315 GC heap after
Heap after GC invocations=8 (full 1):
 PSYoungGen      total 47104K, used 12379K [0x00000000ec100000, 0x00000000f1d00000, 0x0000000100000000)
  eden space 29696K, 0% used [0x00000000ec100000,0x00000000ec100000,0x00000000ede00000)
  from space 17408K, 71% used [0x00000000ede00000,0x00000000eea16c08,0x00000000eef00000)
  to   space 17920K, 0% used [0x00000000f0b80000,0x00000000f0b80000,0x00000000f1d00000)
 ParOldGen       total 60928K, used 33130K [0x00000000c4200000, 0x00000000c7d80000, 0x00000000ec100000)
  object space 60928K, 54% used [0x00000000c4200000,0x00000000c625a8b8,0x00000000c7d80000)
 Metaspace       used 19474K, capacity 20394K, committed 20736K, reserved 1067008K
  class space    used 2702K, capacity 2954K, committed 3072K, reserved 1048576K
}
Event: 108.154 GC heap before
{Heap before GC invocations=9 (full 1):
 PSYoungGen      total 47104K, used 42075K [0x00000000ec100000, 0x00000000f1d00000, 0x0000000100000000)
  eden space 29696K, 100% used [0x00000000ec100000,0x00000000ede00000,0x00000000ede00000)
  from space 17408K, 71% used [0x00000000ede00000,0x00000000eea16c08,0x00000000eef00000)
  to   space 17920K, 0% used [0x00000000f0b80000,0x00000000f0b80000,0x00000000f1d00000)
 ParOldGen       total 60928K, used 33130K [0x00000000c4200000, 0x00000000c7d80000, 0x00000000ec100000)
  object space 60928K, 54% used [0x00000000c4200000,0x00000000c625a8b8,0x00000000c7d80000)
 Metaspace       used 19923K, capacity 20844K, committed 20992K, reserved 1067008K
  class space    used 2716K, capacity 2991K, committed 3072K, reserved 1048576K
Event: 108.169 GC heap after
Heap after GC invocations=9 (full 1):
 PSYoungGen      total 74752K, used 15099K [0x00000000ec100000, 0x00000000f1f80000, 0x0000000100000000)
  eden space 56832K, 0% used [0x00000000ec100000,0x00000000ec100000,0x00000000ef880000)
  from space 17920K, 84% used [0x00000000f0b80000,0x00000000f1a3ec58,0x00000000f1d00000)
  to   space 19456K, 0% used [0x00000000ef880000,0x00000000ef880000,0x00000000f0b80000)
 ParOldGen       total 60928K, used 33138K [0x00000000c4200000, 0x00000000c7d80000, 0x00000000ec100000)
  object space 60928K, 54% used [0x00000000c4200000,0x00000000c625c8b8,0x00000000c7d80000)
 Metaspace       used 19923K, capacity 20844K, committed 20992K, reserved 1067008K
  class space    used 2716K, capacity 2991K, committed 3072K, reserved 1048576K
}
Event: 127.136 GC heap before
{Heap before GC invocations=10 (full 1):
 PSYoungGen      total 74752K, used 70911K [0x00000000ec100000, 0x00000000f1f80000, 0x0000000100000000)
  eden space 56832K, 98% used [0x00000000ec100000,0x00000000ef781370,0x00000000ef880000)
  from space 17920K, 84% used [0x00000000f0b80000,0x00000000f1a3ec58,0x00000000f1d00000)
  to   space 19456K, 0% used [0x00000000ef880000,0x00000000ef880000,0x00000000f0b80000)
 ParOldGen       total 60928K, used 33138K [0x00000000c4200000, 0x00000000c7d80000, 0x00000000ec100000)
  object space 60928K, 54% used [0x00000000c4200000,0x00000000c625c8b8,0x00000000c7d80000)
 Metaspace       used 20203K, capacity 21170K, committed 21504K, reserved 1067008K
  class space    used 2717K, capacity 2992K, committed 3072K, reserved 1048576K
Event: 127.151 GC heap after
Heap after GC invocations=10 (full 1):
 PSYoungGen      total 60416K, used 5312K [0x00000000ec100000, 0x00000000f1c80000, 0x0000000100000000)
  eden space 54784K, 0% used [0x00000000ec100000,0x00000000ec100000,0x00000000ef680000)
  from space 5632K, 94% used [0x00000000ef880000,0x00000000efdb00b0,0x00000000efe00000)
  to   space 19456K, 0% used [0x00000000f0980000,0x00000000f0980000,0x00000000f1c80000)
 ParOldGen       total 60928K, used 43481K [0x00000000c4200000, 0x00000000c7d80000, 0x00000000ec100000)
  object space 60928K, 71% used [0x00000000c4200000,0x00000000c6c766c0,0x00000000c7d80000)
 Metaspace       used 20203K, capacity 21170K, committed 21504K, reserved 1067008K
  class space    used 2717K, capacity 2992K, committed 3072K, reserved 1048576K
}
Event: 156.439 GC heap before
{Heap before GC invocations=11 (full 1):
 PSYoungGen      total 60416K, used 60096K [0x00000000ec100000, 0x00000000f1c80000, 0x0000000100000000)
  eden space 54784K, 100% used [0x00000000ec100000,0x00000000ef680000,0x00000000ef680000)
  from space 5632K, 94% used [0x00000000ef880000,0x00000000efdb00b0,0x00000000efe00000)
  to   space 19456K, 0% used [0x00000000f0980000,0x00000000f0980000,0x00000000f1c80000)
 ParOldGen       total 60928K, used 43481K [0x00000000c4200000, 0x00000000c7d80000, 0x00000000ec100000)
  object space 60928K, 71% used [0x00000000c4200000,0x00000000c6c766c0,0x00000000c7d80000)
 Metaspace       used 20445K, capacity 21364K, committed 21504K, reserved 1067008K
  class space    used 2721K, capacity 2993K, committed 3072K, reserved 1048576K
Event: 156.450 GC heap after
Heap after GC invocations=11 (full 1):
 PSYoungGen      total 70144K, used 4246K [0x00000000ec100000, 0x00000000f1a80000, 0x0000000100000000)
  eden space 52736K, 0% used [0x00000000ec100000,0x00000000ec100000,0x00000000ef480000)
  from space 17408K, 24% used [0x00000000f0980000,0x00000000f0da5b20,0x00000000f1a80000)
  to   space 19456K, 0% used [0x00000000ef480000,0x00000000ef480000,0x00000000f0780000)
 ParOldGen       total 60928K, used 45085K [0x00000000c4200000, 0x00000000c7d80000, 0x00000000ec100000)
  object space 60928K, 73% used [0x00000000c4200000,0x00000000c6e07718,0x00000000c7d80000)
 Metaspace       used 20445K, capacity 21364K, committed 21504K, reserved 1067008K
  class space    used 2721K, capacity 2993K, committed 3072K, reserved 1048576K
}

