# JRE version: Java(TM) SE Runtime Environment (8.0_171-b11) (build 1.8.0_171-b11)
# Java VM: Java HotSpot(TM) 64-Bit Server VM (25.171-b11 mixed mode linux-amd64 compressed oops)
Heap:
 PSYoungGen      total 46080K, used 27728K [0x00000000ec100000, 0x00000000f2c00000, 0x0000000100000000)
  eden space 31744K, 42% used [0x00000000ec100000,0x00000000ece369d0,0x00000000ee000000)
  from space 14336K, 99% used [0x00000000ee080000,0x00000000eee5d8d0,0x00000000eee80000)
  to   space 38912K, 0% used [0x00000000f0600000,0x00000000f0600000,0x00000000f2c00000)
 ParOldGen       total 238592K, used 199695K [0x00000000c4200000, 0x00000000d2b00000, 0x00000000ec100000)
  object space 238592K, 83% used [0x00000000c4200000,0x00000000d0503ee8,0x00000000d2b00000)
 Metaspace       used 21777K, capacity 22866K, committed 23040K, reserved 1069056K
  class space    used 2744K, capacity 3012K, committed 3072K, reserved 1048576K
GC Heap History (10 events):
Event: 594.820 GC heap before
{Heap before GC invocations=46 (full 8):
 PSYoungGen      total 75776K, used 35512K [0x00000000ec100000, 0x00000000f3500000, 0x0000000100000000)
  eden space 33792K, 94% used [0x00000000ec100000,0x00000000ee009fc8,0x00000000ee200000)
  from space 41984K, 8% used [0x00000000ee280000,0x00000000ee624040,0x00000000f0b80000)
  to   space 42496K, 0% used [0x00000000f0b80000,0x00000000f0b80000,0x00000000f3500000)
 ParOldGen       total 184832K, used 145533K [0x00000000c4200000, 0x00000000cf680000, 0x00000000ec100000)
  object space 184832K, 78% used [0x00000000c4200000,0x00000000cd01f408,0x00000000cf680000)
 Metaspace       used 21684K, capacity 22790K, committed 23040K, reserved 1069056K
  class space    used 2743K, capacity 3012K, committed 3072K, reserved 1048576K
Event: 594.829 GC heap after
Heap after GC invocations=46 (full 8):
 PSYoungGen      total 74240K, used 23554K [0x00000000ec100000, 0x00000000f3380000, 0x0000000100000000)
  eden space 33280K, 0% used [0x00000000ec100000,0x00000000ec100000,0x00000000ee180000)
  from space 40960K, 57% used [0x00000000f0b80000,0x00000000f2280a38,0x00000000f3380000)
  to   space 41984K, 0% used [0x00000000ee180000,0x00000000ee180000,0x00000000f0a80000)
 ParOldGen       total 184832K, used 148075K [0x00000000c4200000, 0x00000000cf680000, 0x00000000ec100000)
  object space 184832K, 80% used [0x00000000c4200000,0x00000000cd29acf0,0x00000000cf680000)
 Metaspace       used 21684K, capacity 22790K, committed 23040K, reserved 1069056K
  class space    used 2743K, capacity 3012K, committed 3072K, reserved 1048576K
}
Event: 611.463 GC heap before
{Heap before GC invocations=47 (full 8):
 PSYoungGen      total 74240K, used 56834K [0x00000000ec100000, 0x00000000f3380000, 0x0000000100000000)
  eden space 33280K, 100% used [0x00000000ec100000,0x00000000ee180000,0x00000000ee180000)
  from space 40960K, 57% used [0x00000000f0b80000,0x00000000f2280a38,0x00000000f3380000)
  to   space 41984K, 0% used [0x00000000ee180000,0x00000000ee180000,0x00000000f0a80000)
 ParOldGen       total 184832K, used 148075K [0x00000000c4200000, 0x00000000cf680000, 0x00000000ec100000)
  object space 184832K, 80% used [0x00000000c4200000,0x00000000cd29acf0,0x00000000cf680000)
 Metaspace       used 21705K, capacity 22854K, committed 23040K, reserved 1069056K
  class space    used 2743K, capacity 3012K, committed 3072K, reserved 1048576K
Event: 611.478 GC heap after
Heap after GC invocations=47 (full 8):
 PSYoungGen      total 43008K, used 9931K [0x00000000ec100000, 0x00000000f3200000, 0x0000000100000000)
  eden space 32768K, 0% used [0x00000000ec100000,0x00000000ec100000,0x00000000ee100000)
  from space 10240K, 96% used [0x00000000ee180000,0x00000000eeb32fb0,0x00000000eeb80000)
  to   space 41472K, 0% used [0x00000000f0980000,0x00000000f0980000,0x00000000f3200000)
 ParOldGen       total 184832K, used 170667K [0x00000000c4200000, 0x00000000cf680000, 0x00000000ec100000)
  object space 184832K, 92% used [0x00000000c4200000,0x00000000ce8aad20,0x00000000cf680000)
 Metaspace       used 21705K, capacity 22854K, committed 23040K, reserved 1069056K
  class space    used 2743K, capacity 3012K, committed 3072K, reserved 1048576K
}
Event: 611.478 GC heap before
{Heap before GC invocations=48 (full 9):
 PSYoungGen      total 43008K, used 9931K [0x00000000ec100000, 0x00000000f3200000, 0x0000000100000000)
  eden space 32768K, 0% used [0x00000000ec100000,0x00000000ec100000,0x00000000ee100000)
  from space 10240K, 96% used [0x00000000ee180000,0x00000000eeb32fb0,0x00000000eeb80000)
  to   space 41472K, 0% used [0x00000000f0980000,0x00000000f0980000,0x00000000f3200000)
 ParOldGen       total 184832K, used 170667K [0x00000000c4200000, 0x00000000cf680000, 0x00000000ec100000)
  object space 184832K, 92% used [0x00000000c4200000,0x00000000ce8aad20,0x00000000cf680000)
 Metaspace       used 21705K, capacity 22854K, committed 23040K, reserved 1069056K
  class space    used 2743K, capacity 3012K, committed 3072K, reserved 1048576K
Event: 611.611 GC heap after
Heap after GC invocations=48 (full 9):
 PSYoungGen      total 43008K, used 0K [0x00000000ec100000, 0x00000000f3200000, 0x0000000100000000)
  eden space 32768K, 0% used [0x00000000ec100000,0x00000000ec100000,0x00000000ee100000)
  from space 10240K, 0% used [0x00000000ee180000,0x00000000ee180000,0x00000000eeb80000)
  to   space 41472K, 0% used [0x00000000f0980000,0x00000000f0980000,0x00000000f3200000)
 ParOldGen       total 238592K, used 179286K [0x00000000c4200000, 0x00000000d2b00000, 0x00000000ec100000)
  object space 238592K, 75% used [0x00000000c4200000,0x00000000cf1159b0,0x00000000d2b00000)
 Metaspace       used 21705K, capacity 22854K, committed 23040K, reserved 1069056K
  class space    used 2743K, capacity 3012K, committed 3072K, reserved 1048576K
}
Event: 633.406 GC heap before
{Heap before GC invocations=49 (full 9):
 PSYoungGen      total 43008K, used 32380K [0x00000000ec100000, 0x00000000f3200000, 0x0000000100000000)
  eden space 32768K, 98% used [0x00000000ec100000,0x00000000ee09f070,0x00000000ee100000)
  from space 10240K, 0% used [0x00000000ee180000,0x00000000ee180000,0x00000000eeb80000)
  to   space 41472K, 0% used [0x00000000f0980000,0x00000000f0980000,0x00000000f3200000)
 ParOldGen       total 238592K, used 179286K [0x00000000c4200000, 0x00000000d2b00000, 0x00000000ec100000)
  object space 238592K, 75% used [0x00000000c4200000,0x00000000cf1159b0,0x00000000d2b00000)
 Metaspace       used 21719K, capacity 22858K, committed 23040K, reserved 1069056K
  class space    used 2744K, capacity 3012K, committed 3072K, reserved 1048576K
Event: 633.419 GC heap after
Heap after GC invocations=49 (full 9):
 PSYoungGen      total 71168K, used 21247K [0x00000000ec100000, 0x00000000f2f80000, 0x0000000100000000)
  eden space 32256K, 0% used [0x00000000ec100000,0x00000000ec100000,0x00000000ee080000)
  from space 38912K, 54% used [0x00000000f0980000,0x00000000f1e3fe98,0x00000000f2f80000)
  to   space 40448K, 0% used [0x00000000ee080000,0x00000000ee080000,0x00000000f0800000)
 ParOldGen       total 238592K, used 179286K [0x00000000c4200000, 0x00000000d2b00000, 0x00000000ec100000)
  object space 238592K, 75% used [0x00000000c4200000,0x00000000cf1159b0,0x00000000d2b00000)
 Metaspace       used 21719K, capacity 22858K, committed 23040K, reserved 1069056K
  class space    used 2744K, capacity 3012K, committed 3072K, reserved 1048576K
}
Event: 645.669 GC heap before
{Heap before GC invocations=50 (full 9):
 PSYoungGen      total 71168K, used 53503K [0x00000000ec100000, 0x00000000f2f80000, 0x0000000100000000)
  eden space 32256K, 100% used [0x00000000ec100000,0x00000000ee080000,0x00000000ee080000)
  from space 38912K, 54% used [0x00000000f0980000,0x00000000f1e3fe98,0x00000000f2f80000)
  to   space 40448K, 0% used [0x00000000ee080000,0x00000000ee080000,0x00000000f0800000)
 ParOldGen       total 238592K, used 179286K [0x00000000c4200000, 0x00000000d2b00000, 0x00000000ec100000)
  object space 238592K, 75% used [0x00000000c4200000,0x00000000cf1159b0,0x00000000d2b00000)
 Metaspace       used 21753K, capacity 22866K, committed 23040K, reserved 1069056K
  class space    used 2744K, capacity 3012K, committed 3072K, reserved 1048576K
Event: 645.689 GC heap after
Heap after GC invocations=50 (full 9):
 PSYoungGen      total 46080K, used 14198K [0x00000000ec100000, 0x00000000f2c00000, 0x0000000100000000)
  eden space 31744K, 0% used [0x00000000ec100000,0x00000000ec100000,0x00000000ee000000)
  from space 14336K, 99% used [0x00000000ee080000,0x00000000eee5d8d0,0x00000000eee80000)
  to   space 38912K, 0% used [0x00000000f0600000,0x00000000f0600000,0x00000000f2c00000)
 ParOldGen       total 238592K, used 199695K [0x00000000c4200000, 0x00000000d2b00000, 0x00000000ec100000)
  object space 238592K, 83% used [0x00000000c4200000,0x00000000d0503ee8,0x00000000d2b00000)
 Metaspace       used 21753K, capacity 22866K, committed 23040K, reserved 1069056K
  class space    used 2744K, capacity 3012K, committed 3072K, reserved 1048576K
}

