# JRE version: Java(TM) SE Runtime Environment (8.0_171-b11) (build 1.8.0_171-b11)
# Java VM: Java HotSpot(TM) 64-Bit Server VM (25.171-b11 mixed mode linux-amd64 compressed oops)
Heap:
 PSYoungGen      total 58880K, used 22378K [0x00000000ec100000, 0x00000000f0b00000, 0x0000000100000000)
  eden space 45056K, 26% used [0x00000000ec100000,0x00000000ecc7ff18,0x00000000eed00000)
  from space 13824K, 76% used [0x00000000efd80000,0x00000000f07dab98,0x00000000f0b00000)
  to   space 15360K, 0% used [0x00000000eed00000,0x00000000eed00000,0x00000000efc00000)
 ParOldGen       total 68096K, used 34940K [0x00000000c4200000, 0x00000000c8480000, 0x00000000ec100000)
  object space 68096K, 51% used [0x00000000c4200000,0x00000000c641f150,0x00000000c8480000)
 Metaspace       used 20472K, capacity 21466K, committed 21504K, reserved 1067008K
  class space    used 2795K, capacity 3066K, committed 3072K, reserved 1048576K
GC Heap History (10 events):
Event: 16.140 GC heap before
{Heap before GC invocations=5 (full 0):
 PSYoungGen      total 17920K, used 17888K [0x00000000ec100000, 0x00000000ee400000, 0x0000000100000000)
  eden space 15360K, 100% used [0x00000000ec100000,0x00000000ed000000,0x00000000ed000000)
  from space 2560K, 98% used [0x00000000ed280000,0x00000000ed4f8030,0x00000000ed500000)
  to   space 2560K, 0% used [0x00000000ed000000,0x00000000ed000000,0x00000000ed280000)
 ParOldGen       total 40960K, used 25680K [0x00000000c4200000, 0x00000000c6a00000, 0x00000000ec100000)
  object space 40960K, 62% used [0x00000000c4200000,0x00000000c5b14278,0x00000000c6a00000)
 Metaspace       used 17159K, capacity 17918K, committed 18048K, reserved 1064960K
  class space    used 2455K, capacity 2644K, committed 2688K, reserved 1048576K
Event: 16.150 GC heap after
Heap after GC invocations=5 (full 0):
 PSYoungGen      total 17920K, used 2528K [0x00000000ec100000, 0x00000000f0000000, 0x0000000100000000)
  eden space 15360K, 0% used [0x00000000ec100000,0x00000000ec100000,0x00000000ed000000)
  from space 2560K, 98% used [0x00000000ed000000,0x00000000ed278068,0x00000000ed280000)
  to   space 16896K, 0% used [0x00000000eef80000,0x00000000eef80000,0x00000000f0000000)
 ParOldGen       total 40960K, used 33176K [0x00000000c4200000, 0x00000000c6a00000, 0x00000000ec100000)
  object space 40960K, 80% used [0x00000000c4200000,0x00000000c6266020,0x00000000c6a00000)
 Metaspace       used 17159K, capacity 17918K, committed 18048K, reserved 1064960K
  class space    used 2455K, capacity 2644K, committed 2688K, reserved 1048576K
}
Event: 16.150 GC heap before
{Heap before GC invocations=6 (full 1):
 PSYoungGen      total 17920K, used 2528K [0x00000000ec100000, 0x00000000f0000000, 0x0000000100000000)
  eden space 15360K, 0% used [0x00000000ec100000,0x00000000ec100000,0x00000000ed000000)
  from space 2560K, 98% used [0x00000000ed000000,0x00000000ed278068,0x00000000ed280000)
  to   space 16896K, 0% used [0x00000000eef80000,0x00000000eef80000,0x00000000f0000000)
 ParOldGen       total 40960K, used 33176K [0x00000000c4200000, 0x00000000c6a00000, 0x00000000ec100000)
  object space 40960K, 80% used [0x00000000c4200000,0x00000000c6266020,0x00000000c6a00000)
 Metaspace       used 17159K, capacity 17918K, committed 18048K, reserved 1064960K
  class space    used 2455K, capacity 2644K, committed 2688K, reserved 1048576K
Event: 16.223 GC heap after
Heap after GC invocations=6 (full 1):
 PSYoungGen      total 17920K, used 0K [0x00000000ec100000, 0x00000000f0000000, 0x0000000100000000)
  eden space 15360K, 0% used [0x00000000ec100000,0x00000000ec100000,0x00000000ed000000)
  from space 2560K, 0% used [0x00000000ed000000,0x00000000ed000000,0x00000000ed280000)
  to   space 16896K, 0% used [0x00000000eef80000,0x00000000eef80000,0x00000000f0000000)
 ParOldGen       total 68096K, used 34916K [0x00000000c4200000, 0x00000000c8480000, 0x00000000ec100000)
  object space 68096K, 51% used [0x00000000c4200000,0x00000000c6419150,0x00000000c8480000)
 Metaspace       used 17159K, capacity 17918K, committed 18048K, reserved 1064960K
  class space    used 2455K, capacity 2644K, committed 2688K, reserved 1048576K
}
Event: 17.835 GC heap before
{Heap before GC invocations=7 (full 1):
 PSYoungGen      total 17920K, used 14812K [0x00000000ec100000, 0x00000000f0000000, 0x0000000100000000)
  eden space 15360K, 96% used [0x00000000ec100000,0x00000000ecf773f8,0x00000000ed000000)
  from space 2560K, 0% used [0x00000000ed000000,0x00000000ed000000,0x00000000ed280000)
  to   space 16896K, 0% used [0x00000000eef80000,0x00000000eef80000,0x00000000f0000000)
 ParOldGen       total 68096K, used 34916K [0x00000000c4200000, 0x00000000c8480000, 0x00000000ec100000)
  object space 68096K, 51% used [0x00000000c4200000,0x00000000c6419150,0x00000000c8480000)
 Metaspace       used 17506K, capacity 18260K, committed 18304K, reserved 1064960K
  class space    used 2474K, capacity 2660K, committed 2688K, reserved 1048576K
Event: 17.842 GC heap after
Heap after GC invocations=7 (full 1):
 PSYoungGen      total 38400K, used 8267K [0x00000000ec100000, 0x00000000efa80000, 0x0000000100000000)
  eden space 27136K, 0% used [0x00000000ec100000,0x00000000ec100000,0x00000000edb80000)
  from space 11264K, 73% used [0x00000000eef80000,0x00000000ef792cc8,0x00000000efa80000)
  to   space 15872K, 0% used [0x00000000edb80000,0x00000000edb80000,0x00000000eeb00000)
 ParOldGen       total 68096K, used 34924K [0x00000000c4200000, 0x00000000c8480000, 0x00000000ec100000)
  object space 68096K, 51% used [0x00000000c4200000,0x00000000c641b150,0x00000000c8480000)
 Metaspace       used 17506K, capacity 18260K, committed 18304K, reserved 1064960K
  class space    used 2474K, capacity 2660K, committed 2688K, reserved 1048576K
}
Event: 24.263 GC heap before
{Heap before GC invocations=8 (full 1):
 PSYoungGen      total 38400K, used 35403K [0x00000000ec100000, 0x00000000efa80000, 0x0000000100000000)
  eden space 27136K, 100% used [0x00000000ec100000,0x00000000edb80000,0x00000000edb80000)
  from space 11264K, 73% used [0x00000000eef80000,0x00000000ef792cc8,0x00000000efa80000)
  to   space 15872K, 0% used [0x00000000edb80000,0x00000000edb80000,0x00000000eeb00000)
 ParOldGen       total 68096K, used 34924K [0x00000000c4200000, 0x00000000c8480000, 0x00000000ec100000)
  object space 68096K, 51% used [0x00000000c4200000,0x00000000c641b150,0x00000000c8480000)
 Metaspace       used 19517K, capacity 20424K, committed 20736K, reserved 1067008K
  class space    used 2713K, capacity 2979K, committed 3072K, reserved 1048576K
Event: 24.279 GC heap after
Heap after GC invocations=8 (full 1):
 PSYoungGen      total 43008K, used 9993K [0x00000000ec100000, 0x00000000f0c80000, 0x0000000100000000)
  eden space 27136K, 0% used [0x00000000ec100000,0x00000000ec100000,0x00000000edb80000)
  from space 15872K, 62% used [0x00000000edb80000,0x00000000ee542470,0x00000000eeb00000)
  to   space 15360K, 0% used [0x00000000efd80000,0x00000000efd80000,0x00000000f0c80000)
 ParOldGen       total 68096K, used 34932K [0x00000000c4200000, 0x00000000c8480000, 0x00000000ec100000)
  object space 68096K, 51% used [0x00000000c4200000,0x00000000c641d150,0x00000000c8480000)
 Metaspace       used 19517K, capacity 20424K, committed 20736K, reserved 1067008K
  class space    used 2713K, capacity 2979K, committed 3072K, reserved 1048576K
}
Event: 33.588 GC heap before
{Heap before GC invocations=9 (full 1):
 PSYoungGen      total 43008K, used 36672K [0x00000000ec100000, 0x00000000f0c80000, 0x0000000100000000)
  eden space 27136K, 98% used [0x00000000ec100000,0x00000000edb0df48,0x00000000edb80000)
  from space 15872K, 62% used [0x00000000edb80000,0x00000000ee542470,0x00000000eeb00000)
  to   space 15360K, 0% used [0x00000000efd80000,0x00000000efd80000,0x00000000f0c80000)
 ParOldGen       total 68096K, used 34932K [0x00000000c4200000, 0x00000000c8480000, 0x00000000ec100000)
  object space 68096K, 51% used [0x00000000c4200000,0x00000000c641d150,0x00000000c8480000)
 Metaspace       used 19871K, capacity 20828K, committed 20992K, reserved 1067008K
  class space    used 2715K, capacity 2981K, committed 3072K, reserved 1048576K
Event: 33.598 GC heap after
Heap after GC invocations=9 (full 1):
 PSYoungGen      total 58880K, used 10602K [0x00000000ec100000, 0x00000000f0b00000, 0x0000000100000000)
  eden space 45056K, 0% used [0x00000000ec100000,0x00000000ec100000,0x00000000eed00000)
  from space 13824K, 76% used [0x00000000efd80000,0x00000000f07dab98,0x00000000f0b00000)
  to   space 15360K, 0% used [0x00000000eed00000,0x00000000eed00000,0x00000000efc00000)
 ParOldGen       total 68096K, used 34940K [0x00000000c4200000, 0x00000000c8480000, 0x00000000ec100000)
  object space 68096K, 51% used [0x00000000c4200000,0x00000000c641f150,0x00000000c8480000)
 Metaspace       used 19871K, capacity 20828K, committed 20992K, reserved 1067008K
  class space    used 2715K, capacity 2981K, committed 3072K, reserved 1048576K
}

