# JRE version: Java(TM) SE Runtime Environment (8.0_171-b11) (build 1.8.0_171-b11)
# Java VM: Java HotSpot(TM) 64-Bit Server VM (25.171-b11 mixed mode linux-amd64 compressed oops)
Heap:
 PSYoungGen      total 62464K, used 29812K [0x00000000ec100000, 0x00000000f0e80000, 0x0000000100000000)
  eden space 48640K, 39% used [0x00000000ec100000,0x00000000ed3f2578,0x00000000ef080000)
  from space 13824K, 75% used [0x00000000f0100000,0x00000000f0b2ab98,0x00000000f0e80000)
  to   space 15360K, 0% used [0x00000000ef080000,0x00000000ef080000,0x00000000eff80000)
 ParOldGen       total 67072K, used 34938K [0x00000000c4200000, 0x00000000c8380000, 0x00000000ec100000)
  object space 67072K, 52% used [0x00000000c4200000,0x00000000c641ead8,0x00000000c8380000)
 Metaspace       used 20034K, capacity 20962K, committed 21248K, reserved 1067008K
  class space    used 2721K, capacity 2984K, committed 3072K, reserved 1048576K
GC Heap History (10 events):
Event: 21.958 GC heap before
{Heap before GC invocations=5 (full 0):
 PSYoungGen      total 17920K, used 17904K [0x00000000ec100000, 0x00000000ee400000, 0x0000000100000000)
  eden space 15360K, 100% used [0x00000000ec100000,0x00000000ed000000,0x00000000ed000000)
  from space 2560K, 99% used [0x00000000ed280000,0x00000000ed4fc020,0x00000000ed500000)
  to   space 2560K, 0% used [0x00000000ed000000,0x00000000ed000000,0x00000000ed280000)
 ParOldGen       total 40960K, used 25664K [0x00000000c4200000, 0x00000000c6a00000, 0x00000000ec100000)
  object space 40960K, 62% used [0x00000000c4200000,0x00000000c5b102c8,0x00000000c6a00000)
 Metaspace       used 17180K, capacity 17906K, committed 18048K, reserved 1064960K
  class space    used 2455K, capacity 2644K, committed 2688K, reserved 1048576K
Event: 21.968 GC heap after
Heap after GC invocations=5 (full 0):
 PSYoungGen      total 17920K, used 2528K [0x00000000ec100000, 0x00000000f0000000, 0x0000000100000000)
  eden space 15360K, 0% used [0x00000000ec100000,0x00000000ec100000,0x00000000ed000000)
  from space 2560K, 98% used [0x00000000ed000000,0x00000000ed278068,0x00000000ed280000)
  to   space 16896K, 0% used [0x00000000eef80000,0x00000000eef80000,0x00000000f0000000)
 ParOldGen       total 40960K, used 33180K [0x00000000c4200000, 0x00000000c6a00000, 0x00000000ec100000)
  object space 40960K, 81% used [0x00000000c4200000,0x00000000c6267020,0x00000000c6a00000)
 Metaspace       used 17180K, capacity 17906K, committed 18048K, reserved 1064960K
  class space    used 2455K, capacity 2644K, committed 2688K, reserved 1048576K
}
Event: 21.968 GC heap before
{Heap before GC invocations=6 (full 1):
 PSYoungGen      total 17920K, used 2528K [0x00000000ec100000, 0x00000000f0000000, 0x0000000100000000)
  eden space 15360K, 0% used [0x00000000ec100000,0x00000000ec100000,0x00000000ed000000)
  from space 2560K, 98% used [0x00000000ed000000,0x00000000ed278068,0x00000000ed280000)
  to   space 16896K, 0% used [0x00000000eef80000,0x00000000eef80000,0x00000000f0000000)
 ParOldGen       total 40960K, used 33180K [0x00000000c4200000, 0x00000000c6a00000, 0x00000000ec100000)
  object space 40960K, 81% used [0x00000000c4200000,0x00000000c6267020,0x00000000c6a00000)
 Metaspace       used 17180K, capacity 17906K, committed 18048K, reserved 1064960K
  class space    used 2455K, capacity 2644K, committed 2688K, reserved 1048576K
Event: 22.039 GC heap after
Heap after GC invocations=6 (full 1):
 PSYoungGen      total 17920K, used 0K [0x00000000ec100000, 0x00000000f0000000, 0x0000000100000000)
  eden space 15360K, 0% used [0x00000000ec100000,0x00000000ec100000,0x00000000ed000000)
  from space 2560K, 0% used [0x00000000ed000000,0x00000000ed000000,0x00000000ed280000)
  to   space 16896K, 0% used [0x00000000eef80000,0x00000000eef80000,0x00000000f0000000)
 ParOldGen       total 67072K, used 34914K [0x00000000c4200000, 0x00000000c8380000, 0x00000000ec100000)
  object space 67072K, 52% used [0x00000000c4200000,0x00000000c6418ad8,0x00000000c8380000)
 Metaspace       used 17180K, capacity 17906K, committed 18048K, reserved 1064960K
  class space    used 2455K, capacity 2644K, committed 2688K, reserved 1048576K
}
Event: 23.936 GC heap before
{Heap before GC invocations=7 (full 1):
 PSYoungGen      total 17920K, used 14685K [0x00000000ec100000, 0x00000000f0000000, 0x0000000100000000)
  eden space 15360K, 95% used [0x00000000ec100000,0x00000000ecf57790,0x00000000ed000000)
  from space 2560K, 0% used [0x00000000ed000000,0x00000000ed000000,0x00000000ed280000)
  to   space 16896K, 0% used [0x00000000eef80000,0x00000000eef80000,0x00000000f0000000)
 ParOldGen       total 67072K, used 34914K [0x00000000c4200000, 0x00000000c8380000, 0x00000000ec100000)
  object space 67072K, 52% used [0x00000000c4200000,0x00000000c6418ad8,0x00000000c8380000)
 Metaspace       used 17459K, capacity 18178K, committed 18304K, reserved 1064960K
  class space    used 2473K, capacity 2659K, committed 2688K, reserved 1048576K
Event: 23.941 GC heap after
Heap after GC invocations=7 (full 1):
 PSYoungGen      total 40448K, used 8297K [0x00000000ec100000, 0x00000000efb80000, 0x0000000100000000)
  eden space 28160K, 0% used [0x00000000ec100000,0x00000000ec100000,0x00000000edc80000)
  from space 12288K, 67% used [0x00000000eef80000,0x00000000ef79a5f8,0x00000000efb80000)
  to   space 15872K, 0% used [0x00000000edc80000,0x00000000edc80000,0x00000000eec00000)
 ParOldGen       total 67072K, used 34922K [0x00000000c4200000, 0x00000000c8380000, 0x00000000ec100000)
  object space 67072K, 52% used [0x00000000c4200000,0x00000000c641aad8,0x00000000c8380000)
 Metaspace       used 17459K, capacity 18178K, committed 18304K, reserved 1064960K
  class space    used 2473K, capacity 2659K, committed 2688K, reserved 1048576K
}
Event: 55.935 GC heap before
{Heap before GC invocations=8 (full 1):
 PSYoungGen      total 40448K, used 36457K [0x00000000ec100000, 0x00000000efb80000, 0x0000000100000000)
  eden space 28160K, 100% used [0x00000000ec100000,0x00000000edc80000,0x00000000edc80000)
  from space 12288K, 67% used [0x00000000eef80000,0x00000000ef79a5f8,0x00000000efb80000)
  to   space 15872K, 0% used [0x00000000edc80000,0x00000000edc80000,0x00000000eec00000)
 ParOldGen       total 67072K, used 34922K [0x00000000c4200000, 0x00000000c8380000, 0x00000000ec100000)
  object space 67072K, 52% used [0x00000000c4200000,0x00000000c641aad8,0x00000000c8380000)
 Metaspace       used 19616K, capacity 20508K, committed 20608K, reserved 1067008K
  class space    used 2707K, capacity 2911K, committed 2944K, reserved 1048576K
Event: 55.949 GC heap after
Heap after GC invocations=8 (full 1):
 PSYoungGen      total 44032K, used 9961K [0x00000000ec100000, 0x00000000f1000000, 0x0000000100000000)
  eden space 28160K, 0% used [0x00000000ec100000,0x00000000ec100000,0x00000000edc80000)
  from space 15872K, 62% used [0x00000000edc80000,0x00000000ee63a490,0x00000000eec00000)
  to   space 15360K, 0% used [0x00000000f0100000,0x00000000f0100000,0x00000000f1000000)
 ParOldGen       total 67072K, used 34930K [0x00000000c4200000, 0x00000000c8380000, 0x00000000ec100000)
  object space 67072K, 52% used [0x00000000c4200000,0x00000000c641cad8,0x00000000c8380000)
 Metaspace       used 19616K, capacity 20508K, committed 20608K, reserved 1067008K
  class space    used 2707K, capacity 2911K, committed 2944K, reserved 1048576K
}
Event: 64.742 GC heap before
{Heap before GC invocations=9 (full 1):
 PSYoungGen      total 44032K, used 38121K [0x00000000ec100000, 0x00000000f1000000, 0x0000000100000000)
  eden space 28160K, 100% used [0x00000000ec100000,0x00000000edc80000,0x00000000edc80000)
  from space 15872K, 62% used [0x00000000edc80000,0x00000000ee63a490,0x00000000eec00000)
  to   space 15360K, 0% used [0x00000000f0100000,0x00000000f0100000,0x00000000f1000000)
 ParOldGen       total 67072K, used 34930K [0x00000000c4200000, 0x00000000c8380000, 0x00000000ec100000)
  object space 67072K, 52% used [0x00000000c4200000,0x00000000c641cad8,0x00000000c8380000)
 Metaspace       used 19907K, capacity 20880K, committed 20992K, reserved 1067008K
  class space    used 2714K, capacity 2981K, committed 3072K, reserved 1048576K
Event: 64.754 GC heap after
Heap after GC invocations=9 (full 1):
 PSYoungGen      total 62464K, used 10410K [0x00000000ec100000, 0x00000000f0e80000, 0x0000000100000000)
  eden space 48640K, 0% used [0x00000000ec100000,0x00000000ec100000,0x00000000ef080000)
  from space 13824K, 75% used [0x00000000f0100000,0x00000000f0b2ab98,0x00000000f0e80000)
  to   space 15360K, 0% used [0x00000000ef080000,0x00000000ef080000,0x00000000eff80000)
 ParOldGen       total 67072K, used 34938K [0x00000000c4200000, 0x00000000c8380000, 0x00000000ec100000)
  object space 67072K, 52% used [0x00000000c4200000,0x00000000c641ead8,0x00000000c8380000)
 Metaspace       used 19907K, capacity 20880K, committed 20992K, reserved 1067008K
  class space    used 2714K, capacity 2981K, committed 3072K, reserved 1048576K
}

