# JRE version: Java(TM) SE Runtime Environment (8.0_171-b11) (build 1.8.0_171-b11)
# Java VM: Java HotSpot(TM) 64-Bit Server VM (25.171-b11 mixed mode linux-amd64 compressed oops)
Heap:
 PSYoungGen      total 76800K, used 32621K [0x00000000ec100000, 0x00000000f4200000, 0x0000000100000000)
  eden space 25600K, 72% used [0x00000000ec100000,0x00000000ed330ed8,0x00000000eda00000)
  from space 51200K, 27% used [0x00000000f1000000,0x00000000f1daa8e8,0x00000000f4200000)
  to   space 53248K, 0% used [0x00000000eda00000,0x00000000eda00000,0x00000000f0e00000)
 ParOldGen       total 111616K, used 60748K [0x00000000c4200000, 0x00000000caf00000, 0x00000000ec100000)
  object space 111616K, 54% used [0x00000000c4200000,0x00000000c7d53310,0x00000000caf00000)
 Metaspace       used 21746K, capacity 22868K, committed 23040K, reserved 1069056K
  class space    used 2745K, capacity 3013K, committed 3072K, reserved 1048576K
GC Heap History (10 events):
Event: 523.076 GC heap before
{Heap before GC invocations=32 (full 7):
 PSYoungGen      total 83456K, used 42741K [0x00000000ec100000, 0x00000000f4b80000, 0x0000000100000000)
  eden space 27648K, 97% used [0x00000000ec100000,0x00000000edb5d048,0x00000000edc00000)
  from space 55808K, 28% used [0x00000000f1380000,0x00000000f22e0720,0x00000000f4a00000)
  to   space 56832K, 0% used [0x00000000edc00000,0x00000000edc00000,0x00000000f1380000)
 ParOldGen       total 314368K, used 266495K [0x00000000c4200000, 0x00000000d7500000, 0x00000000ec100000)
  object space 314368K, 84% used [0x00000000c4200000,0x00000000d463fe58,0x00000000d7500000)
 Metaspace       used 21595K, capacity 22676K, committed 22784K, reserved 1069056K
  class space    used 2744K, capacity 3013K, committed 3072K, reserved 1048576K
Event: 523.096 GC heap after
Heap after GC invocations=32 (full 7):
 PSYoungGen      total 52736K, used 25376K [0x00000000ec100000, 0x00000000f4580000, 0x0000000100000000)
  eden space 27136K, 0% used [0x00000000ec100000,0x00000000ec100000,0x00000000edb80000)
  from space 25600K, 99% used [0x00000000edc00000,0x00000000ef4c8378,0x00000000ef500000)
  to   space 54272K, 0% used [0x00000000f1080000,0x00000000f1080000,0x00000000f4580000)
 ParOldGen       total 314368K, used 270767K [0x00000000c4200000, 0x00000000d7500000, 0x00000000ec100000)
  object space 314368K, 86% used [0x00000000c4200000,0x00000000d4a6bec8,0x00000000d7500000)
 Metaspace       used 21595K, capacity 22676K, committed 22784K, reserved 1069056K
  class space    used 2744K, capacity 3013K, committed 3072K, reserved 1048576K
}
Event: 527.518 GC heap before
{Heap before GC invocations=33 (full 7):
 PSYoungGen      total 52736K, used 52512K [0x00000000ec100000, 0x00000000f4580000, 0x0000000100000000)
  eden space 27136K, 100% used [0x00000000ec100000,0x00000000edb80000,0x00000000edb80000)
  from space 25600K, 99% used [0x00000000edc00000,0x00000000ef4c8378,0x00000000ef500000)
  to   space 54272K, 0% used [0x00000000f1080000,0x00000000f1080000,0x00000000f4580000)
 ParOldGen       total 314368K, used 270767K [0x00000000c4200000, 0x00000000d7500000, 0x00000000ec100000)
  object space 314368K, 86% used [0x00000000c4200000,0x00000000d4a6bec8,0x00000000d7500000)
 Metaspace       used 21625K, capacity 22740K, committed 23040K, reserved 1069056K
  class space    used 2744K, capacity 3013K, committed 3072K, reserved 1048576K
Event: 527.533 GC heap after
Heap after GC invocations=33 (full 7):
 PSYoungGen      total 78336K, used 31569K [0x00000000ec100000, 0x00000000f4300000, 0x0000000100000000)
  eden space 26624K, 0% used [0x00000000ec100000,0x00000000ec100000,0x00000000edb00000)
  from space 51712K, 61% used [0x00000000f1080000,0x00000000f2f546e8,0x00000000f4300000)
  to   space 53248K, 0% used [0x00000000edb00000,0x00000000edb00000,0x00000000f0f00000)
 ParOldGen       total 314368K, used 280735K [0x00000000c4200000, 0x00000000d7500000, 0x00000000ec100000)
  object space 314368K, 89% used [0x00000000c4200000,0x00000000d5427fc8,0x00000000d7500000)
 Metaspace       used 21625K, capacity 22740K, committed 23040K, reserved 1069056K
  class space    used 2744K, capacity 3013K, committed 3072K, reserved 1048576K
}
Event: 559.918 GC heap before
{Heap before GC invocations=34 (full 7):
 PSYoungGen      total 78336K, used 58193K [0x00000000ec100000, 0x00000000f4300000, 0x0000000100000000)
  eden space 26624K, 100% used [0x00000000ec100000,0x00000000edb00000,0x00000000edb00000)
  from space 51712K, 61% used [0x00000000f1080000,0x00000000f2f546e8,0x00000000f4300000)
  to   space 53248K, 0% used [0x00000000edb00000,0x00000000edb00000,0x00000000f0f00000)
 ParOldGen       total 314368K, used 280735K [0x00000000c4200000, 0x00000000d7500000, 0x00000000ec100000)
  object space 314368K, 89% used [0x00000000c4200000,0x00000000d5427fc8,0x00000000d7500000)
 Metaspace       used 21723K, capacity 22868K, committed 23040K, reserved 1069056K
  class space    used 2744K, capacity 3013K, committed 3072K, reserved 1048576K
Event: 559.948 GC heap after
Heap after GC invocations=34 (full 7):
 PSYoungGen      total 79360K, used 4913K [0x00000000ec100000, 0x00000000f4580000, 0x0000000100000000)
  eden space 26112K, 0% used [0x00000000ec100000,0x00000000ec100000,0x00000000eda80000)
  from space 53248K, 9% used [0x00000000edb00000,0x00000000edfcc6b8,0x00000000f0f00000)
  to   space 54784K, 0% used [0x00000000f1000000,0x00000000f1000000,0x00000000f4580000)
 ParOldGen       total 314368K, used 311478K [0x00000000c4200000, 0x00000000d7500000, 0x00000000ec100000)
  object space 314368K, 99% used [0x00000000c4200000,0x00000000d722db78,0x00000000d7500000)
 Metaspace       used 21723K, capacity 22868K, committed 23040K, reserved 1069056K
  class space    used 2744K, capacity 3013K, committed 3072K, reserved 1048576K
}
Event: 559.948 GC heap before
{Heap before GC invocations=35 (full 8):
 PSYoungGen      total 79360K, used 4913K [0x00000000ec100000, 0x00000000f4580000, 0x0000000100000000)
  eden space 26112K, 0% used [0x00000000ec100000,0x00000000ec100000,0x00000000eda80000)
  from space 53248K, 9% used [0x00000000edb00000,0x00000000edfcc6b8,0x00000000f0f00000)
  to   space 54784K, 0% used [0x00000000f1000000,0x00000000f1000000,0x00000000f4580000)
 ParOldGen       total 314368K, used 311478K [0x00000000c4200000, 0x00000000d7500000, 0x00000000ec100000)
  object space 314368K, 99% used [0x00000000c4200000,0x00000000d722db78,0x00000000d7500000)
 Metaspace       used 21723K, capacity 22868K, committed 23040K, reserved 1069056K
  class space    used 2744K, capacity 3013K, committed 3072K, reserved 1048576K
Event: 560.038 GC heap after
Heap after GC invocations=35 (full 8):
 PSYoungGen      total 79360K, used 0K [0x00000000ec100000, 0x00000000f4580000, 0x0000000100000000)
  eden space 26112K, 0% used [0x00000000ec100000,0x00000000ec100000,0x00000000eda80000)
  from space 53248K, 0% used [0x00000000edb00000,0x00000000edb00000,0x00000000f0f00000)
  to   space 54784K, 0% used [0x00000000f1000000,0x00000000f1000000,0x00000000f4580000)
 ParOldGen       total 111616K, used 60748K [0x00000000c4200000, 0x00000000caf00000, 0x00000000ec100000)
  object space 111616K, 54% used [0x00000000c4200000,0x00000000c7d53310,0x00000000caf00000)
 Metaspace       used 21723K, capacity 22868K, committed 23040K, reserved 1069056K
  class space    used 2744K, capacity 3013K, committed 3072K, reserved 1048576K
}
Event: 596.859 GC heap before
{Heap before GC invocations=36 (full 8):
 PSYoungGen      total 79360K, used 25327K [0x00000000ec100000, 0x00000000f4580000, 0x0000000100000000)
  eden space 26112K, 96% used [0x00000000ec100000,0x00000000ed9bbe58,0x00000000eda80000)
  from space 53248K, 0% used [0x00000000edb00000,0x00000000edb00000,0x00000000f0f00000)
  to   space 54784K, 0% used [0x00000000f1000000,0x00000000f1000000,0x00000000f4580000)
 ParOldGen       total 111616K, used 60748K [0x00000000c4200000, 0x00000000caf00000, 0x00000000ec100000)
  object space 111616K, 54% used [0x00000000c4200000,0x00000000c7d53310,0x00000000caf00000)
 Metaspace       used 21732K, capacity 22868K, committed 23040K, reserved 1069056K
  class space    used 2744K, capacity 3013K, committed 3072K, reserved 1048576K
Event: 596.864 GC heap after
Heap after GC invocations=36 (full 8):
 PSYoungGen      total 76800K, used 13994K [0x00000000ec100000, 0x00000000f4200000, 0x0000000100000000)
  eden space 25600K, 0% used [0x00000000ec100000,0x00000000ec100000,0x00000000eda00000)
  from space 51200K, 27% used [0x00000000f1000000,0x00000000f1daa8e8,0x00000000f4200000)
  to   space 53248K, 0% used [0x00000000eda00000,0x00000000eda00000,0x00000000f0e00000)
 ParOldGen       total 111616K, used 60748K [0x00000000c4200000, 0x00000000caf00000, 0x00000000ec100000)
  object space 111616K, 54% used [0x00000000c4200000,0x00000000c7d53310,0x00000000caf00000)
 Metaspace       used 21732K, capacity 22868K, committed 23040K, reserved 1069056K
  class space    used 2744K, capacity 3013K, committed 3072K, reserved 1048576K
}

