# JRE version: Java(TM) SE Runtime Environment (8.0_171-b11) (build 1.8.0_171-b11)
# Java VM: Java HotSpot(TM) 64-Bit Server VM (25.171-b11 mixed mode linux-amd64 compressed oops)
Heap:
 PSYoungGen      total 53760K, used 17221K [0x00000000ec100000, 0x00000000f1280000, 0x0000000100000000)
  eden space 36864K, 20% used [0x00000000ec100000,0x00000000ec836690,0x00000000ee500000)
  from space 16896K, 58% used [0x00000000ee500000,0x00000000eee9af90,0x00000000ef580000)
  to   space 16384K, 0% used [0x00000000f0280000,0x00000000f0280000,0x00000000f1280000)
 ParOldGen       total 126464K, used 94014K [0x00000000c4200000, 0x00000000cbd80000, 0x00000000ec100000)
  object space 126464K, 74% used [0x00000000c4200000,0x00000000c9dcf8e0,0x00000000cbd80000)
 Metaspace       used 21330K, capacity 22318K, committed 22656K, reserved 1069056K
  class space    used 2829K, capacity 3086K, committed 3200K, reserved 1048576K
GC Heap History (10 events):
Event: 385.096 GC heap before
{Heap before GC invocations=16 (full 2):
 PSYoungGen      total 31232K, used 20072K [0x00000000ec100000, 0x00000000ef800000, 0x0000000100000000)
  eden space 14848K, 100% used [0x00000000ec100000,0x00000000ecf80000,0x00000000ecf80000)
  from space 16384K, 31% used [0x00000000ecf80000,0x00000000ed49a2e0,0x00000000edf80000)
  to   space 16384K, 0% used [0x00000000ee800000,0x00000000ee800000,0x00000000ef800000)
 ParOldGen       total 91648K, used 59653K [0x00000000c4200000, 0x00000000c9b80000, 0x00000000ec100000)
  object space 91648K, 65% used [0x00000000c4200000,0x00000000c7c41608,0x00000000c9b80000)
 Metaspace       used 20957K, capacity 22034K, committed 22400K, reserved 1069056K
  class space    used 2825K, capacity 3084K, committed 3200K, reserved 1048576K
Event: 385.103 GC heap after
Heap after GC invocations=16 (full 2):
 PSYoungGen      total 37888K, used 8187K [0x00000000ec100000, 0x00000000ef600000, 0x0000000100000000)
  eden space 23552K, 0% used [0x00000000ec100000,0x00000000ec100000,0x00000000ed800000)
  from space 14336K, 57% used [0x00000000ee800000,0x00000000eeffef80,0x00000000ef600000)
  to   space 15360K, 0% used [0x00000000ed800000,0x00000000ed800000,0x00000000ee700000)
 ParOldGen       total 91648K, used 64435K [0x00000000c4200000, 0x00000000c9b80000, 0x00000000ec100000)
  object space 91648K, 70% used [0x00000000c4200000,0x00000000c80ecc60,0x00000000c9b80000)
 Metaspace       used 20957K, capacity 22034K, committed 22400K, reserved 1069056K
  class space    used 2825K, capacity 3084K, committed 3200K, reserved 1048576K
}
Event: 392.662 GC heap before
{Heap before GC invocations=17 (full 2):
 PSYoungGen      total 37888K, used 31087K [0x00000000ec100000, 0x00000000ef600000, 0x0000000100000000)
  eden space 23552K, 97% used [0x00000000ec100000,0x00000000ed75ce88,0x00000000ed800000)
  from space 14336K, 57% used [0x00000000ee800000,0x00000000eeffef80,0x00000000ef600000)
  to   space 15360K, 0% used [0x00000000ed800000,0x00000000ed800000,0x00000000ee700000)
 ParOldGen       total 91648K, used 64435K [0x00000000c4200000, 0x00000000c9b80000, 0x00000000ec100000)
  object space 91648K, 70% used [0x00000000c4200000,0x00000000c80ecc60,0x00000000c9b80000)
 Metaspace       used 21052K, capacity 22098K, committed 22400K, reserved 1069056K
  class space    used 2825K, capacity 3084K, committed 3200K, reserved 1048576K
Event: 392.673 GC heap after
Heap after GC invocations=17 (full 2):
 PSYoungGen      total 38912K, used 14960K [0x00000000ec100000, 0x00000000f0700000, 0x0000000100000000)
  eden space 23552K, 0% used [0x00000000ec100000,0x00000000ec100000,0x00000000ed800000)
  from space 15360K, 97% used [0x00000000ed800000,0x00000000ee69c1e0,0x00000000ee700000)
  to   space 17408K, 0% used [0x00000000ef600000,0x00000000ef600000,0x00000000f0700000)
 ParOldGen       total 91648K, used 72382K [0x00000000c4200000, 0x00000000c9b80000, 0x00000000ec100000)
  object space 91648K, 78% used [0x00000000c4200000,0x00000000c88afaa8,0x00000000c9b80000)
 Metaspace       used 21052K, capacity 22098K, committed 22400K, reserved 1069056K
  class space    used 2825K, capacity 3084K, committed 3200K, reserved 1048576K
}
Event: 397.722 GC heap before
{Heap before GC invocations=18 (full 2):
 PSYoungGen      total 38912K, used 34959K [0x00000000ec100000, 0x00000000f0700000, 0x0000000100000000)
  eden space 23552K, 84% used [0x00000000ec100000,0x00000000ed487cb0,0x00000000ed800000)
  from space 15360K, 97% used [0x00000000ed800000,0x00000000ee69c1e0,0x00000000ee700000)
  to   space 17408K, 0% used [0x00000000ef600000,0x00000000ef600000,0x00000000f0700000)
 ParOldGen       total 91648K, used 72382K [0x00000000c4200000, 0x00000000c9b80000, 0x00000000ec100000)
  object space 91648K, 78% used [0x00000000c4200000,0x00000000c88afaa8,0x00000000c9b80000)
 Metaspace       used 21182K, capacity 22186K, committed 22400K, reserved 1069056K
  class space    used 2827K, capacity 3086K, committed 3200K, reserved 1048576K
Event: 397.736 GC heap after
Heap after GC invocations=18 (full 2):
 PSYoungGen      total 53248K, used 9734K [0x00000000ec100000, 0x00000000f0600000, 0x0000000100000000)
  eden space 36864K, 0% used [0x00000000ec100000,0x00000000ec100000,0x00000000ee500000)
  from space 16384K, 59% used [0x00000000ef600000,0x00000000eff81b40,0x00000000f0600000)
  to   space 16896K, 0% used [0x00000000ee500000,0x00000000ee500000,0x00000000ef580000)
 ParOldGen       total 91648K, used 86729K [0x00000000c4200000, 0x00000000c9b80000, 0x00000000ec100000)
  object space 91648K, 94% used [0x00000000c4200000,0x00000000c96b27d8,0x00000000c9b80000)
 Metaspace       used 21182K, capacity 22186K, committed 22400K, reserved 1069056K
  class space    used 2827K, capacity 3086K, committed 3200K, reserved 1048576K
}
Event: 397.737 GC heap before
{Heap before GC invocations=19 (full 3):
 PSYoungGen      total 53248K, used 9734K [0x00000000ec100000, 0x00000000f0600000, 0x0000000100000000)
  eden space 36864K, 0% used [0x00000000ec100000,0x00000000ec100000,0x00000000ee500000)
  from space 16384K, 59% used [0x00000000ef600000,0x00000000eff81b40,0x00000000f0600000)
  to   space 16896K, 0% used [0x00000000ee500000,0x00000000ee500000,0x00000000ef580000)
 ParOldGen       total 91648K, used 86729K [0x00000000c4200000, 0x00000000c9b80000, 0x00000000ec100000)
  object space 91648K, 94% used [0x00000000c4200000,0x00000000c96b27d8,0x00000000c9b80000)
 Metaspace       used 21182K, capacity 22186K, committed 22400K, reserved 1069056K
  class space    used 2827K, capacity 3086K, committed 3200K, reserved 1048576K
Event: 397.860 GC heap after
Heap after GC invocations=19 (full 3):
 PSYoungGen      total 53248K, used 2988K [0x00000000ec100000, 0x00000000f0600000, 0x0000000100000000)
  eden space 36864K, 0% used [0x00000000ec100000,0x00000000ec100000,0x00000000ee500000)
  from space 16384K, 18% used [0x00000000ef600000,0x00000000ef8eb398,0x00000000f0600000)
  to   space 16896K, 0% used [0x00000000ee500000,0x00000000ee500000,0x00000000ef580000)
 ParOldGen       total 126464K, used 91544K [0x00000000c4200000, 0x00000000cbd80000, 0x00000000ec100000)
  object space 126464K, 72% used [0x00000000c4200000,0x00000000c9b662d8,0x00000000cbd80000)
 Metaspace       used 21182K, capacity 22186K, committed 22400K, reserved 1069056K
  class space    used 2827K, capacity 3086K, committed 3200K, reserved 1048576K
}
Event: 412.589 GC heap before
{Heap before GC invocations=20 (full 3):
 PSYoungGen      total 53248K, used 39852K [0x00000000ec100000, 0x00000000f0600000, 0x0000000100000000)
  eden space 36864K, 100% used [0x00000000ec100000,0x00000000ee500000,0x00000000ee500000)
  from space 16384K, 18% used [0x00000000ef600000,0x00000000ef8eb398,0x00000000f0600000)
  to   space 16896K, 0% used [0x00000000ee500000,0x00000000ee500000,0x00000000ef580000)
 ParOldGen       total 126464K, used 91544K [0x00000000c4200000, 0x00000000cbd80000, 0x00000000ec100000)
  object space 126464K, 72% used [0x00000000c4200000,0x00000000c9b662d8,0x00000000cbd80000)
 Metaspace       used 21302K, capacity 22318K, committed 22656K, reserved 1069056K
  class space    used 2827K, capacity 3086K, committed 3200K, reserved 1048576K
Event: 412.599 GC heap after
Heap after GC invocations=20 (full 3):
 PSYoungGen      total 53760K, used 9835K [0x00000000ec100000, 0x00000000f1280000, 0x0000000100000000)
  eden space 36864K, 0% used [0x00000000ec100000,0x00000000ec100000,0x00000000ee500000)
  from space 16896K, 58% used [0x00000000ee500000,0x00000000eee9af90,0x00000000ef580000)
  to   space 16384K, 0% used [0x00000000f0280000,0x00000000f0280000,0x00000000f1280000)
 ParOldGen       total 126464K, used 94014K [0x00000000c4200000, 0x00000000cbd80000, 0x00000000ec100000)
  object space 126464K, 74% used [0x00000000c4200000,0x00000000c9dcf8e0,0x00000000cbd80000)
 Metaspace       used 21302K, capacity 22318K, committed 22656K, reserved 1069056K
  class space    used 2827K, capacity 3086K, committed 3200K, reserved 1048576K
}

