# JRE version: Java(TM) SE Runtime Environment (8.0_171-b11) (build 1.8.0_171-b11)
# Java VM: Java HotSpot(TM) 64-Bit Server VM (25.171-b11 mixed mode linux-amd64 compressed oops)
Heap:
 PSYoungGen      total 20480K, used 17136K [0x00000000ec100000, 0x00000000ef300000, 0x0000000100000000)
  eden space 14336K, 76% used [0x00000000ec100000,0x00000000ecbc1e50,0x00000000ecf00000)
  from space 6144K, 99% used [0x00000000ecf00000,0x00000000ed4fa508,0x00000000ed500000)
  to   space 11264K, 0% used [0x00000000ee800000,0x00000000ee800000,0x00000000ef300000)
 ParOldGen       total 40960K, used 29402K [0x00000000c4200000, 0x00000000c6a00000, 0x00000000ec100000)
  object space 40960K, 71% used [0x00000000c4200000,0x00000000c5eb6ad8,0x00000000c6a00000)
 Metaspace       used 18301K, capacity 19078K, committed 19200K, reserved 1064960K
  class space    used 2593K, capacity 2770K, committed 2816K, reserved 1048576K
GC Heap History (10 events):
Event: 7.161 GC heap before
{Heap before GC invocations=3 (full 0):
 PSYoungGen      total 17920K, used 17914K [0x00000000ec100000, 0x00000000ed500000, 0x0000000100000000)
  eden space 15360K, 100% used [0x00000000ec100000,0x00000000ed000000,0x00000000ed000000)
  from space 2560K, 99% used [0x00000000ed280000,0x00000000ed4fe8a0,0x00000000ed500000)
  to   space 2560K, 0% used [0x00000000ed000000,0x00000000ed000000,0x00000000ed280000)
 ParOldGen       total 40960K, used 10566K [0x00000000c4200000, 0x00000000c6a00000, 0x00000000ec100000)
  object space 40960K, 25% used [0x00000000c4200000,0x00000000c4c519d8,0x00000000c6a00000)
 Metaspace       used 15589K, capacity 16158K, committed 16384K, reserved 1062912K
  class space    used 2143K, capacity 2303K, committed 2304K, reserved 1048576K
Event: 7.165 GC heap after
Heap after GC invocations=3 (full 0):
 PSYoungGen      total 17920K, used 2554K [0x00000000ec100000, 0x00000000ed500000, 0x0000000100000000)
  eden space 15360K, 0% used [0x00000000ec100000,0x00000000ec100000,0x00000000ed000000)
  from space 2560K, 99% used [0x00000000ed000000,0x00000000ed27e8a0,0x00000000ed280000)
  to   space 2560K, 0% used [0x00000000ed280000,0x00000000ed280000,0x00000000ed500000)
 ParOldGen       total 40960K, used 10766K [0x00000000c4200000, 0x00000000c6a00000, 0x00000000ec100000)
  object space 40960K, 26% used [0x00000000c4200000,0x00000000c4c839e8,0x00000000c6a00000)
 Metaspace       used 15589K, capacity 16158K, committed 16384K, reserved 1062912K
  class space    used 2143K, capacity 2303K, committed 2304K, reserved 1048576K
}
Event: 8.981 GC heap before
{Heap before GC invocations=4 (full 0):
 PSYoungGen      total 17920K, used 17914K [0x00000000ec100000, 0x00000000ed500000, 0x0000000100000000)
  eden space 15360K, 100% used [0x00000000ec100000,0x00000000ed000000,0x00000000ed000000)
  from space 2560K, 99% used [0x00000000ed000000,0x00000000ed27e8a0,0x00000000ed280000)
  to   space 2560K, 0% used [0x00000000ed280000,0x00000000ed280000,0x00000000ed500000)
 ParOldGen       total 40960K, used 10766K [0x00000000c4200000, 0x00000000c6a00000, 0x00000000ec100000)
  object space 40960K, 26% used [0x00000000c4200000,0x00000000c4c839e8,0x00000000c6a00000)
 Metaspace       used 15762K, capacity 16350K, committed 16384K, reserved 1062912K
  class space    used 2143K, capacity 2303K, committed 2304K, reserved 1048576K
Event: 8.989 GC heap after
Heap after GC invocations=4 (full 0):
 PSYoungGen      total 17920K, used 2554K [0x00000000ec100000, 0x00000000ed500000, 0x0000000100000000)
  eden space 15360K, 0% used [0x00000000ec100000,0x00000000ec100000,0x00000000ed000000)
  from space 2560K, 99% used [0x00000000ed280000,0x00000000ed4fe8a0,0x00000000ed500000)
  to   space 2560K, 0% used [0x00000000ed000000,0x00000000ed000000,0x00000000ed280000)
 ParOldGen       total 40960K, used 10814K [0x00000000c4200000, 0x00000000c6a00000, 0x00000000ec100000)
  object space 40960K, 26% used [0x00000000c4200000,0x00000000c4c8f9e8,0x00000000c6a00000)
 Metaspace       used 15762K, capacity 16350K, committed 16384K, reserved 1062912K
  class space    used 2143K, capacity 2303K, committed 2304K, reserved 1048576K
}
Event: 10.714 GC heap before
{Heap before GC invocations=5 (full 0):
 PSYoungGen      total 17920K, used 17914K [0x00000000ec100000, 0x00000000ed500000, 0x0000000100000000)
  eden space 15360K, 100% used [0x00000000ec100000,0x00000000ed000000,0x00000000ed000000)
  from space 2560K, 99% used [0x00000000ed280000,0x00000000ed4fe8a0,0x00000000ed500000)
  to   space 2560K, 0% used [0x00000000ed000000,0x00000000ed000000,0x00000000ed280000)
 ParOldGen       total 40960K, used 10814K [0x00000000c4200000, 0x00000000c6a00000, 0x00000000ec100000)
  object space 40960K, 26% used [0x00000000c4200000,0x00000000c4c8f9e8,0x00000000c6a00000)
 Metaspace       used 16285K, capacity 16922K, committed 17024K, reserved 1064960K
  class space    used 2227K, capacity 2409K, committed 2432K, reserved 1048576K
Event: 10.722 GC heap after
Heap after GC invocations=5 (full 0):
 PSYoungGen      total 17920K, used 2554K [0x00000000ec100000, 0x00000000eda00000, 0x0000000100000000)
  eden space 15360K, 0% used [0x00000000ec100000,0x00000000ec100000,0x00000000ed000000)
  from space 2560K, 99% used [0x00000000ed000000,0x00000000ed27e8a0,0x00000000ed280000)
  to   space 5120K, 0% used [0x00000000ed500000,0x00000000ed500000,0x00000000eda00000)
 ParOldGen       total 40960K, used 10886K [0x00000000c4200000, 0x00000000c6a00000, 0x00000000ec100000)
  object space 40960K, 26% used [0x00000000c4200000,0x00000000c4ca19e8,0x00000000c6a00000)
 Metaspace       used 16285K, capacity 16922K, committed 17024K, reserved 1064960K
  class space    used 2227K, capacity 2409K, committed 2432K, reserved 1048576K
}
Event: 11.143 GC heap before
{Heap before GC invocations=6 (full 0):
 PSYoungGen      total 17920K, used 17223K [0x00000000ec100000, 0x00000000eda00000, 0x0000000100000000)
  eden space 15360K, 95% used [0x00000000ec100000,0x00000000ecf53548,0x00000000ed000000)
  from space 2560K, 99% used [0x00000000ed000000,0x00000000ed27e8a0,0x00000000ed280000)
  to   space 5120K, 0% used [0x00000000ed500000,0x00000000ed500000,0x00000000eda00000)
 ParOldGen       total 40960K, used 10886K [0x00000000c4200000, 0x00000000c6a00000, 0x00000000ec100000)
  object space 40960K, 26% used [0x00000000c4200000,0x00000000c4ca19e8,0x00000000c6a00000)
 Metaspace       used 16649K, capacity 17338K, committed 17664K, reserved 1064960K
  class space    used 2280K, capacity 2464K, committed 2560K, reserved 1048576K
Event: 11.154 GC heap after
Heap after GC invocations=6 (full 0):
 PSYoungGen      total 19456K, used 5068K [0x00000000ec100000, 0x00000000edc00000, 0x0000000100000000)
  eden space 14336K, 0% used [0x00000000ec100000,0x00000000ec100000,0x00000000ecf00000)
  from space 5120K, 99% used [0x00000000ed500000,0x00000000ed9f3390,0x00000000eda00000)
  to   space 6144K, 0% used [0x00000000ecf00000,0x00000000ecf00000,0x00000000ed500000)
 ParOldGen       total 40960K, used 20743K [0x00000000c4200000, 0x00000000c6a00000, 0x00000000ec100000)
  object space 40960K, 50% used [0x00000000c4200000,0x00000000c5641e30,0x00000000c6a00000)
 Metaspace       used 16649K, capacity 17338K, committed 17664K, reserved 1064960K
  class space    used 2280K, capacity 2464K, committed 2560K, reserved 1048576K
}
Event: 11.747 GC heap before
{Heap before GC invocations=7 (full 0):
 PSYoungGen      total 19456K, used 19226K [0x00000000ec100000, 0x00000000edc00000, 0x0000000100000000)
  eden space 14336K, 98% used [0x00000000ec100000,0x00000000eced3630,0x00000000ecf00000)
  from space 5120K, 99% used [0x00000000ed500000,0x00000000ed9f3390,0x00000000eda00000)
  to   space 6144K, 0% used [0x00000000ecf00000,0x00000000ecf00000,0x00000000ed500000)
 ParOldGen       total 40960K, used 20743K [0x00000000c4200000, 0x00000000c6a00000, 0x00000000ec100000)
  object space 40960K, 50% used [0x00000000c4200000,0x00000000c5641e30,0x00000000c6a00000)
 Metaspace       used 17028K, capacity 17748K, committed 17920K, reserved 1064960K
  class space    used 2324K, capacity 2521K, committed 2560K, reserved 1048576K
Event: 11.762 GC heap after
Heap after GC invocations=7 (full 0):
 PSYoungGen      total 20480K, used 6121K [0x00000000ec100000, 0x00000000ef300000, 0x0000000100000000)
  eden space 14336K, 0% used [0x00000000ec100000,0x00000000ec100000,0x00000000ecf00000)
  from space 6144K, 99% used [0x00000000ecf00000,0x00000000ed4fa508,0x00000000ed500000)
  to   space 11264K, 0% used [0x00000000ee800000,0x00000000ee800000,0x00000000ef300000)
 ParOldGen       total 40960K, used 29402K [0x00000000c4200000, 0x00000000c6a00000, 0x00000000ec100000)
  object space 40960K, 71% used [0x00000000c4200000,0x00000000c5eb6ad8,0x00000000c6a00000)
 Metaspace       used 17028K, capacity 17748K, committed 17920K, reserved 1064960K
  class space    used 2324K, capacity 2521K, committed 2560K, reserved 1048576K
}

