# JRE version: Java(TM) SE Runtime Environment (8.0_171-b11) (build 1.8.0_171-b11)
# Java VM: Java HotSpot(TM) 64-Bit Server VM (25.171-b11 mixed mode linux-amd64 compressed oops)
Heap:
 PSYoungGen      total 30720K, used 8142K [0x00000000ec100000, 0x00000000eee80000, 0x0000000100000000)
  eden space 14848K, 45% used [0x00000000ec100000,0x00000000ec793848,0x00000000ecf80000)
  from space 15872K, 8% used [0x00000000ecf80000,0x00000000ed0e0000,0x00000000edf00000)
  to   space 15872K, 0% used [0x00000000edf00000,0x00000000edf00000,0x00000000eee80000)
 ParOldGen       total 52736K, used 23682K [0x00000000c4200000, 0x00000000c7580000, 0x00000000ec100000)
  object space 52736K, 44% used [0x00000000c4200000,0x00000000c5920838,0x00000000c7580000)
 Metaspace       used 20225K, capacity 21138K, committed 21248K, reserved 1067008K
  class space    used 2728K, capacity 2990K, committed 3072K, reserved 1048576K
GC Heap History (10 events):
Event: 239.993 GC heap before
{Heap before GC invocations=5 (full 1):
 PSYoungGen      total 17920K, used 15360K [0x00000000ec100000, 0x00000000ed500000, 0x0000000100000000)
  eden space 15360K, 100% used [0x00000000ec100000,0x00000000ed000000,0x00000000ed000000)
  from space 2560K, 0% used [0x00000000ed000000,0x00000000ed000000,0x00000000ed280000)
  to   space 2560K, 0% used [0x00000000ed280000,0x00000000ed280000,0x00000000ed500000)
 ParOldGen       total 62464K, used 40373K [0x00000000c4200000, 0x00000000c7f00000, 0x00000000ec100000)
  object space 62464K, 64% used [0x00000000c4200000,0x00000000c696d780,0x00000000c7f00000)
 Metaspace       used 17901K, capacity 18624K, committed 18944K, reserved 1064960K
  class space    used 2521K, capacity 2721K, committed 2816K, reserved 1048576K
Event: 240.003 GC heap after
Heap after GC invocations=5 (full 1):
 PSYoungGen      total 17920K, used 2528K [0x00000000ec100000, 0x00000000ed500000, 0x0000000100000000)
  eden space 15360K, 0% used [0x00000000ec100000,0x00000000ec100000,0x00000000ed000000)
  from space 2560K, 98% used [0x00000000ed280000,0x00000000ed4f8078,0x00000000ed500000)
  to   space 2560K, 0% used [0x00000000ed000000,0x00000000ed000000,0x00000000ed280000)
 ParOldGen       total 62464K, used 45074K [0x00000000c4200000, 0x00000000c7f00000, 0x00000000ec100000)
  object space 62464K, 72% used [0x00000000c4200000,0x00000000c6e049f8,0x00000000c7f00000)
 Metaspace       used 17901K, capacity 18624K, committed 18944K, reserved 1064960K
  class space    used 2521K, capacity 2721K, committed 2816K, reserved 1048576K
}
Event: 277.088 GC heap before
{Heap before GC invocations=6 (full 1):
 PSYoungGen      total 17920K, used 17888K [0x00000000ec100000, 0x00000000ed500000, 0x0000000100000000)
  eden space 15360K, 100% used [0x00000000ec100000,0x00000000ed000000,0x00000000ed000000)
  from space 2560K, 98% used [0x00000000ed280000,0x00000000ed4f8078,0x00000000ed500000)
  to   space 2560K, 0% used [0x00000000ed000000,0x00000000ed000000,0x00000000ed280000)
 ParOldGen       total 62464K, used 45074K [0x00000000c4200000, 0x00000000c7f00000, 0x00000000ec100000)
  object space 62464K, 72% used [0x00000000c4200000,0x00000000c6e049f8,0x00000000c7f00000)
 Metaspace       used 18557K, capacity 19390K, committed 19584K, reserved 1067008K
  class space    used 2601K, capacity 2862K, committed 2944K, reserved 1048576K
Event: 277.100 GC heap after
Heap after GC invocations=6 (full 1):
 PSYoungGen      total 17920K, used 2534K [0x00000000ec100000, 0x00000000eee00000, 0x0000000100000000)
  eden space 15360K, 0% used [0x00000000ec100000,0x00000000ec100000,0x00000000ed000000)
  from space 2560K, 99% used [0x00000000ed000000,0x00000000ed279aa8,0x00000000ed280000)
  to   space 15360K, 0% used [0x00000000edf00000,0x00000000edf00000,0x00000000eee00000)
 ParOldGen       total 62464K, used 53389K [0x00000000c4200000, 0x00000000c7f00000, 0x00000000ec100000)
  object space 62464K, 85% used [0x00000000c4200000,0x00000000c7623620,0x00000000c7f00000)
 Metaspace       used 18557K, capacity 19390K, committed 19584K, reserved 1067008K
  class space    used 2601K, capacity 2862K, committed 2944K, reserved 1048576K
}
Event: 277.100 GC heap before
{Heap before GC invocations=7 (full 2):
 PSYoungGen      total 17920K, used 2534K [0x00000000ec100000, 0x00000000eee00000, 0x0000000100000000)
  eden space 15360K, 0% used [0x00000000ec100000,0x00000000ec100000,0x00000000ed000000)
  from space 2560K, 99% used [0x00000000ed000000,0x00000000ed279aa8,0x00000000ed280000)
  to   space 15360K, 0% used [0x00000000edf00000,0x00000000edf00000,0x00000000eee00000)
 ParOldGen       total 62464K, used 53389K [0x00000000c4200000, 0x00000000c7f00000, 0x00000000ec100000)
  object space 62464K, 85% used [0x00000000c4200000,0x00000000c7623620,0x00000000c7f00000)
 Metaspace       used 18557K, capacity 19390K, committed 19584K, reserved 1067008K
  class space    used 2601K, capacity 2862K, committed 2944K, reserved 1048576K
Event: 277.153 GC heap after
Heap after GC invocations=7 (full 2):
 PSYoungGen      total 17920K, used 0K [0x00000000ec100000, 0x00000000eee00000, 0x0000000100000000)
  eden space 15360K, 0% used [0x00000000ec100000,0x00000000ec100000,0x00000000ed000000)
  from space 2560K, 0% used [0x00000000ed000000,0x00000000ed000000,0x00000000ed280000)
  to   space 15360K, 0% used [0x00000000edf00000,0x00000000edf00000,0x00000000eee00000)
 ParOldGen       total 52736K, used 23666K [0x00000000c4200000, 0x00000000c7580000, 0x00000000ec100000)
  object space 52736K, 44% used [0x00000000c4200000,0x00000000c591c838,0x00000000c7580000)
 Metaspace       used 18557K, capacity 19390K, committed 19584K, reserved 1067008K
  class space    used 2601K, capacity 2862K, committed 2944K, reserved 1048576K
}
Event: 289.955 GC heap before
{Heap before GC invocations=8 (full 2):
 PSYoungGen      total 17920K, used 15360K [0x00000000ec100000, 0x00000000eee00000, 0x0000000100000000)
  eden space 15360K, 100% used [0x00000000ec100000,0x00000000ed000000,0x00000000ed000000)
  from space 2560K, 0% used [0x00000000ed000000,0x00000000ed000000,0x00000000ed280000)
  to   space 15360K, 0% used [0x00000000edf00000,0x00000000edf00000,0x00000000eee00000)
 ParOldGen       total 52736K, used 23666K [0x00000000c4200000, 0x00000000c7580000, 0x00000000ec100000)
  object space 52736K, 44% used [0x00000000c4200000,0x00000000c591c838,0x00000000c7580000)
 Metaspace       used 19594K, capacity 20496K, committed 20608K, reserved 1067008K
  class space    used 2701K, capacity 2941K, committed 2944K, reserved 1048576K
Event: 289.959 GC heap after
Heap after GC invocations=8 (full 2):
 PSYoungGen      total 30208K, used 800K [0x00000000ec100000, 0x00000000eef00000, 0x0000000100000000)
  eden space 14848K, 0% used [0x00000000ec100000,0x00000000ec100000,0x00000000ecf80000)
  from space 15360K, 5% used [0x00000000edf00000,0x00000000edfc8000,0x00000000eee00000)
  to   space 15872K, 0% used [0x00000000ecf80000,0x00000000ecf80000,0x00000000edf00000)
 ParOldGen       total 52736K, used 23674K [0x00000000c4200000, 0x00000000c7580000, 0x00000000ec100000)
  object space 52736K, 44% used [0x00000000c4200000,0x00000000c591e838,0x00000000c7580000)
 Metaspace       used 19594K, capacity 20496K, committed 20608K, reserved 1067008K
  class space    used 2701K, capacity 2941K, committed 2944K, reserved 1048576K
}
Event: 299.027 GC heap before
{Heap before GC invocations=9 (full 2):
 PSYoungGen      total 30208K, used 15648K [0x00000000ec100000, 0x00000000eef00000, 0x0000000100000000)
  eden space 14848K, 100% used [0x00000000ec100000,0x00000000ecf80000,0x00000000ecf80000)
  from space 15360K, 5% used [0x00000000edf00000,0x00000000edfc8000,0x00000000eee00000)
  to   space 15872K, 0% used [0x00000000ecf80000,0x00000000ecf80000,0x00000000edf00000)
 ParOldGen       total 52736K, used 23674K [0x00000000c4200000, 0x00000000c7580000, 0x00000000ec100000)
  object space 52736K, 44% used [0x00000000c4200000,0x00000000c591e838,0x00000000c7580000)
 Metaspace       used 19934K, capacity 20894K, committed 20992K, reserved 1067008K
  class space    used 2716K, capacity 2980K, committed 3072K, reserved 1048576K
Event: 299.033 GC heap after
Heap after GC invocations=9 (full 2):
 PSYoungGen      total 30720K, used 1408K [0x00000000ec100000, 0x00000000eee80000, 0x0000000100000000)
  eden space 14848K, 0% used [0x00000000ec100000,0x00000000ec100000,0x00000000ecf80000)
  from space 15872K, 8% used [0x00000000ecf80000,0x00000000ed0e0000,0x00000000edf00000)
  to   space 15872K, 0% used [0x00000000edf00000,0x00000000edf00000,0x00000000eee80000)
 ParOldGen       total 52736K, used 23682K [0x00000000c4200000, 0x00000000c7580000, 0x00000000ec100000)
  object space 52736K, 44% used [0x00000000c4200000,0x00000000c5920838,0x00000000c7580000)
 Metaspace       used 19934K, capacity 20894K, committed 20992K, reserved 1067008K
  class space    used 2716K, capacity 2980K, committed 3072K, reserved 1048576K
}

