# JRE version: Java(TM) SE Runtime Environment (8.0_171-b11) (build 1.8.0_171-b11)
# Java VM: Java HotSpot(TM) 64-Bit Server VM (25.171-b11 mixed mode linux-amd64 compressed oops)
Heap:
 PSYoungGen      total 42496K, used 19047K [0x00000000ec100000, 0x00000000f1600000, 0x0000000100000000)
  eden space 29696K, 21% used [0x00000000ec100000,0x00000000ec73b2e0,0x00000000ede00000)
  from space 12800K, 98% used [0x00000000f0980000,0x00000000f15dec18,0x00000000f1600000)
  to   space 16384K, 0% used [0x00000000ef600000,0x00000000ef600000,0x00000000f0600000)
 ParOldGen       total 65536K, used 34950K [0x00000000c4200000, 0x00000000c8200000, 0x00000000ec100000)
  object space 65536K, 53% used [0x00000000c4200000,0x00000000c64219c0,0x00000000c8200000)
 Metaspace       used 19938K, capacity 20898K, committed 20992K, reserved 1067008K
  class space    used 2715K, capacity 2982K, committed 3072K, reserved 1048576K
GC Heap History (10 events):
Event: 124.423 GC heap before
{Heap before GC invocations=5 (full 0):
 PSYoungGen      total 17920K, used 17888K [0x00000000ec100000, 0x00000000ee400000, 0x0000000100000000)
  eden space 15360K, 100% used [0x00000000ec100000,0x00000000ed000000,0x00000000ed000000)
  from space 2560K, 98% used [0x00000000ed280000,0x00000000ed4f8010,0x00000000ed500000)
  to   space 2560K, 0% used [0x00000000ed000000,0x00000000ed000000,0x00000000ed280000)
 ParOldGen       total 40960K, used 25659K [0x00000000c4200000, 0x00000000c6a00000, 0x00000000ec100000)
  object space 40960K, 62% used [0x00000000c4200000,0x00000000c5b0eec0,0x00000000c6a00000)
 Metaspace       used 17146K, capacity 17922K, committed 18048K, reserved 1064960K
  class space    used 2455K, capacity 2644K, committed 2688K, reserved 1048576K
Event: 124.432 GC heap after
Heap after GC invocations=5 (full 0):
 PSYoungGen      total 17920K, used 2544K [0x00000000ec100000, 0x00000000f0000000, 0x0000000100000000)
  eden space 15360K, 0% used [0x00000000ec100000,0x00000000ec100000,0x00000000ed000000)
  from space 2560K, 99% used [0x00000000ed000000,0x00000000ed27c038,0x00000000ed280000)
  to   space 16896K, 0% used [0x00000000eef80000,0x00000000eef80000,0x00000000f0000000)
 ParOldGen       total 40960K, used 33187K [0x00000000c4200000, 0x00000000c6a00000, 0x00000000ec100000)
  object space 40960K, 81% used [0x00000000c4200000,0x00000000c6268ca8,0x00000000c6a00000)
 Metaspace       used 17146K, capacity 17922K, committed 18048K, reserved 1064960K
  class space    used 2455K, capacity 2644K, committed 2688K, reserved 1048576K
}
Event: 124.432 GC heap before
{Heap before GC invocations=6 (full 1):
 PSYoungGen      total 17920K, used 2544K [0x00000000ec100000, 0x00000000f0000000, 0x0000000100000000)
  eden space 15360K, 0% used [0x00000000ec100000,0x00000000ec100000,0x00000000ed000000)
  from space 2560K, 99% used [0x00000000ed000000,0x00000000ed27c038,0x00000000ed280000)
  to   space 16896K, 0% used [0x00000000eef80000,0x00000000eef80000,0x00000000f0000000)
 ParOldGen       total 40960K, used 33187K [0x00000000c4200000, 0x00000000c6a00000, 0x00000000ec100000)
  object space 40960K, 81% used [0x00000000c4200000,0x00000000c6268ca8,0x00000000c6a00000)
 Metaspace       used 17146K, capacity 17922K, committed 18048K, reserved 1064960K
  class space    used 2455K, capacity 2644K, committed 2688K, reserved 1048576K
Event: 124.510 GC heap after
Heap after GC invocations=6 (full 1):
 PSYoungGen      total 17920K, used 0K [0x00000000ec100000, 0x00000000f0000000, 0x0000000100000000)
  eden space 15360K, 0% used [0x00000000ec100000,0x00000000ec100000,0x00000000ed000000)
  from space 2560K, 0% used [0x00000000ed000000,0x00000000ed000000,0x00000000ed280000)
  to   space 16896K, 0% used [0x00000000eef80000,0x00000000eef80000,0x00000000f0000000)
 ParOldGen       total 65536K, used 34926K [0x00000000c4200000, 0x00000000c8200000, 0x00000000ec100000)
  object space 65536K, 53% used [0x00000000c4200000,0x00000000c641b9c0,0x00000000c8200000)
 Metaspace       used 17146K, capacity 17922K, committed 18048K, reserved 1064960K
  class space    used 2455K, capacity 2644K, committed 2688K, reserved 1048576K
}
Event: 126.137 GC heap before
{Heap before GC invocations=7 (full 1):
 PSYoungGen      total 17920K, used 14683K [0x00000000ec100000, 0x00000000f0000000, 0x0000000100000000)
  eden space 15360K, 95% used [0x00000000ec100000,0x00000000ecf56d98,0x00000000ed000000)
  from space 2560K, 0% used [0x00000000ed000000,0x00000000ed000000,0x00000000ed280000)
  to   space 16896K, 0% used [0x00000000eef80000,0x00000000eef80000,0x00000000f0000000)
 ParOldGen       total 65536K, used 34926K [0x00000000c4200000, 0x00000000c8200000, 0x00000000ec100000)
  object space 65536K, 53% used [0x00000000c4200000,0x00000000c641b9c0,0x00000000c8200000)
 Metaspace       used 17497K, capacity 18246K, committed 18304K, reserved 1064960K
  class space    used 2472K, capacity 2657K, committed 2688K, reserved 1048576K
Event: 126.144 GC heap after
Heap after GC invocations=7 (full 1):
 PSYoungGen      total 44544K, used 8199K [0x00000000ec100000, 0x00000000efd80000, 0x0000000100000000)
  eden space 30208K, 0% used [0x00000000ec100000,0x00000000ec100000,0x00000000ede80000)
  from space 14336K, 57% used [0x00000000eef80000,0x00000000ef781e70,0x00000000efd80000)
  to   space 15872K, 0% used [0x00000000ede80000,0x00000000ede80000,0x00000000eee00000)
 ParOldGen       total 65536K, used 34934K [0x00000000c4200000, 0x00000000c8200000, 0x00000000ec100000)
  object space 65536K, 53% used [0x00000000c4200000,0x00000000c641d9c0,0x00000000c8200000)
 Metaspace       used 17497K, capacity 18246K, committed 18304K, reserved 1064960K
  class space    used 2472K, capacity 2657K, committed 2688K, reserved 1048576K
}
Event: 156.061 GC heap before
{Heap before GC invocations=8 (full 1):
 PSYoungGen      total 44544K, used 38407K [0x00000000ec100000, 0x00000000efd80000, 0x0000000100000000)
  eden space 30208K, 100% used [0x00000000ec100000,0x00000000ede80000,0x00000000ede80000)
  from space 14336K, 57% used [0x00000000eef80000,0x00000000ef781e70,0x00000000efd80000)
  to   space 15872K, 0% used [0x00000000ede80000,0x00000000ede80000,0x00000000eee00000)
 ParOldGen       total 65536K, used 34934K [0x00000000c4200000, 0x00000000c8200000, 0x00000000ec100000)
  object space 65536K, 53% used [0x00000000c4200000,0x00000000c641d9c0,0x00000000c8200000)
 Metaspace       used 19320K, capacity 20178K, committed 20352K, reserved 1067008K
  class space    used 2700K, capacity 2944K, committed 2944K, reserved 1048576K
Event: 156.069 GC heap after
Heap after GC invocations=8 (full 1):
 PSYoungGen      total 46080K, used 9992K [0x00000000ec100000, 0x00000000f1880000, 0x0000000100000000)
  eden space 30208K, 0% used [0x00000000ec100000,0x00000000ec100000,0x00000000ede80000)
  from space 15872K, 62% used [0x00000000ede80000,0x00000000ee842160,0x00000000eee00000)
  to   space 15360K, 0% used [0x00000000f0980000,0x00000000f0980000,0x00000000f1880000)
 ParOldGen       total 65536K, used 34942K [0x00000000c4200000, 0x00000000c8200000, 0x00000000ec100000)
  object space 65536K, 53% used [0x00000000c4200000,0x00000000c641f9c0,0x00000000c8200000)
 Metaspace       used 19320K, capacity 20178K, committed 20352K, reserved 1067008K
  class space    used 2700K, capacity 2944K, committed 2944K, reserved 1048576K
}
Event: 165.584 GC heap before
{Heap before GC invocations=9 (full 1):
 PSYoungGen      total 46080K, used 40200K [0x00000000ec100000, 0x00000000f1880000, 0x0000000100000000)
  eden space 30208K, 100% used [0x00000000ec100000,0x00000000ede80000,0x00000000ede80000)
  from space 15872K, 62% used [0x00000000ede80000,0x00000000ee842160,0x00000000eee00000)
  to   space 15360K, 0% used [0x00000000f0980000,0x00000000f0980000,0x00000000f1880000)
 ParOldGen       total 65536K, used 34942K [0x00000000c4200000, 0x00000000c8200000, 0x00000000ec100000)
  object space 65536K, 53% used [0x00000000c4200000,0x00000000c641f9c0,0x00000000c8200000)
 Metaspace       used 19849K, capacity 20764K, committed 20992K, reserved 1067008K
  class space    used 2715K, capacity 2981K, committed 3072K, reserved 1048576K
Event: 165.596 GC heap after
Heap after GC invocations=9 (full 1):
 PSYoungGen      total 42496K, used 12667K [0x00000000ec100000, 0x00000000f1600000, 0x0000000100000000)
  eden space 29696K, 0% used [0x00000000ec100000,0x00000000ec100000,0x00000000ede00000)
  from space 12800K, 98% used [0x00000000f0980000,0x00000000f15dec18,0x00000000f1600000)
  to   space 16384K, 0% used [0x00000000ef600000,0x00000000ef600000,0x00000000f0600000)
 ParOldGen       total 65536K, used 34950K [0x00000000c4200000, 0x00000000c8200000, 0x00000000ec100000)
  object space 65536K, 53% used [0x00000000c4200000,0x00000000c64219c0,0x00000000c8200000)
 Metaspace       used 19849K, capacity 20764K, committed 20992K, reserved 1067008K
  class space    used 2715K, capacity 2981K, committed 3072K, reserved 1048576K
}

