# JRE version: Java(TM) SE Runtime Environment (8.0_171-b11) (build 1.8.0_171-b11)
# Java VM: Java HotSpot(TM) 64-Bit Server VM (25.171-b11 mixed mode linux-amd64 compressed oops)
Heap:
 PSYoungGen      total 17920K, used 10930K [0x00000000ec100000, 0x00000000ed500000, 0x0000000100000000)
  eden space 15360K, 54% used [0x00000000ec100000,0x00000000ec931660,0x00000000ed000000)
  from space 2560K, 99% used [0x00000000ed280000,0x00000000ed4fb4a0,0x00000000ed500000)
  to   space 2560K, 0% used [0x00000000ed000000,0x00000000ed000000,0x00000000ed280000)
 ParOldGen       total 40960K, used 10827K [0x00000000c4200000, 0x00000000c6a00000, 0x00000000ec100000)
  object space 40960K, 26% used [0x00000000c4200000,0x00000000c4c92da8,0x00000000c6a00000)
 Metaspace       used 16131K, capacity 16696K, committed 16768K, reserved 1062912K
  class space    used 2203K, capacity 2376K, committed 2432K, reserved 1048576K
GC Heap History (8 events):
Event: 5.406 GC heap before
{Heap before GC invocations=1 (full 0):
 PSYoungGen      total 17920K, used 15360K [0x00000000ec100000, 0x00000000ed500000, 0x0000000100000000)
  eden space 15360K, 100% used [0x00000000ec100000,0x00000000ed000000,0x00000000ed000000)
  from space 2560K, 0% used [0x00000000ed280000,0x00000000ed280000,0x00000000ed500000)
  to   space 2560K, 0% used [0x00000000ed000000,0x00000000ed000000,0x00000000ed280000)
 ParOldGen       total 40960K, used 7809K [0x00000000c4200000, 0x00000000c6a00000, 0x00000000ec100000)
  object space 40960K, 19% used [0x00000000c4200000,0x00000000c49a0428,0x00000000c6a00000)
 Metaspace       used 10495K, capacity 10812K, committed 10880K, reserved 1058816K
  class space    used 1305K, capacity 1402K, committed 1408K, reserved 1048576K
Event: 5.410 GC heap after
Heap after GC invocations=1 (full 0):
 PSYoungGen      total 17920K, used 2288K [0x00000000ec100000, 0x00000000ed500000, 0x0000000100000000)
  eden space 15360K, 0% used [0x00000000ec100000,0x00000000ec100000,0x00000000ed000000)
  from space 2560K, 89% used [0x00000000ed000000,0x00000000ed23c050,0x00000000ed280000)
  to   space 2560K, 0% used [0x00000000ed280000,0x00000000ed280000,0x00000000ed500000)
 ParOldGen       total 40960K, used 7881K [0x00000000c4200000, 0x00000000c6a00000, 0x00000000ec100000)
  object space 40960K, 19% used [0x00000000c4200000,0x00000000c49b2438,0x00000000c6a00000)
 Metaspace       used 10495K, capacity 10812K, committed 10880K, reserved 1058816K
  class space    used 1305K, capacity 1402K, committed 1408K, reserved 1048576K
}
Event: 7.978 GC heap before
{Heap before GC invocations=2 (full 0):
 PSYoungGen      total 17920K, used 17648K [0x00000000ec100000, 0x00000000ed500000, 0x0000000100000000)
  eden space 15360K, 100% used [0x00000000ec100000,0x00000000ed000000,0x00000000ed000000)
  from space 2560K, 89% used [0x00000000ed000000,0x00000000ed23c050,0x00000000ed280000)
  to   space 2560K, 0% used [0x00000000ed280000,0x00000000ed280000,0x00000000ed500000)
 ParOldGen       total 40960K, used 7881K [0x00000000c4200000, 0x00000000c6a00000, 0x00000000ec100000)
  object space 40960K, 19% used [0x00000000c4200000,0x00000000c49b2438,0x00000000c6a00000)
 Metaspace       used 14848K, capacity 15304K, committed 15616K, reserved 1062912K
  class space    used 2051K, capacity 2202K, committed 2304K, reserved 1048576K
Event: 7.985 GC heap after
Heap after GC invocations=2 (full 0):
 PSYoungGen      total 17920K, used 2557K [0x00000000ec100000, 0x00000000ed500000, 0x0000000100000000)
  eden space 15360K, 0% used [0x00000000ec100000,0x00000000ec100000,0x00000000ed000000)
  from space 2560K, 99% used [0x00000000ed280000,0x00000000ed4ff4b0,0x00000000ed500000)
  to   space 2560K, 0% used [0x00000000ed000000,0x00000000ed000000,0x00000000ed280000)
 ParOldGen       total 40960K, used 10555K [0x00000000c4200000, 0x00000000c6a00000, 0x00000000ec100000)
  object space 40960K, 25% used [0x00000000c4200000,0x00000000c4c4ed98,0x00000000c6a00000)
 Metaspace       used 14848K, capacity 15304K, committed 15616K, reserved 1062912K
  class space    used 2051K, capacity 2202K, committed 2304K, reserved 1048576K
}
Event: 9.635 GC heap before
{Heap before GC invocations=3 (full 0):
 PSYoungGen      total 17920K, used 17917K [0x00000000ec100000, 0x00000000ed500000, 0x0000000100000000)
  eden space 15360K, 100% used [0x00000000ec100000,0x00000000ed000000,0x00000000ed000000)
  from space 2560K, 99% used [0x00000000ed280000,0x00000000ed4ff4b0,0x00000000ed500000)
  to   space 2560K, 0% used [0x00000000ed000000,0x00000000ed000000,0x00000000ed280000)
 ParOldGen       total 40960K, used 10555K [0x00000000c4200000, 0x00000000c6a00000, 0x00000000ec100000)
  object space 40960K, 25% used [0x00000000c4200000,0x00000000c4c4ed98,0x00000000c6a00000)
 Metaspace       used 15552K, capacity 16158K, committed 16384K, reserved 1062912K
  class space    used 2142K, capacity 2303K, committed 2304K, reserved 1048576K
Event: 9.641 GC heap after
Heap after GC invocations=3 (full 0):
 PSYoungGen      total 17920K, used 2541K [0x00000000ec100000, 0x00000000ed500000, 0x0000000100000000)
  eden space 15360K, 0% used [0x00000000ec100000,0x00000000ec100000,0x00000000ed000000)
  from space 2560K, 99% used [0x00000000ed000000,0x00000000ed27b4a0,0x00000000ed280000)
  to   space 2560K, 0% used [0x00000000ed280000,0x00000000ed280000,0x00000000ed500000)
 ParOldGen       total 40960K, used 10787K [0x00000000c4200000, 0x00000000c6a00000, 0x00000000ec100000)
  object space 40960K, 26% used [0x00000000c4200000,0x00000000c4c88da8,0x00000000c6a00000)
 Metaspace       used 15552K, capacity 16158K, committed 16384K, reserved 1062912K
  class space    used 2142K, capacity 2303K, committed 2304K, reserved 1048576K
}
Event: 11.449 GC heap before
{Heap before GC invocations=4 (full 0):
 PSYoungGen      total 17920K, used 17901K [0x00000000ec100000, 0x00000000ed500000, 0x0000000100000000)
  eden space 15360K, 100% used [0x00000000ec100000,0x00000000ed000000,0x00000000ed000000)
  from space 2560K, 99% used [0x00000000ed000000,0x00000000ed27b4a0,0x00000000ed280000)
  to   space 2560K, 0% used [0x00000000ed280000,0x00000000ed280000,0x00000000ed500000)
 ParOldGen       total 40960K, used 10787K [0x00000000c4200000, 0x00000000c6a00000, 0x00000000ec100000)
  object space 40960K, 26% used [0x00000000c4200000,0x00000000c4c88da8,0x00000000c6a00000)
 Metaspace       used 15759K, capacity 16350K, committed 16384K, reserved 1062912K
  class space    used 2142K, capacity 2303K, committed 2304K, reserved 1048576K
Event: 11.453 GC heap after
Heap after GC invocations=4 (full 0):
 PSYoungGen      total 17920K, used 2541K [0x00000000ec100000, 0x00000000ed500000, 0x0000000100000000)
  eden space 15360K, 0% used [0x00000000ec100000,0x00000000ec100000,0x00000000ed000000)
  from space 2560K, 99% used [0x00000000ed280000,0x00000000ed4fb4a0,0x00000000ed500000)
  to   space 2560K, 0% used [0x00000000ed000000,0x00000000ed000000,0x00000000ed280000)
 ParOldGen       total 40960K, used 10827K [0x00000000c4200000, 0x00000000c6a00000, 0x00000000ec100000)
  object space 40960K, 26% used [0x00000000c4200000,0x00000000c4c92da8,0x00000000c6a00000)
 Metaspace       used 15759K, capacity 16350K, committed 16384K, reserved 1062912K
  class space    used 2142K, capacity 2303K, committed 2304K, reserved 1048576K
}

